Log file open, 04/09/23 21:19:49
LogWindows: Failed to load 'aqProf.dll' (GetLastError=126)
LogWindows: File 'aqProf.dll' does not exist
LogWindows: Failed to load 'VSPerf140.dll' (GetLastError=126)
LogWindows: File 'VSPerf140.dll' does not exist
LogWindows: Failed to load 'VtuneApi.dll' (GetLastError=126)
LogWindows: File 'VtuneApi.dll' does not exist
LogWindows: Failed to load 'VtuneApi32e.dll' (GetLastError=126)
LogWindows: File 'VtuneApi32e.dll' does not exist
LogInit: Display: Running engine for game: CrystalCavern
LogPlatformFile: Not using cached read wrapper
LogTaskGraph: Started task graph with 5 named threads and 35 total threads with 3 sets of task threads.
LogStats: Stats thread started at 0.528261
LogD3D11RHI: Loaded GFSDK_Aftermath_Lib.x64.dll
LogICUInternationalization: Display: ICU TimeZone Detection - Raw Offset: -5:00, Platform Override: ''
LogPluginManager: Mounting plugin Paper2D
LogPluginManager: Mounting plugin AISupport
LogPluginManager: Mounting plugin LightPropagationVolume
LogPluginManager: Mounting plugin CLionSourceCodeAccess
LogPluginManager: Mounting plugin CodeLiteSourceCodeAccess
LogPluginManager: Mounting plugin GitSourceControl
LogPluginManager: Mounting plugin KDevelopSourceCodeAccess
LogPluginManager: Mounting plugin NullSourceCodeAccess
LogPluginManager: Mounting plugin PerforceSourceControl
LogPluginManager: Mounting plugin SubversionSourceControl
LogPluginManager: Mounting plugin UObjectPlugin
LogPluginManager: Mounting plugin VisualStudioCodeSourceCodeAccess
LogPluginManager: Mounting plugin VisualStudioSourceCodeAccess
LogPluginManager: Mounting plugin XCodeSourceCodeAccess
LogPluginManager: Mounting plugin AssetManagerEditor
LogPluginManager: Mounting plugin CryptoKeys
LogPluginManager: Mounting plugin DataValidation
LogPluginManager: Mounting plugin FacialAnimation
LogPluginManager: Mounting plugin GameplayTagsEditor
LogPluginManager: Mounting plugin MacGraphicsSwitching
LogPluginManager: Mounting plugin MeshEditor
LogPluginManager: Mounting plugin MobileLauncherProfileWizard
LogPluginManager: Mounting plugin PluginBrowser
LogPluginManager: Mounting plugin SpeedTreeImporter
LogPluginManager: Mounting plugin DatasmithContent
LogPluginManager: Mounting plugin AlembicImporter
LogPluginManager: Mounting plugin AppleImageUtils
LogPluginManager: Mounting plugin AppleVision
LogPluginManager: Mounting plugin BackChannel
LogPluginManager: Mounting plugin CharacterAI
LogPluginManager: Mounting plugin GeometryCache
LogPluginManager: Mounting plugin HTML5Networking
LogPluginManager: Mounting plugin ProxyLODPlugin
LogPluginManager: Mounting plugin MagicLeap
LogPluginManager: Mounting plugin MagicLeapEmulator
LogPluginManager: Mounting plugin MagicLeapMedia
LogPluginManager: Mounting plugin AndroidMedia
LogPluginManager: Mounting plugin AvfMedia
LogPluginManager: Mounting plugin ImgMedia
LogPluginManager: Mounting plugin LinearTimecode
LogPluginManager: Mounting plugin MediaCompositing
LogPluginManager: Mounting plugin MediaPlayerEditor
LogPluginManager: Mounting plugin WmfMedia
LogPluginManager: Mounting plugin TcpMessaging
LogPluginManager: Mounting plugin UdpMessaging
LogPluginManager: Mounting plugin ActorSequence
LogPluginManager: Mounting plugin LevelSequenceEditor
LogPluginManager: Mounting plugin MatineeToLevelSequence
LogPluginManager: Mounting plugin NetcodeUnitTest
LogPluginManager: Mounting plugin NUTUnrealEngine4
LogPluginManager: Mounting plugin OnlineSubsystemGooglePlay
LogPluginManager: Mounting plugin OnlineSubsystemIOS
LogPluginManager: Mounting plugin OnlineSubsystem
LogPluginManager: Mounting plugin OnlineSubsystemNull
LogPluginManager: Mounting plugin OnlineSubsystemUtils
LogPluginManager: Mounting plugin LauncherChunkInstaller
LogPluginManager: Mounting plugin AndroidDeviceProfileSelector
LogPluginManager: Mounting plugin AndroidMoviePlayer
LogPluginManager: Mounting plugin AndroidPermission
LogPluginManager: Mounting plugin AppleMoviePlayer
LogPluginManager: Mounting plugin ArchVisCharacter
LogPluginManager: Mounting plugin AudioCapture
LogPluginManager: Mounting plugin CableComponent
LogPluginManager: Mounting plugin CustomMeshComponent
LogPluginManager: Mounting plugin EditableMesh
LogPluginManager: Mounting plugin ExampleDeviceProfileSelector
LogPluginManager: Mounting plugin GoogleCloudMessaging
LogPluginManager: Mounting plugin ImmediatePhysics
LogPluginManager: Mounting plugin IOSDeviceProfileSelector
LogPluginManager: Mounting plugin LinuxDeviceProfileSelector
LogPluginManager: Mounting plugin LocationServicesBPLibrary
LogPluginManager: Mounting plugin MobilePatchingUtils
LogPluginManager: Mounting plugin OculusVR
LogPluginManager: Plugin shader directory ../../../Engine/Plugins/Runtime/Oculus/OculusVR/Shaders found
LogPluginManager: Mapping shader source directory ../../../Engine/Plugins/Runtime/Oculus/OculusVR/Shaders to virtual directory /Plugin/OculusVR
LogPluginManager: Mounting plugin PhysXVehicles
LogPluginManager: Mounting plugin ProceduralMeshComponent
LogPluginManager: Mounting plugin RuntimePhysXCooking
LogPluginManager: Mounting plugin SteamVR
LogPluginManager: Mounting plugin WindowsMoviePlayer
LogStreaming: Display: Took  0.093s to configure plugins.
LogInit: Using libcurl 7.55.1-DEV
LogInit:  - built for x86_64-pc-win32
LogInit:  - supports SSL with OpenSSL/1.0.2h
LogInit:  - supports HTTP deflate (compression) using libz 1.2.8
LogInit:  - other features:
LogInit:      CURL_VERSION_SSL
LogInit:      CURL_VERSION_LIBZ
LogInit:      CURL_VERSION_IPV6
LogInit:      CURL_VERSION_ASYNCHDNS
LogInit:      CURL_VERSION_LARGEFILE
LogInit:      CURL_VERSION_IDN
LogInit:  CurlRequestOptions (configurable via config and command line):
LogInit:  - bVerifyPeer = false  - Libcurl will NOT verify peer certificate
LogInit:  - bUseHttpProxy = false  - Libcurl will NOT use HTTP proxy
LogInit:  - bDontReuseConnections = false  - Libcurl will reuse connections
LogInit:  - CertBundlePath = nullptr  - Libcurl will use whatever was configured at build time.
LogInit:  - MaxHostConnections = 16  - Libcurl will limit the number of connections to a host
LogInit:  - LocalHostAddr = Default
LogInit:  - BufferSize = 65536
LogInit: WinSock: version 1.1 (2.2), MaxSocks=32767, MaxUdp=65467
LogInit: Build: ++UE4+Release-4.20-CL-4369336
LogInit: Engine Version: 4.20.3-4369336+++UE4+Release-4.20
LogInit: Compatible Engine Version: 4.20.0-4212847+++UE4+Release-4.20
LogInit: Net CL: 4212847
LogInit: OS: Windows 10 (), CPU: AMD Ryzen 5 5600X 6-Core Processor             , GPU: NVIDIA GeForce RTX 3060
LogInit: Compiled (64-bit): Sep 17 2018 12:26:19
LogInit: Compiled with Visual C++: 19.13.26129.00
LogInit: Build Configuration: Development
LogInit: Branch Name: ++UE4+Release-4.20
LogInit: Command Line: 
LogInit: Base Directory: C:/Program Files/Epic Games/UE_4.20/Engine/Binaries/Win64/
LogInit: Installed Engine Build: 1
LogDevObjectVersion: Number of dev versions registered: 20
LogDevObjectVersion:   Dev-Blueprints (B0D832E4-1F89-4F0D-ACCF-7EB736FD4AA2): 10
LogDevObjectVersion:   Dev-Build (E1C64328-A22C-4D53-A36C-8E866417BD8C): 0
LogDevObjectVersion:   Dev-Core (375EC13C-06E4-48FB-B500-84F0262A717E): 2
LogDevObjectVersion:   Dev-Editor (E4B068ED-F494-42E9-A231-DA0B2E46BB41): 24
LogDevObjectVersion:   Dev-Framework (CFFC743F-43B0-4480-9391-14DF171D2073): 34
LogDevObjectVersion:   Dev-Mobile (B02B49B5-BB20-44E9-A304-32B752E40360): 2
LogDevObjectVersion:   Dev-Networking (A4E4105C-59A1-49B5-A7C5-40C4547EDFEE): 0
LogDevObjectVersion:   Dev-Online (39C831C9-5AE6-47DC-9A44-9C173E1C8E7C): 0
LogDevObjectVersion:   Dev-Physics (78F01B33-EBEA-4F98-B9B4-84EACCB95AA2): 0
LogDevObjectVersion:   Dev-Platform (6631380F-2D4D-43E0-8009-CF276956A95A): 0
LogDevObjectVersion:   Dev-Rendering (12F88B9F-8875-4AFC-A67C-D90C383ABD29): 26
LogDevObjectVersion:   Dev-Sequencer (7B5AE74C-D270-4C10-A958-57980B212A5A): 9
LogDevObjectVersion:   Dev-VR (D7296918-1DD6-4BDD-9DE2-64A83CC13884): 2
LogDevObjectVersion:   Dev-LoadTimes (C2A15278-BFE7-4AFE-6C17-90FF531DF755): 1
LogDevObjectVersion:   Private-Geometry (6EACA3D4-40EC-4CC1-B786-8BED09428FC5): 3
LogDevObjectVersion:   Dev-AnimPhys (29E575DD-E0A3-4627-9D10-D276232CDCEA): 17
LogDevObjectVersion:   Dev-ReflectionCapture (6B266CEC-1EC7-4B8F-A30B-E4D90942FC07): 1
LogDevObjectVersion:   Dev-Automation (0DF73D61-A23F-47EA-B727-89E90C41499A): 1
LogDevObjectVersion:   FortniteMain (601D1886-AC64-4F84-AA16-D3DE0DEAC7D6): 12
LogDevObjectVersion:   Dev-Enterprise (9DFFBCD6-494F-0158-E221-12823C92A888): 1
LogStreaming: Display: Took  0.000s to delete old logs.
LogInit: Presizing for max 8388607 objects, including 0 objects not considered by GC, pre-allocating 0 bytes for permanent pool.
LogInit: Object subsystem initialized
[2023.04.10-01.19.50:087][  0]LogInit: Selected Device Profile: [Windows]
[2023.04.10-01.19.50:087][  0]LogInit: Applying CVar settings loaded from the selected device profile: [Windows]
[2023.04.10-01.19.50:093][  0]LogHAL: Display: Platform has ~ 32 GB [34273423360 / 34359738368 / 32], which maps to Largest [LargestMinGB=32, LargerMinGB=12, DefaultMinGB=8, SmallerMinGB=6, SmallestMinGB=0)
[2023.04.10-01.19.50:093][  0]LogInit: Setting Device Profile CVar: [[r.Vulkan.UseRealUBs:1]]
[2023.04.10-01.19.50:093][  0]LogInit: Going up to parent DeviceProfile []
[2023.04.10-01.19.50:093][  0]LogInit: Computer: DESKTOP-U1RK44O
[2023.04.10-01.19.50:093][  0]LogInit: User: dcalt
[2023.04.10-01.19.50:093][  0]LogInit: CPU Page size=4096, Cores=6
[2023.04.10-01.19.50:093][  0]LogInit: High frequency timer resolution =10.000000 MHz
[2023.04.10-01.19.50:093][  0]LogMemory: Memory total: Physical=31.9GB (32GB approx)
[2023.04.10-01.19.50:093][  0]LogMemory: Platform Memory Stats for Windows
[2023.04.10-01.19.50:093][  0]LogMemory: Process Physical Memory: 102.82 MB used, 102.83 MB peak
[2023.04.10-01.19.50:093][  0]LogMemory: Process Virtual Memory: 86.00 MB used, 86.00 MB peak
[2023.04.10-01.19.50:093][  0]LogMemory: Physical Memory: 14022.86 MB used,  18662.83 MB free, 32685.68 MB total
[2023.04.10-01.19.50:093][  0]LogMemory: Virtual Memory: 4641.39 MB used,  18662.83 MB free, 134217728.00 MB total
[2023.04.10-01.19.50:115][  0]LogInit: Using OS detected language (en-US).
[2023.04.10-01.19.50:115][  0]LogInit: Using OS detected locale (en-US).
[2023.04.10-01.19.50:116][  0]LogTextLocalizationManager: No specific localization for 'en-US' exists, so the 'en' localization will be used.
[2023.04.10-01.19.50:362][  0]LogStreaming: Display: Took  0.247s to InitEngineTextLocalization.
[2023.04.10-01.19.50:362][  0]LogInit: Setting process to per monitor DPI aware
[2023.04.10-01.19.50:384][  0]LogSlate: New Slate User Created.  User Index 0, Is Virtual User: 0
[2023.04.10-01.19.50:384][  0]LogSlate: Slate User Registered.  User Index 0, Is Virtual User: 0
[2023.04.10-01.19.50:530][  0]LogHMD: Failed to initialize OpenVR with code 110
[2023.04.10-01.19.50:530][  0]LogD3D11RHI: D3D11 adapters:
[2023.04.10-01.19.50:618][  0]LogD3D11RHI:    0. 'NVIDIA GeForce RTX 3060' (Feature Level 11_0)
[2023.04.10-01.19.50:618][  0]LogD3D11RHI:       12129/0/16342 MB DedicatedVideo/DedicatedSystem/SharedSystem, Outputs:2, VendorId:0x10de
[2023.04.10-01.19.50:620][  0]LogD3D11RHI:    1. 'Microsoft Basic Render Driver' (Feature Level 11_0)
[2023.04.10-01.19.50:620][  0]LogD3D11RHI:       0/0/16342 MB DedicatedVideo/DedicatedSystem/SharedSystem, Outputs:0, VendorId:0x1414
[2023.04.10-01.19.50:620][  0]LogD3D11RHI: Chosen D3D11 Adapter: 0
[2023.04.10-01.19.50:626][  0]LogD3D11RHI: Creating new Direct3DDevice
[2023.04.10-01.19.50:626][  0]LogD3D11RHI:     GPU DeviceId: 0x2504 (for the marketing name, search the web for "GPU Device Id")
[2023.04.10-01.19.50:626][  0]LogWindows: EnumDisplayDevices:
[2023.04.10-01.19.50:626][  0]LogWindows:    0. 'NVIDIA GeForce RTX 3060' (P:1 D:1)
[2023.04.10-01.19.50:626][  0]LogWindows:    1. 'NVIDIA GeForce RTX 3060' (P:0 D:1)
[2023.04.10-01.19.50:627][  0]LogWindows:    2. 'NVIDIA GeForce RTX 3060' (P:0 D:0)
[2023.04.10-01.19.50:627][  0]LogWindows:    3. 'NVIDIA GeForce RTX 3060' (P:0 D:0)
[2023.04.10-01.19.50:627][  0]LogWindows: DebugString: FoundDriverCount:4 
[2023.04.10-01.19.50:627][  0]LogD3D11RHI:     Adapter Name: NVIDIA GeForce RTX 3060
[2023.04.10-01.19.50:627][  0]LogD3D11RHI:   Driver Version: 526.98 (internal:31.0.15.2698, unified:526.98)
[2023.04.10-01.19.50:627][  0]LogD3D11RHI:      Driver Date: 11-13-2022
[2023.04.10-01.19.50:627][  0]LogRHI: Texture pool is 8490 MB (70% of 12129 MB)
[2023.04.10-01.19.50:688][  0]LogD3D11RHI: Async texture creation enabled
[2023.04.10-01.19.50:700][  0]LogD3D11RHI: GPU Timing Frequency: 1000.000000 (Debug: 2 1)
[2023.04.10-01.19.50:702][  0]LogShaderCompilers: Guid format shader working directory is 7 characters bigger than the processId version (../../../../../../GameDev/CrystalCavern/Intermediate/Shaders/WorkingDirectory/7008/).
[2023.04.10-01.19.50:702][  0]LogShaderCompilers: Cleaned the shader compiler working directory 'C:/Users/dcalt/AppData/Local/Temp/UnrealShaderWorkingDir/DBE5CA44425A62CACA3632BCAB76F83E/'.
[2023.04.10-01.19.50:869][  0]LogTemp: Display: Loaded TP AllDesktopTargetPlatform
[2023.04.10-01.19.50:877][  0]LogTemp: Display: Loaded TP MacClientTargetPlatform
[2023.04.10-01.19.50:885][  0]LogTemp: Display: Loaded TP MacNoEditorTargetPlatform
[2023.04.10-01.19.50:892][  0]LogTemp: Display: Loaded TP MacServerTargetPlatform
[2023.04.10-01.19.50:900][  0]LogTemp: Display: Loaded TP MacTargetPlatform
[2023.04.10-01.19.50:908][  0]LogTemp: Display: Loaded TP WindowsClientTargetPlatform
[2023.04.10-01.19.50:917][  0]LogTemp: Display: Loaded TP WindowsNoEditorTargetPlatform
[2023.04.10-01.19.50:925][  0]LogTemp: Display: Loaded TP WindowsServerTargetPlatform
[2023.04.10-01.19.50:928][  0]LogTemp: Display: Loaded TP WindowsTargetPlatform
[2023.04.10-01.19.50:974][  0]LogTemp: Display: Loaded TP AndroidTargetPlatform
[2023.04.10-01.19.50:974][  0]LogTemp: Display: Loaded TP AndroidTargetPlatform
[2023.04.10-01.19.50:974][  0]LogTemp: Display: Loaded TP AndroidTargetPlatform
[2023.04.10-01.19.50:974][  0]LogTemp: Display: Loaded TP AndroidTargetPlatform
[2023.04.10-01.19.50:974][  0]LogTemp: Display: Loaded TP AndroidTargetPlatform
[2023.04.10-01.19.50:974][  0]LogTemp: Display: Loaded TP AndroidTargetPlatform
[2023.04.10-01.19.50:974][  0]LogTemp: Display: Loaded TP AndroidTargetPlatform
[2023.04.10-01.19.50:974][  0]LogTemp: Display: Loaded TP AndroidTargetPlatform
[2023.04.10-01.19.50:974][  0]LogTemp: Display: Loaded TP AndroidTargetPlatform
[2023.04.10-01.19.50:974][  0]LogTemp: Display: Loaded TP AndroidTargetPlatform
[2023.04.10-01.19.50:974][  0]LogTemp: Display: Loaded TP AndroidTargetPlatform
[2023.04.10-01.19.50:974][  0]LogTemp: Display: Loaded TP AndroidTargetPlatform
[2023.04.10-01.19.50:974][  0]LogTemp: Display: Loaded TP AndroidTargetPlatform
[2023.04.10-01.19.50:974][  0]LogTemp: Display: Loaded TP AndroidTargetPlatform
[2023.04.10-01.19.50:974][  0]LogTemp: Display: Loaded TP AndroidTargetPlatform
[2023.04.10-01.19.50:974][  0]LogTemp: Display: Loaded TP AndroidTargetPlatform
[2023.04.10-01.19.50:974][  0]LogTemp: Display: Loaded TP AndroidTargetPlatform
[2023.04.10-01.19.50:974][  0]LogTemp: Display: Loaded TP AndroidTargetPlatform
[2023.04.10-01.19.50:975][  0]LogTemp: Display: Loaded TP HTML5TargetPlatform
[2023.04.10-01.19.51:024][  0]LogTemp: Display: Loaded TP IOSTargetPlatform
[2023.04.10-01.19.51:024][  0]LogTemp: Display: Loaded TP IOSTargetPlatform
[2023.04.10-01.19.51:038][  0]LogTemp: Display: Loaded TP TVOSTargetPlatform
[2023.04.10-01.19.51:038][  0]LogTemp: Display: Loaded TP TVOSTargetPlatform
[2023.04.10-01.19.51:046][  0]LogTemp: Display: Loaded TP LinuxClientTargetPlatform
[2023.04.10-01.19.51:053][  0]LogTemp: Display: Loaded TP LinuxNoEditorTargetPlatform
[2023.04.10-01.19.51:060][  0]LogTemp: Display: Loaded TP LinuxServerTargetPlatform
[2023.04.10-01.19.51:068][  0]LogTemp: Display: Loaded TP LinuxTargetPlatform
[2023.04.10-01.19.51:073][  0]LogTemp: Display: Loaded TP LuminTargetPlatform
[2023.04.10-01.19.51:074][  0]LogTargetPlatformManager: Display: Building Assets For Windows
[2023.04.10-01.19.51:109][  0]LogXGEController: Cannot use XGE Controller as Incredibuild is not installed on this machine.
[2023.04.10-01.19.51:110][  0]LogShaderCompilers: Cannot use XGE Shader Compiler as Incredibuild is not installed on this machine.
[2023.04.10-01.19.51:110][  0]LogShaderCompilers: Display: Using Local Shader Compiler.
[2023.04.10-01.19.51:654][  0]LogDerivedDataCache: Display: Max Cache Size: 512 MB
[2023.04.10-01.19.51:685][  0]LogDerivedDataCache: Loaded boot cache 0.03s 71MB C:/Users/dcalt/AppData/Local/UnrealEngine/4.20/DerivedDataCache/Boot.ddc.
[2023.04.10-01.19.51:685][  0]LogDerivedDataCache: Display: Loaded Boot cache: C:/Users/dcalt/AppData/Local/UnrealEngine/4.20/DerivedDataCache/Boot.ddc
[2023.04.10-01.19.51:685][  0]LogDerivedDataCache: FDerivedDataBackendGraph:  Pak pak cache file ../../../../../../GameDev/CrystalCavern/DerivedDataCache/DDC.ddp not found, will not use a pak cache.
[2023.04.10-01.19.51:685][  0]LogDerivedDataCache: Unable to find inner node Pak for hierarchical cache Hierarchy.
[2023.04.10-01.19.51:686][  0]LogDerivedDataCache: FDerivedDataBackendGraph:  CompressedPak pak cache file ../../../../../../GameDev/CrystalCavern/DerivedDataCache/Compressed.ddp not found, will not use a pak cache.
[2023.04.10-01.19.51:686][  0]LogDerivedDataCache: Unable to find inner node CompressedPak for hierarchical cache Hierarchy.
[2023.04.10-01.19.51:695][  0]LogDerivedDataCache: Display: Pak cache opened for reading ../../../Engine/DerivedDataCache/Compressed.ddp.
[2023.04.10-01.19.51:706][  0]LogDerivedDataCache: Using Local data cache path C:/Users/dcalt/AppData/Local/UnrealEngine/Common/DerivedDataCache: Writable
[2023.04.10-01.19.51:706][  0]LogDerivedDataCache: Shared data cache path not found in *engine.ini, will not use an Shared cache.
[2023.04.10-01.19.51:706][  0]LogDerivedDataCache: Unable to find inner node Shared for hierarchical cache Hierarchy.
[2023.04.10-01.19.51:717][  0]LogMaterial: Verifying Global Shaders for PCD3D_SM5
[2023.04.10-01.19.51:718][  0]LogSlate: Using FreeType 2.6.0
[2023.04.10-01.19.51:719][  0]LogSlate: SlateFontServices - WITH_FREETYPE: 1, WITH_HARFBUZZ: 1
[2023.04.10-01.19.51:776][  0]LogAssetRegistry: FAssetRegistry took 0.0247 seconds to start up
[2023.04.10-01.19.51:972][  0]LogInit: Selected Device Profile: [Windows]
[2023.04.10-01.19.52:051][  0]LogSimplygon: Simplygon DLL not present - disabling.
[2023.04.10-01.19.52:053][  0]LogMeshReduction: Using SimplygonSwarm for distributed automatic mesh merging
[2023.04.10-01.19.52:053][  0]LogMeshReduction: Using ProxyLODMeshReduction for automatic mesh merging
[2023.04.10-01.19.52:053][  0]LogMeshReduction: Using QuadricMeshReduction for automatic static mesh reduction
[2023.04.10-01.19.52:053][  0]LogMeshReduction: No automatic skeletal mesh reduction module available
[2023.04.10-01.19.52:065][  0]LogNetVersion: CrystalCavern 1.0.0, NetCL: 4212847, EngineNetVer: 5, GameNetVer: 0 (Checksum: 1954901415)
[2023.04.10-01.19.52:367][  0]LogPackageLocalizationCache: Processed 11 localized package path(s) for 2 prioritized culture(s) in 0.051498 seconds
[2023.04.10-01.19.52:371][  0]LogUObjectArray: 38425 objects as part of root set at end of initial load.
[2023.04.10-01.19.52:371][  0]LogUObjectAllocator: 6690864 out of 0 bytes used by permanent object pool.
[2023.04.10-01.19.52:371][  0]LogUObjectArray: CloseDisregardForGC: 0/0 objects in disregard for GC pool
[2023.04.10-01.19.52:933][  0]LogTcpMessaging: Initializing TcpMessaging bridge
[2023.04.10-01.19.52:946][  0]LogUdpMessaging: Initializing bridge on interface 0.0.0.0:0 to multicast group 230.0.0.1:6666.
[2023.04.10-01.19.53:054][  0]SourceControl: Source control is disabled
[2023.04.10-01.19.53:054][  0]SourceControl: Source control is disabled
[2023.04.10-01.19.53:055][  0]SourceControl: Source control is disabled
[2023.04.10-01.19.53:055][  0]SourceControl: Source control is disabled
[2023.04.10-01.19.53:183][  0]LogAndroidPermission: UAndroidPermissionCallbackProxy::GetInstance
[2023.04.10-01.19.53:221][  0]LogOcInput: OculusInput pre-init called
[2023.04.10-01.19.53:264][  0]LogEngine: Initializing Engine...
[2023.04.10-01.19.53:265][  0]LogHMD: Failed to initialize OpenVR with code 110
[2023.04.10-01.19.53:266][  0]LogStats: UGameplayTagsManager::ConstructGameplayTagTree: ImportINI prefixes -  0.000 s
[2023.04.10-01.19.53:266][  0]LogStats: UGameplayTagsManager::ConstructGameplayTagTree: Construct from data asset -  0.000 s
[2023.04.10-01.19.53:266][  0]LogStats: UGameplayTagsManager::ConstructGameplayTagTree: ImportINI -  0.000 s
[2023.04.10-01.19.53:266][  0]LogStats: UGameplayTagsManager::ConstructGameplayTagTree: GameplayTagTreeChangedEvent.Broadcast -  0.000 s
[2023.04.10-01.19.53:388][  0]LogInit: Initializing FReadOnlyCVARCache
[2023.04.10-01.19.53:396][  0]LogAIModule: Creating AISystem for world Untitled
[2023.04.10-01.19.53:408][  0]LogInit: XAudio2 using '32S321 (NVIDIA High Definition Audio)' : 2 channels at 48 kHz using 16 bits per sample (channel mask 0x3)
[2023.04.10-01.19.53:430][  0]LogInit: FAudioDevice initialized.
[2023.04.10-01.19.53:431][  0]LogNetVersion: Set ProjectVersion to 1.0.0.0. Version Checksum will be recalculated on next use.
[2023.04.10-01.19.53:460][  0]LogDerivedDataCache: Saved boot cache 0.03s 71MB C:/Users/dcalt/AppData/Local/UnrealEngine/4.20/DerivedDataCache/Boot.ddc.
[2023.04.10-01.19.53:465][  0]LogInit: Texture streaming: Enabled
[2023.04.10-01.19.53:477][  0]LogEngineSessionManager: EngineSessionManager initialized
[2023.04.10-01.19.53:487][  0]LogInit: Transaction tracking system initialized
[2023.04.10-01.19.53:500][  0]BlueprintLog: New page: Editor Load
[2023.04.10-01.19.53:542][  0]LocalizationService: Localization service is disabled
[2023.04.10-01.19.53:702][  0]LogCook: Display: Max memory allowance for cook 16384mb min free memory 0mb
[2023.04.10-01.19.53:702][  0]LogCook: Display: Mobile HDR setting 1
[2023.04.10-01.19.53:702][  0]LogGameplayTags: Display: UGameplayTagsManager::DoneAddingNativeTags. DelegateIsBound: 0
[2023.04.10-01.19.53:702][  0]LogStats: UGameplayTagsManager::ConstructGameplayTagTree: ImportINI prefixes -  0.000 s
[2023.04.10-01.19.53:702][  0]LogStats: UGameplayTagsManager::ConstructGameplayTagTree: Construct from data asset -  0.000 s
[2023.04.10-01.19.53:702][  0]LogStats: UGameplayTagsManager::ConstructGameplayTagTree: ImportINI -  0.000 s
[2023.04.10-01.19.53:702][  0]LogStats: UGameplayTagsManager::ConstructGameplayTagTree: GameplayTagTreeChangedEvent.Broadcast -  0.000 s
[2023.04.10-01.19.53:766][  0]LogFileCache: Scanning file cache for directory 'C:/GameDev/CrystalCavern/Content/' took 0.01s
[2023.04.10-01.19.53:766][  0]SourceControl: Source control is disabled
[2023.04.10-01.19.53:766][  0]Cmd: MAP LOAD FILE="../../../../../../GameDev/CrystalCavern/Content/Levels/Level1.umap" TEMPLATE=0 SHOWPROGRESS=1 FEATURELEVEL=3
[2023.04.10-01.19.53:766][  0]LightingResults: New page: Lighting Build
[2023.04.10-01.19.53:768][  0]MapCheck: New page: Map Check
[2023.04.10-01.19.53:768][  0]LightingResults: New page: Lighting Build
[2023.04.10-01.19.53:795][  0]LogAIModule: Creating AISystem for world Level1
[2023.04.10-01.19.53:796][  0]LogEditorServer: Finished looking for orphan Actors (0.000 secs)
[2023.04.10-01.19.53:812][  0]Cmd: MAP CHECKDEP NOCLEARLOG
[2023.04.10-01.19.53:868][  0]MapCheck: Map check complete: 0 Error(s), 0 Warning(s), took 55.086ms to complete.
[2023.04.10-01.19.53:868][  0]LogFileHelpers: Loading map 'Level1' took 0.102
[2023.04.10-01.19.53:953][  0]LogSlate: Updating window title bar state: overlay mode, drag disabled, window buttons hidden, title bar hidden
[2023.04.10-01.19.53:957][  0]LogSlate: Updating window title bar state: overlay mode, drag disabled, window buttons hidden, title bar hidden
[2023.04.10-01.19.53:962][  0]LogSlate: Updating window title bar state: overlay mode, drag disabled, window buttons hidden, title bar hidden
[2023.04.10-01.19.53:967][  0]LogSlate: Updating window title bar state: overlay mode, drag disabled, window buttons hidden, title bar hidden
[2023.04.10-01.19.53:970][  0]LogCollectionManager: Loaded 0 collections in 0.001018 seconds
[2023.04.10-01.19.54:008][  0]LogFileCache: Scanning file cache for directory 'C:/GameDev/CrystalCavern/Saved/Collections/' took 0.01s
[2023.04.10-01.19.54:008][  0]LogFileCache: Scanning file cache for directory 'C:/GameDev/CrystalCavern/Content/Developers/dcalt/Collections/' took 0.01s
[2023.04.10-01.19.54:008][  0]LogFileCache: Scanning file cache for directory 'C:/GameDev/CrystalCavern/Content/Collections/' took 0.01s
[2023.04.10-01.19.54:008][  0]LogCollectionManager: Rebuilt the GUID cache for 0 collections in 0.000000 seconds
[2023.04.10-01.19.54:014][  0]LogContentBrowser: Native class hierarchy populated in 0.0061 seconds. Added 2572 classes and 603 folders.
[2023.04.10-01.19.54:018][  0]LogContentBrowser: Native class hierarchy updated for 'WidgetCarousel' in 0.0002 seconds. Added 0 classes and 0 folders.
[2023.04.10-01.19.54:053][  0]LogContentBrowser: Native class hierarchy updated for 'AddContentDialog' in 0.0002 seconds. Added 0 classes and 0 folders.
[2023.04.10-01.19.54:056][  0]LogContentBrowser: Native class hierarchy updated for 'SceneOutliner' in 0.0002 seconds. Added 1 classes and 2 folders.
[2023.04.10-01.19.54:069][  0]LogSlate: Took 0.000122 seconds to synchronously load lazily loaded font '../../../Engine/Content/Slate/Fonts/Roboto-Regular.ttf' (155K)
[2023.04.10-01.19.54:070][  0]LogSlate: Took 0.000105 seconds to synchronously load lazily loaded font '../../../Engine/Content/Slate/Fonts/Roboto-Bold.ttf' (160K)
[2023.04.10-01.19.54:072][  0]LogSlate: Took 0.000104 seconds to synchronously load lazily loaded font '../../../Engine/Content/Editor/Slate/Fonts/FontAwesome.ttf' (139K)
[2023.04.10-01.19.54:118][  0]LogRenderer: Reallocating scene render targets to support 1236x696 Format 10 NumSamples 1 (Frame:1).
[2023.04.10-01.19.54:263][  0]LogContentBrowser: Native class hierarchy updated for 'HierarchicalLODOutliner' in 0.0002 seconds. Added 0 classes and 0 folders.
[2023.04.10-01.19.54:263][  0]LogLoad: (Engine Initialization) Total time: 5.91 seconds
[2023.04.10-01.19.54:263][  0]LogLoad: (Engine Initialization) Total Blueprint compile time: 0.00 seconds
[2023.04.10-01.19.54:286][  0]LogAssetRegistry: Asset discovery search completed in 2.5326 seconds
[2023.04.10-01.19.54:287][  0]LogCollectionManager: Rebuilt the object cache for 0 collections in 0.000000 seconds (found 0 objects)
[2023.04.10-01.19.54:287][  0]LogCollectionManager: Fixed up redirectors for 0 collections in 0.000028 seconds (updated 0 objects)
[2023.04.10-01.19.54:288][  0]LogContentStreaming: Texture pool size now 1000 MB
[2023.04.10-01.19.54:356][  0]LogSlate: Took 0.000179 seconds to synchronously load lazily loaded font '../../../Engine/Content/Slate/Fonts/Roboto-Light.ttf' (167K)
[2023.04.10-01.19.54:454][ 12]LogEditorViewport: Clicking Background
[2023.04.10-01.19.57:277][350]LogSlate: FSceneViewport::OnFocusLost() reason 0
[2023.04.10-01.22.50:492][932]Cmd: BRUSH ADD SELECTNEWBRUSH
[2023.04.10-01.23.49:588][311]LogEditorViewport: Clicking Background
[2023.04.10-01.23.52:341][640]LogSlate: FSceneViewport::OnFocusLost() reason 2
[2023.04.10-01.24.54:798][133]LogSlate: FSceneViewport::OnFocusLost() reason 0
[2023.04.10-01.25.13:769][990]LogEditorViewport: Clicking Background
[2023.04.10-01.25.25:345][373]LogSlate: FSceneViewport::OnFocusLost() reason 0
[2023.04.10-01.25.32:898][279]LogEditorViewport: Clicking Background
[2023.04.10-01.25.38:746][980]LogSlate: FSceneViewport::OnFocusLost() reason 2
[2023.04.10-01.25.39:643][ 88]Cmd: TRANSACTION UNDO
[2023.04.10-01.25.39:643][ 88]LogEditorTransaction: Undo Clicking Background
[2023.04.10-01.25.39:652][ 88]LogSlate: Took 0.000161 seconds to synchronously load lazily loaded font '../../../Engine/Content/Slate/Fonts/Roboto-Light.ttf' (167K)
[2023.04.10-01.25.40:575][198]LogSlate: FSceneViewport::OnFocusLost() reason 2
[2023.04.10-01.25.41:704][334]Cmd: TRANSACTION UNDO
[2023.04.10-01.25.41:704][334]LogEditorTransaction: Undo Set Scale
[2023.04.10-01.25.44:107][621]LogSlate: FSceneViewport::OnFocusLost() reason 0
[2023.04.10-01.26.48:892][388]LogSlate: FSceneViewport::OnFocusLost() reason 0
[2023.04.10-01.26.54:129][ 15]Cmd: BRUSH ADD SELECTNEWBRUSH
[2023.04.10-01.27.27:509][ 12]LogSlate: FSceneViewport::OnFocusLost() reason 0
[2023.04.10-01.27.40:223][534]LogGeometryMode: Warning: Unable to find BoxBrush Brush(s) in new BSP
[2023.04.10-01.27.40:223][534]LogGeometryMode: Warning: Unable to find all previously selected geometry data, resetting selection
[2023.04.10-01.27.43:187][887]Cmd: DUPLICATE
[2023.04.10-01.27.43:187][887]Cmd: ACTOR DUPLICATE
[2023.04.10-01.27.52:116][954]LogEditorViewport: Clicking Background
[2023.04.10-01.28.05:833][596]LogSlate: FSceneViewport::OnFocusLost() reason 0
[2023.04.10-01.28.27:090][139]LogSlate: FSceneViewport::OnFocusLost() reason 2
[2023.04.10-01.28.32:880][831]LogEditorViewport: Clicking on Actor (LMB): Brush (Box Brush)
[2023.04.10-01.28.35:244][111]Cmd: DUPLICATE
[2023.04.10-01.28.35:244][111]Cmd: ACTOR DUPLICATE
[2023.04.10-01.28.39:789][651]LogSlate: FSceneViewport::OnFocusLost() reason 2
[2023.04.10-01.28.45:524][338]LogEditorViewport: Clicking Background
[2023.04.10-01.28.54:875][458]Cmd: DUPLICATE
[2023.04.10-01.28.54:875][458]Cmd: ACTOR DUPLICATE
[2023.04.10-01.29.21:316][620]LogSlate: FSceneViewport::OnFocusLost() reason 0
[2023.04.10-01.30.03:647][693]LogGeometryMode: Warning: Unable to find BoxBrush2 Brush(s) in new BSP
[2023.04.10-01.30.03:647][693]LogGeometryMode: Warning: Unable to find all previously selected geometry data, resetting selection
[2023.04.10-01.30.06:650][ 51]LogSlate: FSceneViewport::OnFocusLost() reason 0
[2023.04.10-01.30.30:060][853]LogSlate: FSceneViewport::OnFocusLost() reason 0
[2023.04.10-01.30.36:143][581]LogGeometryMode: Warning: Unable to find BoxBrush2 Brush(s) in new BSP
[2023.04.10-01.30.36:143][581]LogGeometryMode: Warning: Unable to find all previously selected geometry data, resetting selection
[2023.04.10-01.30.48:137][ 15]LogEditorViewport: Clicking Background
[2023.04.10-01.31.03:237][822]LogEditorViewport: Clicking Background
[2023.04.10-01.31.21:739][ 42]LogSlate: FSceneViewport::OnFocusLost() reason 0
[2023.04.10-01.31.29:383][958]Cmd: BRUSH SUBTRACT SELECTNEWBRUSH
[2023.04.10-01.31.53:742][877]LogSlate: FSceneViewport::OnFocusLost() reason 0
[2023.04.10-01.32.16:705][626]LogGeometryMode: Warning: Unable to find BoxBrush3 Brush(s) in new BSP
[2023.04.10-01.32.16:705][626]LogGeometryMode: Warning: Unable to find all previously selected geometry data, resetting selection
[2023.04.10-01.32.28:098][986]LogSlate: FSceneViewport::OnFocusLost() reason 0
[2023.04.10-01.32.28:750][ 64]LogEditorViewport: Clicking Background
[2023.04.10-01.32.29:242][123]LogEditorViewport: Clicking Background
[2023.04.10-01.32.29:325][133]LogEditorViewport: Clicking Background
[2023.04.10-01.32.29:767][186]LogEditorViewport: Clicking Background
[2023.04.10-01.32.30:025][217]LogEditorViewport: Clicking Background
[2023.04.10-01.32.31:794][429]LogEditorViewport: Clicking Background
[2023.04.10-01.32.31:993][453]LogEditorViewport: Clicking Background
[2023.04.10-01.32.32:419][504]LogEditorViewport: Clicking Background
[2023.04.10-01.32.33:260][605]LogSlate: FSceneViewport::OnFocusLost() reason 0
[2023.04.10-01.32.42:734][740]LogSlate: FSceneViewport::OnFocusLost() reason 0
[2023.04.10-01.33.18:426][ 17]LogSlate: FSceneViewport::OnFocusLost() reason 2
[2023.04.10-01.33.19:656][165]Cmd: TRANSACTION UNDO
[2023.04.10-01.33.19:656][165]LogEditorTransaction: Undo Move Actors
[2023.04.10-01.33.19:660][165]LogGeometryMode: Warning: Unable to find 1 Poly(s) in new BSP
[2023.04.10-01.33.19:660][165]LogGeometryMode: Warning: Unable to resolve BoxBrush6 Brush in new BSP, see above
[2023.04.10-01.33.19:660][165]LogGeometryMode: Warning: Unable to find all previously selected geometry data, resetting selection
[2023.04.10-01.33.26:130][940]LogSlate: FSceneViewport::OnFocusLost() reason 0
[2023.04.10-01.33.41:695][805]LogGeometryMode: Warning: Unable to find BoxBrush3 Brush(s) in new BSP
[2023.04.10-01.33.41:695][805]LogGeometryMode: Warning: Unable to find all previously selected geometry data, resetting selection
[2023.04.10-01.33.46:275][352]LogEditorViewport: Clicking Background
[2023.04.10-01.33.46:783][413]LogEditorViewport: Clicking Background
[2023.04.10-01.33.47:208][464]LogEditorViewport: Clicking Background
[2023.04.10-01.33.47:994][558]LogSlate: FSceneViewport::OnFocusLost() reason 0
[2023.04.10-01.33.53:268][190]LogEditorViewport: Clicking Background
[2023.04.10-01.33.54:793][373]LogSlate: FSceneViewport::OnFocusLost() reason 0
[2023.04.10-01.33.56:438][570]Cmd: DUPLICATE
[2023.04.10-01.33.56:438][570]Cmd: ACTOR DUPLICATE
[2023.04.10-01.33.59:649][952]LogSlate: FSceneViewport::OnFocusLost() reason 0
[2023.04.10-01.34.04:621][547]LogEditorViewport: Clicking Background
[2023.04.10-01.34.32:214][ 63]Cmd: OBJ SAVEPACKAGE PACKAGE="/Game/Levels/Level1" FILE="../../../../../../GameDev/CrystalCavern/Saved/Autosaves/Game/Levels/Level1_Auto1.umap" SILENT=true AUTOSAVING=true KEEPDIRTY=false
[2023.04.10-01.34.32:246][ 63]LogSavePackage: Moving '../../../../../../GameDev/CrystalCavern/Saved/Level1_Auto19AC79E3C4CB519659C4D38BC7D164EDC.tmp' to '../../../../../../GameDev/CrystalCavern/Saved/Autosaves/Game/Levels/Level1_Auto1.umap'
[2023.04.10-01.34.32:247][ 63]LogFileHelpers: Editor autosave (incl. sublevels) for '/Game/Levels/Level1' took 0.050
[2023.04.10-01.34.32:247][ 63]LogFileHelpers: Editor autosave (incl. sublevels) for all levels took 0.050
[2023.04.10-01.38.02:252][688]LogSlate: FSceneViewport::OnFocusLost() reason 2
[2023.04.10-01.38.06:312][167]LogSlate: FSceneViewport::OnFocusLost() reason 0
[2023.04.10-01.38.28:000][766]LogSlate: FSceneViewport::OnFocusLost() reason 0
[2023.04.10-01.38.42:776][539]LogEditorViewport: Clicking Background
[2023.04.10-01.38.53:041][769]LogSlate: FSceneViewport::OnFocusLost() reason 2
[2023.04.10-01.38.55:029][940]LogSlate: Only BGRA pngs, bmps or icos are supported in by External Image Picker
[2023.04.10-01.38.55:046][940]LogSlate: FSceneViewport::OnFocusLost() reason 2
[2023.04.10-01.38.55:076][941]LogTemp: Executing iPhonePackager certificates Engine -bundlename com.YourCompany.CrystalCavern
[2023.04.10-01.38.55:076][941]LogTemp: CWD: C:\Program Files\Epic Games\UE_4.20\Engine\Binaries\DotNET\IOS
[2023.04.10-01.38.55:076][941]LogTemp: Initial Dir: C:\Program Files\Epic Games\UE_4.20
[2023.04.10-01.38.55:076][941]LogTemp: Env CWD: C:\Program Files\Epic Games\UE_4.20\Engine\Binaries\DotNET\IOS
[2023.04.10-01.38.55:076][941]LogTemp: BranchPath = DESKTOP-U1RK44O/C/Program Files/Epic Games/UE_4.20/Engine/Binaries --- GameBranchPath = DESKTOP-U1RK44O/C/Program Files/Epic Games/UE_4.20/Engine/Binaries
[2023.04.10-01.38.55:076][941]LogTemp: IPP ERROR: Could not find provision directory 'C:\Users\dcalt\AppData\Local/Apple Computer/MobileDevice/Provisioning Profiles/'.
[2023.04.10-01.39.22:569][966]LogEditorViewport: Clicking on Actor (LMB): DirectionalLight (DirectionalLight)
[2023.04.10-01.42.09:074][942]LogEditorViewport: Clicking on Actor (LMB): DirectionalLight (DirectionalLight)
[2023.04.10-01.42.10:180][ 74]LogEditorViewport: Clicking on Actor (LMB): DirectionalLight (DirectionalLight)
[2023.04.10-01.42.15:260][682]LogSlate: FSceneViewport::OnFocusLost() reason 2
[2023.04.10-01.42.16:501][831]MapCheck: New page: Map Check
[2023.04.10-01.42.16:510][831]LogSlate: FSceneViewport::OnFocusLost() reason 2
[2023.04.10-01.42.16:512][831]Cmd: MAP REBUILD ALLVISIBLE
[2023.04.10-01.42.16:513][831]LogEditorServer: Rebuildmap Clear paths rebuilt
[2023.04.10-01.42.16:521][831]LightingResults: New page: Lighting Build - Apr 9, 2023, 5:42:16 PM
[2023.04.10-01.42.16:553][831]LogSwarmInterface: [OpenConnection] Registering TCP channel ...
[2023.04.10-01.42.16:597][831]LogSwarmInterface: [OpenConnection] Connecting to agent ...
[2023.04.10-01.42.16:608][831]LogSwarmInterface: [TryOpenConnection] Testing the Agent
[2023.04.10-01.42.17:124][831]LogSwarmInterface: [TryOpenConnection] Opening Connection to Agent
[2023.04.10-01.42.17:124][831]LogSwarmInterface: [TryOpenConnection] Local Process ID is 7008
[2023.04.10-01.42.21:753][831]LogStaticLightingSystem: Warning: No importance volume found, so the scene bounding box was used.  You can optimize your scene's quality and lighting build times by adding importance volumes.
[2023.04.10-01.42.21:753][831]LogStaticLightingSystem: Running Lightmass w/ ImmediateImport mode ENABLED
[2023.04.10-01.42.21:753][831]LogStaticLightingSystem: Running Lightmass w/ ImmediateProcess mode ENABLED
[2023.04.10-01.42.21:753][831]LogStaticLightingSystem: Running Lightmass w/ Sorting mode ENABLED
[2023.04.10-01.42.21:753][831]LogStaticLightingSystem: Running Lightmass w/ Mapping paddings ENABLED
[2023.04.10-01.42.21:753][831]LogStaticLightingSystem: Running Lightmass w/ Mapping debug paddings DISABLED
[2023.04.10-01.42.21:872][831]LogEditorBuildUtils: Build time 0:05
[2023.04.10-01.42.23:887][973]Job is a success!
[2023.04.10-01.42.23:911][974]LogSlate: FSceneViewport::OnFocusLost() reason 2
[2023.04.10-01.42.23:926][974]LogVolumetricLightmapImport: Imported Volumetric Lightmap in 0.008s
[2023.04.10-01.42.23:926][974]LogVolumetricLightmapImport:      Indirection Texture 16x16x16 = 0.0Mb
[2023.04.10-01.42.23:926][974]LogVolumetricLightmapImport:      BrickData 30x5x5 = 0.0Mb (trimmed 0.0Mb due to 0.010000 MinBrickError)
[2023.04.10-01.42.23:926][974]LogVolumetricLightmapImport:      Bricks at Level
[2023.04.10-01.42.23:926][974]LogVolumetricLightmapImport:          0: 16.7% covering 100.0% of volume
[2023.04.10-01.42.23:926][974]LogVolumetricLightmapImport:          1: 16.7% covering 1.6% of volume
[2023.04.10-01.42.23:926][974]LogVolumetricLightmapImport:          2: 66.7% covering 0.1% of volume
[2023.04.10-01.42.23:950][974]LogTexture: Display: Building textures: HQ_Lightmap0_1 (AutoDXT, 256X256)
[2023.04.10-01.42.23:950][974]LogTexture: Display: Building textures: LQ_Lightmap_0_1 (DXT1, 256X256)
[2023.04.10-01.42.23:950][974]LogTexture: Display: Building textures: ShadowMapTexture2D_0 (G8, 256X128)
[2023.04.10-01.42.23:968][974]Lightmass on DESKTOP-U1RK44O: 1.62 sec total, 119 ms importing, 11 ms setup, 999 ms photons, 457 ms processing, 0 ms extra exporting [39/39 mappings]. Threads: 4.33 sec total, 51 ms processing.
[2023.04.10-01.42.23:993][974]LogStaticLightingSystem: Illumination: 7.46 sec (6 ms encoding lightmaps, 7 ms encoding shadowmaps)
[2023.04.10-01.42.23:993][974]LogStaticLightingSystem: Lightmap texture memory:  0.1 MB (0.0 MB streaming, 0.1 MB non-streaming), 2 textures
[2023.04.10-01.42.23:993][974]LogStaticLightingSystem: Shadowmap texture memory: 0.0 MB (0.0 MB streaming, 0.0 MB non-streaming), 1 textures
[2023.04.10-01.42.24:759][974]DumpUnbuiltLightIteractions
[2023.04.10-01.42.24:759][974]Lights with unbuilt interactions: 0
[2023.04.10-01.42.24:759][974]
[2023.04.10-01.42.24:759][974]Primitives with unbuilt interactions: 0
[2023.04.10-01.42.24:764][974]LogSlate: FSceneViewport::OnFocusLost() reason 2
[2023.04.10-01.42.24:775][975]Cmd: MAP CHECK NOTIFYRESULTS
[2023.04.10-01.42.24:775][975]MapCheck: New page: Level1 - Apr 9, 2023, 5:42:24 PM
[2023.04.10-01.42.24:836][975]MapCheck: Map check complete: 0 Error(s), 0 Warning(s), took 60.21ms to complete.
[2023.04.10-01.42.33:429][  3]LogSlate: FSceneViewport::OnFocusLost() reason 2
[2023.04.10-01.42.34:791][164]LogSlate: FSceneViewport::OnFocusLost() reason 2
[2023.04.10-01.42.34:860][164]Cmd: OBJ SAVEPACKAGE PACKAGE="/Game/Levels/Level1" FILE="../../../../../../GameDev/CrystalCavern/Content/Levels/Level1.umap" SILENT=true AUTOSAVING=false KEEPDIRTY=false
[2023.04.10-01.42.34:890][164]LogSavePackage: Moving '../../../../../../GameDev/CrystalCavern/Saved/Level1E984030D46C725A6AB915DAA61D0153E.tmp' to '../../../../../../GameDev/CrystalCavern/Content/Levels/Level1.umap'
[2023.04.10-01.42.34:900][164]LogFileHelpers: Saving map 'Level1' took 0.100
[2023.04.10-01.42.34:902][164]Cmd: OBJ SAVEPACKAGE PACKAGE="/Game/Levels/Level1_BuiltData" FILE="../../../../../../GameDev/CrystalCavern/Content/Levels/Level1_BuiltData.uasset" SILENT=true
[2023.04.10-01.42.34:907][164]LogSavePackage: Moving '../../../../../../GameDev/CrystalCavern/Saved/Level1_BuiltDataE5A36F2B48F47E5458B67E9A09F17436.tmp' to '../../../../../../GameDev/CrystalCavern/Content/Levels/Level1_BuiltData.uasset'
[2023.04.10-01.49.14:308][245]LogSlate: FSceneViewport::OnFocusLost() reason 0
[2023.04.10-01.49.47:058][166]LogSlate: FSceneViewport::OnFocusLost() reason 0
[2023.04.10-01.50.16:737][119]LogSlate: Window 'Color Picker' being destroyed
[2023.04.10-01.51.28:234][694]LogEditorViewport: Clicking Background
[2023.04.10-01.52.00:539][570]LogSlate: FSceneViewport::OnFocusLost() reason 0
[2023.04.10-01.52.24:815][478]LogSlate: FSceneViewport::OnFocusLost() reason 0
[2023.04.10-01.52.43:830][759]LogSlate: Window 'Color Picker' being destroyed
[2023.04.10-01.52.55:169][117]LogEditorViewport: Clicking Background
[2023.04.10-01.53.19:327][ 94]LogSlate: FSceneViewport::OnFocusLost() reason 0
[2023.04.10-01.53.27:265][ 44]LogSlate: FSceneViewport::OnFocusLost() reason 2
[2023.04.10-01.53.37:714][293]LogSlate: Window 'Color Picker' being destroyed
[2023.04.10-01.53.57:566][675]LogSlate: FSceneViewport::OnFocusLost() reason 0
[2023.04.10-01.54.41:070][594]LogSlate: FSceneViewport::OnFocusLost() reason 0
[2023.04.10-01.54.41:206][609]Cmd: OBJ SAVEPACKAGE PACKAGE="/Game/Levels/Level1" FILE="../../../../../../GameDev/CrystalCavern/Content/Levels/Level1.umap" SILENT=true AUTOSAVING=false KEEPDIRTY=false
[2023.04.10-01.54.41:237][609]LogSavePackage: Moving '../../../../../../GameDev/CrystalCavern/Saved/Level15B38E2F4447C949AAA2B0FA4C1843C0D.tmp' to '../../../../../../GameDev/CrystalCavern/Content/Levels/Level1.umap'
[2023.04.10-01.54.41:249][609]Cmd: OBJ SAVEPACKAGE PACKAGE="/Game/Levels/Level1_BuiltData" FILE="../../../../../../GameDev/CrystalCavern/Content/Levels/Level1_BuiltData.uasset" SILENT=true
[2023.04.10-01.54.41:255][609]LogSavePackage: Moving '../../../../../../GameDev/CrystalCavern/Saved/Level1_BuiltData13FF66604ED250B8B36635B946F4894F.tmp' to '../../../../../../GameDev/CrystalCavern/Content/Levels/Level1_BuiltData.uasset'
[2023.04.10-01.54.54:909][131]LogSlate: FSceneViewport::OnFocusLost() reason 0
[2023.04.10-01.54.57:782][473]LogEditorActor: Deleted Actor: SkyLight
[2023.04.10-01.54.57:800][473]LogEditorActor: Deleted 1 Actors (0.018 secs)
[2023.04.10-01.55.03:261][127]LogSlate: FSceneViewport::OnFocusLost() reason 0
[2023.04.10-01.55.03:612][169]LogEditorActor: Deleted Actor: PointLight
[2023.04.10-01.55.03:629][169]LogEditorActor: Deleted 1 Actors (0.018 secs)
[2023.04.10-01.55.07:702][658]LogEditorViewport: Clicking on Actor (LMB): SpotLight (SpotLight)
[2023.04.10-01.55.09:414][861]Cmd: DUPLICATE
[2023.04.10-01.55.09:414][861]Cmd: ACTOR DUPLICATE
[2023.04.10-01.55.13:293][324]LogEditorViewport: Clicking on Actor (LMB): SpotLight (SpotLight)
[2023.04.10-01.55.14:836][507]Cmd: DUPLICATE
[2023.04.10-01.55.14:836][507]Cmd: ACTOR DUPLICATE
[2023.04.10-01.55.20:006][124]Cmd: SELECT NONE
[2023.04.10-01.55.30:337][359]LogSlate: FSceneViewport::OnFocusLost() reason 2
[2023.04.10-01.55.38:729][896]Cmd: POLY SELECT ADJACENT ALL
[2023.04.10-01.55.46:387][809]LogSlate: FSceneViewport::OnFocusLost() reason 0
[2023.04.10-01.56.08:082][394]LogSlate: FSceneViewport::OnFocusLost() reason 2
[2023.04.10-01.56.09:170][525]Cmd: POLY SELECT ADJACENT ALL
[2023.04.10-01.56.10:621][698]LogSlate: FSceneViewport::OnFocusLost() reason 0
[2023.04.10-01.56.30:276][519]LogSlate: FSceneViewport::OnFocusLost() reason 2
[2023.04.10-01.56.33:644][923]Cmd: POLY SELECT ADJACENT ALL
[2023.04.10-01.56.47:817][615]LogSlate: FSceneViewport::OnFocusLost() reason 2
[2023.04.10-01.56.49:981][871]LogSlate: FSceneViewport::OnFocusLost() reason 2
[2023.04.10-01.56.51:086][  4]Cmd: POLY SELECT ADJACENT ALL
[2023.04.10-01.56.51:812][ 90]LogSlate: FSceneViewport::OnFocusLost() reason 0
[2023.04.10-01.56.56:737][677]LogSlate: FSceneViewport::OnFocusLost() reason 2
[2023.04.10-01.56.57:759][800]Cmd: POLY SELECT ADJACENT ALL
[2023.04.10-01.56.58:562][895]LogSlate: FSceneViewport::OnFocusLost() reason 0
[2023.04.10-01.57.22:209][699]LogSlate: FSceneViewport::OnFocusLost() reason 0
[2023.04.10-01.57.22:326][712]Cmd: OBJ SAVEPACKAGE PACKAGE="/Game/Levels/Level1" FILE="../../../../../../GameDev/CrystalCavern/Content/Levels/Level1.umap" SILENT=true AUTOSAVING=false KEEPDIRTY=false
[2023.04.10-01.57.22:357][712]LogSavePackage: Moving '../../../../../../GameDev/CrystalCavern/Saved/Level14F70EA1840EDE6833E6479993CE8974D.tmp' to '../../../../../../GameDev/CrystalCavern/Content/Levels/Level1.umap'
[2023.04.10-01.57.22:368][712]Cmd: OBJ SAVEPACKAGE PACKAGE="/Game/Levels/Level1_BuiltData" FILE="../../../../../../GameDev/CrystalCavern/Content/Levels/Level1_BuiltData.uasset" SILENT=true
[2023.04.10-01.57.22:374][712]LogSavePackage: Moving '../../../../../../GameDev/CrystalCavern/Saved/Level1_BuiltData9C0760C64DB3680AD9919AAFBB89B6C5.tmp' to '../../../../../../GameDev/CrystalCavern/Content/Levels/Level1_BuiltData.uasset'
[2023.04.10-01.57.38:203][977]LogSlate: FSceneViewport::OnFocusLost() reason 2
[2023.04.10-01.57.39:485][130]LogEditorViewport: Clicking Background
[2023.04.10-01.57.40:708][276]LogSlate: FSceneViewport::OnFocusLost() reason 0
[2023.04.10-01.57.40:815][288]Cmd: OBJ SAVEPACKAGE PACKAGE="/Game/Levels/Level1" FILE="../../../../../../GameDev/CrystalCavern/Content/Levels/Level1.umap" SILENT=true AUTOSAVING=false KEEPDIRTY=false
[2023.04.10-01.57.40:846][288]LogSavePackage: Moving '../../../../../../GameDev/CrystalCavern/Saved/Level1219BE4AA456CD43EBFD5E294C6ABF332.tmp' to '../../../../../../GameDev/CrystalCavern/Content/Levels/Level1.umap'
[2023.04.10-01.57.40:857][288]Cmd: OBJ SAVEPACKAGE PACKAGE="/Game/Levels/Level1_BuiltData" FILE="../../../../../../GameDev/CrystalCavern/Content/Levels/Level1_BuiltData.uasset" SILENT=true
[2023.04.10-01.57.40:863][288]LogSavePackage: Moving '../../../../../../GameDev/CrystalCavern/Saved/Level1_BuiltData8CB71A1E48426A0E53E4308FCA21096F.tmp' to '../../../../../../GameDev/CrystalCavern/Content/Levels/Level1_BuiltData.uasset'
[2023.04.10-01.57.41:823][402]LogSlate: FSceneViewport::OnFocusLost() reason 2
[2023.04.10-01.59.48:391][936]LogSlate: FSceneViewport::OnFocusLost() reason 0
[2023.04.10-02.00.03:906][337]LogSlate: FSceneViewport::OnFocusLost() reason 0
[2023.04.10-02.00.39:628][592]LogSlate: FSceneViewport::OnFocusLost() reason 0
[2023.04.10-02.03.41:177][171]LogSlate: Window 'Pick Parent Class' being destroyed
[2023.04.10-02.03.50:990][325]LogAssetEditorManager: Opening Asset editor for Blueprint /Game/Blueprints/BP_Crystal.BP_Crystal
[2023.04.10-02.03.51:274][325]LogContentBrowser: Native class hierarchy updated for 'BlueprintGraph' in 0.0004 seconds. Added 116 classes and 0 folders.
[2023.04.10-02.03.54:295][608]LogRenderer: Reallocating scene render targets to support 1236x900 Format 10 NumSamples 1 (Frame:248).
[2023.04.10-02.03.54:704][657]LogSlate: Window 'BP_Crystal*' being destroyed
[2023.04.10-02.04.15:131][108]LogSlate: FSceneViewport::OnFocusLost() reason 0
[2023.04.10-02.07.48:685][381]Cmd: OBJ SAVEPACKAGE PACKAGE="/Game/Levels/Level1" FILE="../../../../../../GameDev/CrystalCavern/Saved/Autosaves/Game/Levels/Level1_Auto2.umap" SILENT=true AUTOSAVING=true KEEPDIRTY=false
[2023.04.10-02.07.48:700][381]LogSavePackage: Moving '../../../../../../GameDev/CrystalCavern/Saved/Level1_Auto219ADE01440E3F73FCE5FF8A8E6AEA93C.tmp' to '../../../../../../GameDev/CrystalCavern/Saved/Autosaves/Game/Levels/Level1_Auto2.umap'
[2023.04.10-02.07.48:702][381]LogFileHelpers: Editor autosave (incl. sublevels) for '/Game/Levels/Level1' took 0.038
[2023.04.10-02.07.48:702][381]LogFileHelpers: Editor autosave (incl. sublevels) for all levels took 0.038
[2023.04.10-02.07.48:704][381]OBJ SavePackage: Generating thumbnails for [0] asset(s) in package [/Game/Blueprints/BP_Crystal] ([1] browsable assets)...
[2023.04.10-02.07.48:704][381]OBJ SavePackage: Finished generating thumbnails for package [/Game/Blueprints/BP_Crystal]
[2023.04.10-02.07.48:704][381]Cmd: OBJ SAVEPACKAGE PACKAGE="/Game/Blueprints/BP_Crystal" FILE="../../../../../../GameDev/CrystalCavern/Saved/Autosaves/Game/Blueprints/BP_Crystal_Auto2.uasset" SILENT=false AUTOSAVING=true
[2023.04.10-02.07.48:709][381]LogSavePackage: Moving '../../../../../../GameDev/CrystalCavern/Saved/BP_Crystal_Auto2F3669B664D72C21DABCE29A7FD21C205.tmp' to '../../../../../../GameDev/CrystalCavern/Saved/Autosaves/Game/Blueprints/BP_Crystal_Auto2.uasset'
[2023.04.10-02.07.48:709][381]LogFileHelpers: Auto-saving content packages took 0.006
[2023.04.10-02.10.33:023][935]LogSlate: FSceneViewport::OnFocusLost() reason 2
[2023.04.10-02.10.39:362][693]LogSlate: FSceneViewport::OnFocusLost() reason 2
[2023.04.10-02.10.44:961][363]LogSlate: Took 0.000187 seconds to synchronously load lazily loaded font '../../../Engine/Content/Slate/Fonts/Roboto-Italic.ttf' (157K)
[2023.04.10-02.10.48:045][733]LogSlate: FSceneViewport::OnFocusLost() reason 0
[2023.04.10-02.14.05:806][585]LogSlate: FSceneViewport::OnFocusLost() reason 0
[2023.04.10-02.15.07:341][ 81]LogSlate: FSceneViewport::OnFocusLost() reason 0
[2023.04.10-02.16.18:094][370]LogSlate: FSceneViewport::OnFocusLost() reason 2
[2023.04.10-02.16.38:543][944]LogSlate: FSceneViewport::OnFocusLost() reason 0
[2023.04.10-02.16.49:944][306]LogSlate: FSceneViewport::OnFocusLost() reason 0
[2023.04.10-02.17.02:824][848]LogSlate: FSceneViewport::OnFocusLost() reason 0
[2023.04.10-02.17.48:749][354]LogSlate: FSceneViewport::OnFocusLost() reason 2
[2023.04.10-02.17.48:786][354]LogFileHelpers: Editor autosave (incl. sublevels) for '/Game/Levels/Level1' took 0.026
[2023.04.10-02.17.48:787][354]OBJ SavePackage: Generating thumbnails for [1] asset(s) in package [/Game/Blueprints/BP_Crystal] ([1] browsable assets)...
[2023.04.10-02.17.48:799][354]OBJ SavePackage:     Rendered thumbnail for [Blueprint /Game/Blueprints/BP_Crystal.BP_Crystal]
[2023.04.10-02.17.48:799][354]OBJ SavePackage: Finished generating thumbnails for package [/Game/Blueprints/BP_Crystal]
[2023.04.10-02.17.48:799][354]Cmd: OBJ SAVEPACKAGE PACKAGE="/Game/Blueprints/BP_Crystal" FILE="../../../../../../GameDev/CrystalCavern/Saved/Autosaves/Game/Blueprints/BP_Crystal_Auto3.uasset" SILENT=false AUTOSAVING=true
[2023.04.10-02.17.48:811][354]LogSavePackage: Moving '../../../../../../GameDev/CrystalCavern/Saved/BP_Crystal_Auto332CDF1F24CCC627B30A34EA961B01129.tmp' to '../../../../../../GameDev/CrystalCavern/Saved/Autosaves/Game/Blueprints/BP_Crystal_Auto3.uasset'
[2023.04.10-02.17.48:812][354]LogFileHelpers: Auto-saving content packages took 0.025
[2023.04.10-02.18.15:664][576]LogSlate: FSceneViewport::OnFocusLost() reason 0
[2023.04.10-02.20.03:870][927]LogSlate: FSceneViewport::OnFocusLost() reason 0
[2023.04.10-02.20.50:638][769]LogSlate: FSceneViewport::OnFocusLost() reason 0
[2023.04.10-02.21.01:365][ 30]LogSlate: FSceneViewport::OnFocusLost() reason 0
[2023.04.10-02.21.38:789][390]LogSlate: FSceneViewport::OnFocusLost() reason 2
[2023.04.10-02.21.41:320][693]LogSlate: FSceneViewport::OnFocusLost() reason 2
[2023.04.10-02.21.52:397][ 20]LogSlate: FSceneViewport::OnFocusLost() reason 0
[2023.04.10-02.22.02:663][252]LogSlate: FSceneViewport::OnFocusLost() reason 0
[2023.04.10-02.22.23:153][850]LogSlate: FSceneViewport::OnFocusLost() reason 0
[2023.04.10-02.22.58:819][173]LogSlate: FSceneViewport::OnFocusLost() reason 0
[2023.04.10-02.23.18:749][558]LogSlate: FSceneViewport::OnFocusLost() reason 0
[2023.04.10-02.23.59:134][375]LogSlate: FSceneViewport::OnFocusLost() reason 0
[2023.04.10-02.23.59:232][385]Cmd: OBJ SAVEPACKAGE PACKAGE="/Game/Blueprints/BP_Crystal" FILE="../../../../../../GameDev/CrystalCavern/Content/Blueprints/BP_Crystal.uasset" SILENT=true
[2023.04.10-02.23.59:244][385]LogSavePackage: Moving '../../../../../../GameDev/CrystalCavern/Saved/BP_Crystal7823C85F413BC8C10ECB17895452EA4D.tmp' to '../../../../../../GameDev/CrystalCavern/Content/Blueprints/BP_Crystal.uasset'
[2023.04.10-02.23.59:994][475]BlueprintLog: New page: Compile BP_Crystal
[2023.04.10-02.24.00:760][546]Cmd: OBJ SAVEPACKAGE PACKAGE="/Game/Blueprints/BP_Crystal" FILE="../../../../../../GameDev/CrystalCavern/Content/Blueprints/BP_Crystal.uasset" SILENT=true
[2023.04.10-02.24.00:771][546]LogSavePackage: Moving '../../../../../../GameDev/CrystalCavern/Saved/BP_CrystalC867E80C40512DB6708CE5B280B58B10.tmp' to '../../../../../../GameDev/CrystalCavern/Content/Blueprints/BP_Crystal.uasset'
[2023.04.10-02.25.00:212][348]LogEditorViewport: Clicking on Actor (LMB): BP_Crystal_C (BP_Crystal)
[2023.04.10-02.25.00:791][404]Cmd: DELETE
[2023.04.10-02.25.00:791][404]Cmd: ACTOR DELETE
[2023.04.10-02.25.00:792][404]LogEditorActor: Deleted Actor: BP_Crystal_C
[2023.04.10-02.25.00:814][404]LogEditorActor: Deleted 1 Actors (0.023 secs)
[2023.04.10-02.25.02:594][618]LogSlate: FSceneViewport::OnFocusLost() reason 0
[2023.04.10-02.25.12:283][776]LogSlate: FSceneViewport::OnFocusLost() reason 0
[2023.04.10-02.26.13:166][928]LogSlate: FSceneViewport::OnFocusLost() reason 0
[2023.04.10-02.26.17:197][410]Cmd: OBJ SAVEPACKAGE PACKAGE="/Game/Blueprints/BP_Crystal" FILE="../../../../../../GameDev/CrystalCavern/Content/Blueprints/BP_Crystal.uasset" SILENT=true
[2023.04.10-02.26.17:208][410]LogSavePackage: Moving '../../../../../../GameDev/CrystalCavern/Saved/BP_Crystal30E8B12147AFAA10377D15BAE72F2ADA.tmp' to '../../../../../../GameDev/CrystalCavern/Content/Blueprints/BP_Crystal.uasset'
[2023.04.10-02.26.17:816][483]BlueprintLog: New page: Compile BP_Crystal
[2023.04.10-02.26.18:457][545]Cmd: OBJ SAVEPACKAGE PACKAGE="/Game/Blueprints/BP_Crystal" FILE="../../../../../../GameDev/CrystalCavern/Content/Blueprints/BP_Crystal.uasset" SILENT=true
[2023.04.10-02.26.18:468][545]LogSavePackage: Moving '../../../../../../GameDev/CrystalCavern/Saved/BP_Crystal118D060A462C01FB705DC3BFAA2D59D4.tmp' to '../../../../../../GameDev/CrystalCavern/Content/Blueprints/BP_Crystal.uasset'
[2023.04.10-02.26.28:293][722]Cmd: DELETE
[2023.04.10-02.26.28:293][722]Cmd: ACTOR DELETE
[2023.04.10-02.26.28:294][722]LogEditorActor: Deleted Actor: BP_Crystal_C
[2023.04.10-02.26.28:315][722]LogEditorActor: Deleted 1 Actors (0.021 secs)
[2023.04.10-02.26.29:332][844]LogSlate: FSceneViewport::OnFocusLost() reason 0
[2023.04.10-02.26.34:567][472]LogSlate: FSceneViewport::OnFocusLost() reason 0
[2023.04.10-02.27.37:085][397]LogSlate: FSceneViewport::OnFocusLost() reason 0
[2023.04.10-02.27.47:737][675]LogSlate: FSceneViewport::OnFocusLost() reason 0
[2023.04.10-02.27.57:329][826]LogSlate: FSceneViewport::OnFocusLost() reason 0
[2023.04.10-02.27.57:446][840]BlueprintLog: New page: Compile BP_Crystal
[2023.04.10-02.27.58:075][900]Cmd: OBJ SAVEPACKAGE PACKAGE="/Game/Blueprints/BP_Crystal" FILE="../../../../../../GameDev/CrystalCavern/Content/Blueprints/BP_Crystal.uasset" SILENT=true
[2023.04.10-02.27.58:085][900]LogSavePackage: Moving '../../../../../../GameDev/CrystalCavern/Saved/BP_Crystal2F50AE7F47FDF1EE230B88BAE7703DA2.tmp' to '../../../../../../GameDev/CrystalCavern/Content/Blueprints/BP_Crystal.uasset'
[2023.04.10-02.28.10:206][351]LogEditorViewport: Clicking on Actor (LMB): BP_Crystal_C (BP_Crystal)
[2023.04.10-02.28.11:805][542]Cmd: DUPLICATE
[2023.04.10-02.28.11:805][542]Cmd: ACTOR DUPLICATE
[2023.04.10-02.28.19:490][459]LogEditorViewport: Clicking on Actor (LMB): BP_Crystal_C (BP_Crystal)
[2023.04.10-02.28.21:193][661]Cmd: DUPLICATE
[2023.04.10-02.28.21:193][661]Cmd: ACTOR DUPLICATE
[2023.04.10-02.28.25:318][153]Cmd: DUPLICATE
[2023.04.10-02.28.25:318][153]Cmd: ACTOR DUPLICATE
[2023.04.10-02.28.31:292][866]Cmd: DUPLICATE
[2023.04.10-02.28.31:292][866]Cmd: ACTOR DUPLICATE
[2023.04.10-02.28.34:421][238]Cmd: DUPLICATE
[2023.04.10-02.28.34:421][238]Cmd: ACTOR DUPLICATE
[2023.04.10-02.28.45:925][483]LogSlate: FSceneViewport::OnFocusLost() reason 0
[2023.04.10-02.28.46:171][483]Cmd: OBJ SAVEPACKAGE PACKAGE="/Game/Levels/Level1" FILE="../../../../../../GameDev/CrystalCavern/Content/Levels/Level1.umap" SILENT=true AUTOSAVING=false KEEPDIRTY=false
[2023.04.10-02.28.46:214][483]LogSavePackage: Moving '../../../../../../GameDev/CrystalCavern/Saved/Level1CDB7F1BB4545C9D0DD06E7A525449C8A.tmp' to '../../../../../../GameDev/CrystalCavern/Content/Levels/Level1.umap'
[2023.04.10-02.28.46:226][483]Cmd: OBJ SAVEPACKAGE PACKAGE="/Game/Levels/Level1_BuiltData" FILE="../../../../../../GameDev/CrystalCavern/Content/Levels/Level1_BuiltData.uasset" SILENT=true
[2023.04.10-02.28.46:233][483]LogSavePackage: Moving '../../../../../../GameDev/CrystalCavern/Saved/Level1_BuiltDataC015BBF848B1789EED0E7DB9BEEECD70.tmp' to '../../../../../../GameDev/CrystalCavern/Content/Levels/Level1_BuiltData.uasset'
[2023.04.10-02.30.03:736][110]LogSlate: Window 'Pick Parent Class' being destroyed
[2023.04.10-02.30.30:917][363]LogAssetEditorManager: Opening Asset editor for Blueprint /Game/Blueprints/BP_PlayerPawn.BP_PlayerPawn
[2023.04.10-02.31.05:553][205]LogSlate: FSceneViewport::OnFocusLost() reason 0
[2023.04.10-02.31.20:921][ 49]LogSlate: FSceneViewport::OnFocusLost() reason 0
[2023.04.10-02.31.28:234][923]LogSlate: FSceneViewport::OnFocusLost() reason 2
[2023.04.10-02.31.50:156][166]LogSlate: FSceneViewport::OnFocusLost() reason 2
[2023.04.10-02.31.59:976][341]LogSlate: FSceneViewport::OnFocusLost() reason 2
[2023.04.10-02.32.07:468][239]LogSlate: FSceneViewport::OnFocusLost() reason 0
[2023.04.10-02.32.16:525][322]LogSlate: FSceneViewport::OnFocusLost() reason 2
[2023.04.10-02.32.19:064][626]LogSlate: FSceneViewport::OnFocusLost() reason 2
[2023.04.10-02.32.51:239][ 86]LogSlate: FSceneViewport::OnFocusLost() reason 0
[2023.04.10-02.33.07:786][ 31]LogSlate: FSceneViewport::OnFocusLost() reason 0
[2023.04.10-02.33.31:489][866]LogSlate: FSceneViewport::OnFocusLost() reason 0
[2023.04.10-02.34.38:996][966]LogSlate: FSceneViewport::OnFocusLost() reason 0
[2023.04.10-02.34.48:305][ 71]LogSlate: FSceneViewport::OnFocusLost() reason 0
[2023.04.10-02.34.57:015][112]LogSlate: FSceneViewport::OnFocusLost() reason 0
[2023.04.10-02.35.08:983][548]LogSlate: FSceneViewport::OnFocusLost() reason 0
[2023.04.10-02.36.37:938][705]LogSlate: FSceneViewport::OnFocusLost() reason 0
[2023.04.10-02.36.38:049][710]BlueprintLog: New page: Compile BP_PlayerPawn
[2023.04.10-02.36.39:123][817]Cmd: OBJ SAVEPACKAGE PACKAGE="/Game/Blueprints/BP_PlayerPawn" FILE="../../../../../../GameDev/CrystalCavern/Content/Blueprints/BP_PlayerPawn.uasset" SILENT=true
[2023.04.10-02.36.39:133][817]LogSavePackage: Moving '../../../../../../GameDev/CrystalCavern/Saved/BP_PlayerPawnEFF8385A4CD219BF38CAFB8B8793F9C4.tmp' to '../../../../../../GameDev/CrystalCavern/Content/Blueprints/BP_PlayerPawn.uasset'
[2023.04.10-02.41.02:037][410]LogSlate: FSceneViewport::OnFocusLost() reason 0
[2023.04.10-02.41.02:259][425]LogActorComponent: UnregisterComponent: (/Engine/Transient.EditorFloorComp) Not registered. Aborting.
[2023.04.10-02.41.02:305][425]LogSlate: Window 'CrystalCavern - Unreal Editor' being destroyed
[2023.04.10-02.41.02:465][426]Cmd: QUIT_EDITOR
[2023.04.10-02.41.02:477][426]LogWindowsTextInputMethodSystem: Display: IME system now deactivated.
[2023.04.10-02.41.02:482][426]LogExit: Preparing to exit.
[2023.04.10-02.41.03:396][426]LogExit: Editor shut down
[2023.04.10-02.41.03:397][426]LogExit: Transaction tracking system shut down
[2023.04.10-02.41.03:660][426]LogExit: Object subsystem successfully closed.
[2023.04.10-02.41.03:673][426]LogShaderCompilers: Display: Shaders left to compile 0
[2023.04.10-02.41.03:675][426]LogD3D11RHI: Shutdown
[2023.04.10-02.41.03:675][426]LogD3D11RHI: CleanupD3DDevice
[2023.04.10-02.41.03:676][426]LogD3D11RHI: ~FD3D11DynamicRHI
[2023.04.10-02.41.03:694][426]LogModuleManager: Shutting down and abandoning module HierarchicalLODUtilities (616)
[2023.04.10-02.41.03:694][426]LogModuleManager: Shutting down and abandoning module BlueprintGraph (614)
[2023.04.10-02.41.03:694][426]LogModuleManager: Shutting down and abandoning module ExternalImagePicker (612)
[2023.04.10-02.41.03:694][426]LogModuleManager: Shutting down and abandoning module HierarchicalLODOutliner (610)
[2023.04.10-02.41.03:694][426]LogModuleManager: Shutting down and abandoning module SceneOutliner (608)
[2023.04.10-02.41.03:694][426]LogModuleManager: Shutting down and abandoning module AddContentDialog (606)
[2023.04.10-02.41.03:695][426]LogModuleManager: Shutting down and abandoning module WidgetCarousel (605)
[2023.04.10-02.41.03:695][426]LogModuleManager: Shutting down and abandoning module EditorWidgets (602)
[2023.04.10-02.41.03:695][426]LogModuleManager: Shutting down and abandoning module CollectionManager (600)
[2023.04.10-02.41.03:695][426]LogModuleManager: Shutting down and abandoning module StatsViewer (598)
[2023.04.10-02.41.03:695][426]LogModuleManager: Shutting down and abandoning module FoliageEdit (596)
[2023.04.10-02.41.03:695][426]LogModuleManager: Shutting down and abandoning module LandscapeEditor (594)
[2023.04.10-02.41.03:695][426]LogModuleManager: Shutting down and abandoning module MeshPaintMode (592)
[2023.04.10-02.41.03:695][426]LogModuleManager: Shutting down and abandoning module SceneDepthPickerMode (590)
[2023.04.10-02.41.03:695][426]LogModuleManager: Shutting down and abandoning module ActorPickerMode (588)
[2023.04.10-02.41.03:695][426]LogModuleManager: Shutting down and abandoning module GeometryMode (586)
[2023.04.10-02.41.03:695][426]LogModuleManager: Shutting down and abandoning module TextureAlignMode (584)
[2023.04.10-02.41.03:695][426]LogModuleManager: Shutting down and abandoning module BspMode (582)
[2023.04.10-02.41.03:695][426]LogModuleManager: Shutting down and abandoning module PIEPreviewDeviceProfileSelector (580)
[2023.04.10-02.41.03:695][426]LogModuleManager: Shutting down and abandoning module SequenceRecorderSections (578)
[2023.04.10-02.41.03:695][426]LogModuleManager: Shutting down and abandoning module AutomationWorker (576)
[2023.04.10-02.41.03:695][426]LogModuleManager: Shutting down and abandoning module AudioCaptureEditor (574)
[2023.04.10-02.41.03:695][426]LogModuleManager: Shutting down and abandoning module SequenceRecorder (573)
[2023.04.10-02.41.03:695][426]LogModuleManager: Shutting down and abandoning module MatineeToLevelSequence (570)
[2023.04.10-02.41.03:695][426]LogModuleManager: Shutting down and abandoning module LevelSequenceEditor (568)
[2023.04.10-02.41.03:695][426]LogModuleManager: Shutting down and abandoning module PlacementMode (567)
[2023.04.10-02.41.03:695][426]LogModuleManager: Shutting down and abandoning module MaterialEditor (566)
[2023.04.10-02.41.03:695][426]LogModuleManager: Shutting down and abandoning module WmfMediaFactory (562)
[2023.04.10-02.41.03:695][426]LogModuleManager: Shutting down and abandoning module WmfMediaEditor (560)
[2023.04.10-02.41.03:695][426]LogModuleManager: Shutting down and abandoning module MediaPlayerEditor (558)
[2023.04.10-02.41.03:695][426]LogModuleManager: Shutting down and abandoning module OpenExrWrapper (556)
[2023.04.10-02.41.03:695][426]LogModuleManager: Shutting down and abandoning module ImgMediaFactory (554)
[2023.04.10-02.41.03:695][426]LogModuleManager: Shutting down and abandoning module ImgMediaEditor (552)
[2023.04.10-02.41.03:695][426]LogModuleManager: Shutting down and abandoning module AvfMediaFactory (550)
[2023.04.10-02.41.03:695][426]LogModuleManager: Shutting down and abandoning module AvfMediaEditor (548)
[2023.04.10-02.41.03:695][426]LogModuleManager: Shutting down and abandoning module AndroidMediaFactory (546)
[2023.04.10-02.41.03:695][426]LogModuleManager: Shutting down and abandoning module AndroidMediaEditor (544)
[2023.04.10-02.41.03:695][426]LogModuleManager: Shutting down and abandoning module MagicLeapCameraPreviewFactory (542)
[2023.04.10-02.41.03:695][426]LogModuleManager: Shutting down and abandoning module MagicLeapMediaFactory (540)
[2023.04.10-02.41.03:695][426]LogModuleManager: Shutting down and abandoning module MagicLeapMediaEditor (538)
[2023.04.10-02.41.03:695][426]LogModuleManager: Shutting down and abandoning module CharacterAI (536)
[2023.04.10-02.41.03:695][426]LogModuleManager: Shutting down and abandoning module SmartSnapping (534)
[2023.04.10-02.41.03:695][426]LogModuleManager: Shutting down and abandoning module SessionServices (532)
[2023.04.10-02.41.03:695][426]LogModuleManager: Shutting down and abandoning module ViewportSnapping (530)
[2023.04.10-02.41.03:695][426]LogModuleManager: Shutting down and abandoning module ViewportInteraction (528)
[2023.04.10-02.41.03:695][426]LogModuleManager: Shutting down and abandoning module ClothPainter (526)
[2023.04.10-02.41.03:695][426]LogModuleManager: Shutting down and abandoning module SkeletalMeshEditor (525)
[2023.04.10-02.41.03:695][426]LogModuleManager: Shutting down and abandoning module LogVisualizer (522)
[2023.04.10-02.41.03:695][426]LogModuleManager: Shutting down and abandoning module IntroTutorials (520)
[2023.04.10-02.41.03:695][426]LogModuleManager: Shutting down and abandoning module GameProjectGeneration (519)
[2023.04.10-02.41.03:695][426]LogModuleManager: Shutting down and abandoning module LuminPlatformEditor (516)
[2023.04.10-02.41.03:695][426]LogModuleManager: Shutting down and abandoning module IOSPlatformEditor (514)
[2023.04.10-02.41.03:695][426]LogModuleManager: Shutting down and abandoning module HTML5PlatformEditor (512)
[2023.04.10-02.41.03:695][426]LogModuleManager: Shutting down and abandoning module AndroidPlatformEditor (510)
[2023.04.10-02.41.03:695][426]LogModuleManager: Shutting down and abandoning module AndroidDeviceDetection (509)
[2023.04.10-02.41.04:047][426]LogModuleManager: Shutting down and abandoning module WindowsPlatformEditor (506)
[2023.04.10-02.41.04:047][426]LogModuleManager: Shutting down and abandoning module LuminRuntimeSettings (504)
[2023.04.10-02.41.04:047][426]LogModuleManager: Shutting down and abandoning module IOSRuntimeSettings (502)
[2023.04.10-02.41.04:047][426]LogModuleManager: Shutting down and abandoning module AndroidRuntimeSettings (500)
[2023.04.10-02.41.04:047][426]LogModuleManager: Shutting down and abandoning module InputBindingEditor (498)
[2023.04.10-02.41.04:047][426]LogModuleManager: Shutting down and abandoning module MergeActors (496)
[2023.04.10-02.41.04:047][426]LogModuleManager: Shutting down and abandoning module LocalizationDashboard (494)
[2023.04.10-02.41.04:047][426]LogModuleManager: Shutting down and abandoning module LocalizationService (493)
[2023.04.10-02.41.04:047][426]LogModuleManager: Shutting down and abandoning module HardwareTargeting (490)
[2023.04.10-02.41.04:047][426]LogModuleManager: Shutting down and abandoning module DeviceProfileEditor (488)
[2023.04.10-02.41.04:047][426]LogModuleManager: Shutting down and abandoning module UndoHistory (486)
[2023.04.10-02.41.04:047][426]LogModuleManager: Shutting down and abandoning module XmlParser (484)
[2023.04.10-02.41.04:047][426]LogModuleManager: Shutting down and abandoning module Blutility (482)
[2023.04.10-02.41.04:047][426]LogModuleManager: Shutting down and abandoning module ProjectSettingsViewer (480)
[2023.04.10-02.41.04:047][426]LogModuleManager: Shutting down and abandoning module ProjectTargetPlatformEditor (479)
[2023.04.10-02.41.04:047][426]LogModuleManager: Shutting down and abandoning module EditorSettingsViewer (476)
[2023.04.10-02.41.04:047][426]LogModuleManager: Shutting down and abandoning module SettingsEditor (474)
[2023.04.10-02.41.04:047][426]LogModuleManager: Shutting down and abandoning module ProjectLauncher (472)
[2023.04.10-02.41.04:047][426]LogModuleManager: Shutting down and abandoning module SessionFrontend (470)
[2023.04.10-02.41.04:048][426]LogModuleManager: Shutting down and abandoning module ProfilerClient (468)
[2023.04.10-02.41.04:048][426]LogModuleManager: Shutting down and abandoning module DeviceManager (466)
[2023.04.10-02.41.04:048][426]LogModuleManager: Shutting down and abandoning module TargetDeviceServices (465)
[2023.04.10-02.41.04:092][426]LogModuleManager: Shutting down and abandoning module AutomationController (462)
[2023.04.10-02.41.04:092][426]LogModuleManager: Shutting down and abandoning module AutomationWindow (460)
[2023.04.10-02.41.04:092][426]LogModuleManager: Shutting down and abandoning module Layers (458)
[2023.04.10-02.41.04:092][426]LogModuleManager: Shutting down and abandoning module ComponentVisualizers (456)
[2023.04.10-02.41.04:092][426]LogModuleManager: Shutting down and abandoning module DetailCustomizations (454)
[2023.04.10-02.41.04:092][426]LogModuleManager: Shutting down and abandoning module PackagesDialog (452)
[2023.04.10-02.41.04:092][426]LogModuleManager: Shutting down and abandoning module Persona (450)
[2023.04.10-02.41.04:092][426]LogModuleManager: Shutting down and abandoning module AdvancedPreviewScene (449)
[2023.04.10-02.41.04:092][426]LogModuleManager: Shutting down and abandoning module AnimGraph (447)
[2023.04.10-02.41.04:092][426]LogModuleManager: Shutting down and abandoning module Kismet (444)
[2023.04.10-02.41.04:094][426]LogModuleManager: Shutting down and abandoning module GraphEditor (442)
[2023.04.10-02.41.04:095][426]LogModuleManager: Shutting down and abandoning module ClassViewer (440)
[2023.04.10-02.41.04:096][426]LogModuleManager: Shutting down and abandoning module Toolbox (438)
[2023.04.10-02.41.04:096][426]LogModuleManager: Shutting down and abandoning module ModuleUI (436)
[2023.04.10-02.41.04:096][426]LogModuleManager: Shutting down and abandoning module MovieSceneTools (434)
[2023.04.10-02.41.04:096][426]LogModuleManager: Shutting down and abandoning module OutputLog (432)
[2023.04.10-02.41.04:096][426]LogModuleManager: Shutting down and abandoning module GammaUI (430)
[2023.04.10-02.41.04:096][426]LogModuleManager: Shutting down and abandoning module Documentation (428)
[2023.04.10-02.41.04:096][426]LogModuleManager: Shutting down and abandoning module MovieSceneTracks (426)
[2023.04.10-02.41.04:096][426]LogModuleManager: Shutting down and abandoning module MovieScene (424)
[2023.04.10-02.41.04:096][426]LogModuleManager: Shutting down and abandoning module StreamingPauseRendering (422)
[2023.04.10-02.41.04:096][426]LogModuleManager: Shutting down and abandoning module LauncherPlatform (420)
[2023.04.10-02.41.04:096][426]LogModuleManager: Shutting down and abandoning module AnalyticsET (418)
[2023.04.10-02.41.04:096][426]LogModuleManager: Shutting down and abandoning module PortalServices (416)
[2023.04.10-02.41.04:096][426]LogModuleManager: Shutting down and abandoning module PortalRpc (414)
[2023.04.10-02.41.04:096][426]LogModuleManager: Shutting down and abandoning module MessagingRpc (412)
[2023.04.10-02.41.04:096][426]LogModuleManager: Shutting down and abandoning module AIModule (410)
[2023.04.10-02.41.04:096][426]LogModuleManager: Shutting down and abandoning module GameplayDebugger (409)
[2023.04.10-02.41.04:096][426]LogModuleManager: Shutting down and abandoning module AITestSuite (407)
[2023.04.10-02.41.04:096][426]LogModuleManager: Shutting down and abandoning module NavigationSystem (405)
[2023.04.10-02.41.04:096][426]LogModuleManager: Shutting down and abandoning module DesktopPlatform (402)
[2023.04.10-02.41.04:096][426]LogModuleManager: Shutting down and abandoning module ProfilerService (400)
[2023.04.10-02.41.04:284][426]LogModuleManager: Shutting down and abandoning module TaskGraph (398)
[2023.04.10-02.41.04:284][426]LogModuleManager: Shutting down and abandoning module SteamVRController (396)
[2023.04.10-02.41.04:284][426]LogModuleManager: Shutting down and abandoning module ProceduralMeshComponentEditor (394)
[2023.04.10-02.41.04:284][426]LogModuleManager: Shutting down and abandoning module ProceduralMeshComponent (392)
[2023.04.10-02.41.04:284][426]LogModuleManager: Shutting down and abandoning module OculusInput (390)
[2023.04.10-02.41.04:284][426]LogModuleManager: Shutting down and abandoning module MobilePatchingUtils (388)
[2023.04.10-02.41.04:284][426]LogModuleManager: Shutting down and abandoning module EditableMesh (386)
[2023.04.10-02.41.04:284][426]LogModuleManager: Shutting down and abandoning module CustomMeshComponent (384)
[2023.04.10-02.41.04:284][426]LogModuleManager: Shutting down and abandoning module CableComponent (382)
[2023.04.10-02.41.04:284][426]LogModuleManager: Shutting down and abandoning module AudioCapture (380)
[2023.04.10-02.41.04:284][426]LogModuleManager: Shutting down and abandoning module ArchVisCharacter (378)
[2023.04.10-02.41.04:284][426]LogModuleManager: Shutting down and abandoning module AndroidPermission (376)
[2023.04.10-02.41.04:284][426]LogModuleManager: Shutting down and abandoning module NUTUnrealEngine4 (374)
[2023.04.10-02.41.04:284][426]LogModuleManager: Shutting down and abandoning module NetcodeUnitTest (372)
[2023.04.10-02.41.04:284][426]LogModuleManager: Shutting down and abandoning module MediaCompositingEditor (370)
[2023.04.10-02.41.04:284][426]LogModuleManager: Shutting down and abandoning module MediaCompositing (368)
[2023.04.10-02.41.04:284][426]LogModuleManager: Shutting down and abandoning module LinearTimecode (366)
[2023.04.10-02.41.04:284][426]LogModuleManager: Shutting down and abandoning module ImgMedia (364)
[2023.04.10-02.41.04:286][426]LogModuleManager: Shutting down and abandoning module HTML5Networking (362)
[2023.04.10-02.41.04:286][426]LogModuleManager: Shutting down and abandoning module GeometryCacheTracks (360)
[2023.04.10-02.41.04:286][426]LogModuleManager: Shutting down and abandoning module GeometryCacheSequencer (358)
[2023.04.10-02.41.04:286][426]LogModuleManager: Shutting down and abandoning module BackChannel (356)
[2023.04.10-02.41.04:286][426]LogModuleManager: Shutting down and abandoning module AppleVision (354)
[2023.04.10-02.41.04:286][426]LogModuleManager: Shutting down and abandoning module AppleImageUtils (352)
[2023.04.10-02.41.04:286][426]LogModuleManager: Shutting down and abandoning module AlembicImporter (350)
[2023.04.10-02.41.04:286][426]LogModuleManager: Shutting down and abandoning module AlembicLibrary (349)
[2023.04.10-02.41.04:286][426]LogModuleManager: Shutting down and abandoning module GeometryCache (348)
[2023.04.10-02.41.04:286][426]LogModuleManager: Shutting down and abandoning module GeometryCacheEd (347)
[2023.04.10-02.41.04:286][426]LogModuleManager: Shutting down and abandoning module DatasmithContentEditor (342)
[2023.04.10-02.41.04:286][426]LogModuleManager: Shutting down and abandoning module DatasmithContent (340)
[2023.04.10-02.41.04:287][426]LogModuleManager: Shutting down and abandoning module SpeedTreeImporter (338)
[2023.04.10-02.41.04:287][426]LogModuleManager: Shutting down and abandoning module PluginBrowser (336)
[2023.04.10-02.41.04:287][426]LogModuleManager: Shutting down and abandoning module MobileLauncherProfileWizard (334)
[2023.04.10-02.41.04:287][426]LogModuleManager: Shutting down and abandoning module PolygonModeling (332)
[2023.04.10-02.41.04:287][426]LogModuleManager: Shutting down and abandoning module MeshEditor (330)
[2023.04.10-02.41.04:287][426]LogModuleManager: Shutting down and abandoning module CryptoKeysOpenSSL (328)
[2023.04.10-02.41.04:287][426]LogModuleManager: Shutting down and abandoning module CryptoKeys (326)
[2023.04.10-02.41.04:287][426]LogModuleManager: Shutting down and abandoning module VisualStudioSourceCodeAccess (324)
[2023.04.10-02.41.04:287][426]LogModuleManager: Shutting down and abandoning module VisualStudioCodeSourceCodeAccess (322)
[2023.04.10-02.41.04:287][426]LogModuleManager: Shutting down and abandoning module UObjectPlugin (320)
[2023.04.10-02.41.04:287][426]LogModuleManager: Shutting down and abandoning module SubversionSourceControl (318)
[2023.04.10-02.41.04:287][426]LogModuleManager: Shutting down and abandoning module PerforceSourceControl (316)
[2023.04.10-02.41.04:287][426]LogModuleManager: Shutting down and abandoning module GitSourceControl (314)
[2023.04.10-02.41.04:287][426]LogModuleManager: Shutting down and abandoning module SourceControl (313)
[2023.04.10-02.41.04:287][426]LogModuleManager: Shutting down and abandoning module CLionSourceCodeAccess (310)
[2023.04.10-02.41.04:287][426]LogModuleManager: Shutting down and abandoning module LightPropagationVolumeEditor (308)
[2023.04.10-02.41.04:287][426]LogModuleManager: Shutting down and abandoning module PaperTiledImporter (306)
[2023.04.10-02.41.04:287][426]LogModuleManager: Shutting down and abandoning module PaperSpriteSheetImporter (304)
[2023.04.10-02.41.04:287][426]LogModuleManager: Shutting down and abandoning module Paper2DEditor (302)
[2023.04.10-02.41.04:287][426]LogModuleManager: Shutting down and abandoning module MeshPaint (301)
[2023.04.10-02.41.04:287][426]LogModuleManager: Shutting down and abandoning module RuntimePhysXCooking (298)
[2023.04.10-02.41.04:287][426]LogModuleManager: Shutting down and abandoning module PhysXVehiclesEditor (296)
[2023.04.10-02.41.04:287][426]LogModuleManager: Shutting down and abandoning module PhysXVehicles (294)
[2023.04.10-02.41.04:287][426]LogModuleManager: Shutting down and abandoning module OculusEditor (292)
[2023.04.10-02.41.04:287][426]LogModuleManager: Shutting down and abandoning module LocationServicesBPLibrary (290)
[2023.04.10-02.41.04:287][426]LogModuleManager: Shutting down and abandoning module ImmediatePhysicsEditor (288)
[2023.04.10-02.41.04:287][426]LogModuleManager: Shutting down and abandoning module ImmediatePhysics (286)
[2023.04.10-02.41.04:287][426]LogModuleManager: Shutting down and abandoning module ActorSequence (284)
[2023.04.10-02.41.04:287][426]LogModuleManager: Shutting down and abandoning module UdpMessaging (282)
[2023.04.10-02.41.04:388][426]LogModuleManager: Shutting down and abandoning module TcpMessaging (280)
[2023.04.10-02.41.04:489][426]LogModuleManager: Shutting down and abandoning module MagicLeapAudio (278)
[2023.04.10-02.41.04:489][426]LogModuleManager: Shutting down and abandoning module GameplayTagsEditor (276)
[2023.04.10-02.41.04:489][426]LogModuleManager: Shutting down and abandoning module FacialAnimationEditor (274)
[2023.04.10-02.41.04:489][426]LogModuleManager: Shutting down and abandoning module FacialAnimation (272)
[2023.04.10-02.41.04:489][426]LogModuleManager: Shutting down and abandoning module DataValidation (270)
[2023.04.10-02.41.04:489][426]LogModuleManager: Shutting down and abandoning module AssetManagerEditor (268)
[2023.04.10-02.41.04:489][426]LogModuleManager: Shutting down and abandoning module LevelEditor (267)
[2023.04.10-02.41.04:489][426]LogModuleManager: Shutting down and abandoning module PixelInspectorModule (266)
[2023.04.10-02.41.04:489][426]LogModuleManager: Shutting down and abandoning module CommonMenuExtensions (264)
[2023.04.10-02.41.04:489][426]LogModuleManager: Shutting down and abandoning module MainFrame (262)
[2023.04.10-02.41.04:489][426]LogModuleManager: Shutting down and abandoning module HotReload (261)
[2023.04.10-02.41.04:490][426]LogModuleManager: Shutting down and abandoning module ContentBrowser (257)
[2023.04.10-02.41.04:490][426]LogModuleManager: Shutting down and abandoning module TreeMap (255)
[2023.04.10-02.41.04:490][426]LogModuleManager: Shutting down and abandoning module LightPropagationVolumeRuntime (252)
[2023.04.10-02.41.04:490][426]LogModuleManager: Shutting down and abandoning module AISupportModule (250)
[2023.04.10-02.41.04:490][426]LogModuleManager: Shutting down and abandoning module Paper2D (248)
[2023.04.10-02.41.04:490][426]LogModuleManager: Shutting down and abandoning module WindowsMoviePlayer (246)
[2023.04.10-02.41.04:490][426]LogModuleManager: Shutting down and abandoning module WmfMedia (244)
[2023.04.10-02.41.04:491][426]LogModuleManager: Shutting down and abandoning module Media (243)
[2023.04.10-02.41.04:497][426]LogModuleManager: Shutting down and abandoning module PacketHandler (240)
[2023.04.10-02.41.04:497][426]LogModuleManager: Shutting down and abandoning module ClothingSystemEditor (238)
[2023.04.10-02.41.04:497][426]LogModuleManager: Shutting down and abandoning module ClothingSystemRuntime (236)
[2023.04.10-02.41.04:497][426]LogModuleManager: Shutting down and abandoning module MediaAssets (234)
[2023.04.10-02.41.04:497][426]LogModuleManager: Shutting down and abandoning module Overlay (232)
[2023.04.10-02.41.04:497][426]LogModuleManager: Shutting down and abandoning module OverlayEditor (231)
[2023.04.10-02.41.04:497][426]LogModuleManager: Shutting down and abandoning module VREditor (228)
[2023.04.10-02.41.04:497][426]LogModuleManager: Shutting down and abandoning module StringTableEditor (226)
[2023.04.10-02.41.04:497][426]LogModuleManager: Shutting down and abandoning module GameplayTasksEditor (224)
[2023.04.10-02.41.04:497][426]LogModuleManager: Shutting down and abandoning module BehaviorTreeEditor (222)
[2023.04.10-02.41.04:497][426]LogModuleManager: Shutting down and abandoning module FunctionalTesting (220)
[2023.04.10-02.41.04:497][426]LogModuleManager: Shutting down and abandoning module CollisionAnalyzer (218)
[2023.04.10-02.41.04:497][426]LogModuleManager: Shutting down and abandoning module WorkspaceMenuStructure (217)
[2023.04.10-02.41.04:497][426]LogModuleManager: Shutting down and abandoning module UMG (214)
[2023.04.10-02.41.04:497][426]LogModuleManager: Shutting down and abandoning module UMGEditor (213)
[2023.04.10-02.41.04:497][426]LogModuleManager: Shutting down and abandoning module Sequencer (212)
[2023.04.10-02.41.04:497][426]LogModuleManager: Shutting down and abandoning module MessageLog (209)
[2023.04.10-02.41.04:497][426]LogModuleManager: Shutting down and abandoning module SlateReflector (204)
[2023.04.10-02.41.04:497][426]LogModuleManager: Shutting down and abandoning module Slate (202)
[2023.04.10-02.41.04:497][426]LogModuleManager: Shutting down and abandoning module EditorStyle (200)
[2023.04.10-02.41.04:498][426]LogModuleManager: Shutting down and abandoning module MRMesh (198)
[2023.04.10-02.41.04:498][426]LogModuleManager: Shutting down and abandoning module SourceCodeAccess (196)
[2023.04.10-02.41.04:498][426]LogModuleManager: Shutting down and abandoning module HeadMountedDisplay (194)
[2023.04.10-02.41.04:498][426]LogModuleManager: Shutting down and abandoning module XAudio2 (192)
[2023.04.10-02.41.04:498][426]LogModuleManager: Shutting down and abandoning module Networking (190)
[2023.04.10-02.41.04:498][426]LogModuleManager: Shutting down and abandoning module Core (188)
[2023.04.10-02.41.04:498][426]LogModuleManager: Shutting down and abandoning module LevelSequence (186)
[2023.04.10-02.41.04:498][426]LogModuleManager: Shutting down and abandoning module KismetCompiler (184)
[2023.04.10-02.41.04:498][426]LogModuleManager: Shutting down and abandoning module MeshUtilities (182)
[2023.04.10-02.41.04:498][426]LogModuleManager: Shutting down and abandoning module MeshMergeUtilities (181)
[2023.04.10-02.41.04:498][426]LogModuleManager: Shutting down and abandoning module MeshReductionInterface (180)
[2023.04.10-02.41.04:498][426]LogModuleManager: Shutting down and abandoning module SimplygonSwarm (179)
[2023.04.10-02.41.04:498][426]LogModuleManager: Shutting down and abandoning module ProxyLODMeshReduction (177)
[2023.04.10-02.41.04:498][426]LogModuleManager: Shutting down and abandoning module SimplygonMeshReduction (175)
[2023.04.10-02.41.04:498][426]LogModuleManager: Shutting down and abandoning module QuadricMeshReduction (173)
[2023.04.10-02.41.04:498][426]LogModuleManager: Shutting down and abandoning module MaterialBaking (169)
[2023.04.10-02.41.04:499][426]LogModuleManager: Shutting down and abandoning module DirectoryWatcher (165)
[2023.04.10-02.41.04:499][426]LogModuleManager: Shutting down and abandoning module DerivedDataCache (162)
[2023.04.10-02.41.04:505][426]LogDerivedDataCache: Shutdown
[2023.04.10-02.41.04:505][426]LogModuleManager: Shutting down and abandoning module XGEController (160)
[2023.04.10-02.41.04:505][426]LogModuleManager: Shutting down and abandoning module TargetPlatform (158)
[2023.04.10-02.41.04:505][426]LogModuleManager: Shutting down and abandoning module VulkanShaderFormat (157)
[2023.04.10-02.41.04:505][426]LogModuleManager: Shutting down and abandoning module ShaderFormatVectorVM (155)
[2023.04.10-02.41.04:505][426]LogModuleManager: Shutting down and abandoning module ShaderFormatOpenGL (153)
[2023.04.10-02.41.04:505][426]LogModuleManager: Shutting down and abandoning module ShaderFormatD3D (151)
[2023.04.10-02.41.04:505][426]LogModuleManager: Shutting down and abandoning module MetalShaderFormat (149)
[2023.04.10-02.41.04:505][426]LogModuleManager: Shutting down and abandoning module TextureFormatUncompressed (147)
[2023.04.10-02.41.04:505][426]LogModuleManager: Shutting down and abandoning module TextureFormatPVR (145)
[2023.04.10-02.41.04:505][426]LogModuleManager: Shutting down and abandoning module TextureFormatDXT (143)
[2023.04.10-02.41.04:505][426]LogModuleManager: Shutting down and abandoning module TextureFormatIntelISPCTexComp (141)
[2023.04.10-02.41.04:505][426]LogModuleManager: Shutting down and abandoning module TextureFormatASTC (139)
[2023.04.10-02.41.04:505][426]LogModuleManager: Shutting down and abandoning module ImageWrapper (138)
[2023.04.10-02.41.04:505][426]LogModuleManager: Shutting down and abandoning module TextureFormatAndroid (135)
[2023.04.10-02.41.04:505][426]LogModuleManager: Shutting down and abandoning module AudioFormatOpus (133)
[2023.04.10-02.41.04:505][426]LogModuleManager: Shutting down and abandoning module AudioFormatOgg (131)
[2023.04.10-02.41.04:505][426]LogModuleManager: Shutting down and abandoning module AudioFormatADPCM (129)
[2023.04.10-02.41.04:505][426]LogModuleManager: Shutting down and abandoning module LuminTargetPlatform (127)
[2023.04.10-02.41.04:505][426]LogModuleManager: Shutting down and abandoning module LinuxTargetPlatform (125)
[2023.04.10-02.41.04:505][426]LogModuleManager: Shutting down and abandoning module LinuxServerTargetPlatform (123)
[2023.04.10-02.41.04:505][426]LogModuleManager: Shutting down and abandoning module LinuxNoEditorTargetPlatform (121)
[2023.04.10-02.41.04:505][426]LogModuleManager: Shutting down and abandoning module LinuxClientTargetPlatform (119)
[2023.04.10-02.41.04:505][426]LogModuleManager: Shutting down and abandoning module TVOSTargetPlatform (117)
[2023.04.10-02.41.04:506][426]LogModuleManager: Shutting down and abandoning module Messaging (115)
[2023.04.10-02.41.04:506][426]LogModuleManager: Shutting down and abandoning module IOSTargetPlatform (113)
[2023.04.10-02.41.04:506][426]LogModuleManager: Shutting down and abandoning module HTML5TargetPlatform (111)
[2023.04.10-02.41.04:506][426]LogModuleManager: Shutting down and abandoning module AndroidTargetPlatform (109)
[2023.04.10-02.41.04:510][426]LogModuleManager: Shutting down and abandoning module WindowsTargetPlatform (107)
[2023.04.10-02.41.04:510][426]LogModuleManager: Shutting down and abandoning module WindowsServerTargetPlatform (105)
[2023.04.10-02.41.04:510][426]LogModuleManager: Shutting down and abandoning module WindowsNoEditorTargetPlatform (103)
[2023.04.10-02.41.04:510][426]LogModuleManager: Shutting down and abandoning module WindowsClientTargetPlatform (101)
[2023.04.10-02.41.04:510][426]LogModuleManager: Shutting down and abandoning module MacTargetPlatform (99)
[2023.04.10-02.41.04:510][426]LogModuleManager: Shutting down and abandoning module MacServerTargetPlatform (97)
[2023.04.10-02.41.04:510][426]LogModuleManager: Shutting down and abandoning module MacNoEditorTargetPlatform (95)
[2023.04.10-02.41.04:510][426]LogModuleManager: Shutting down and abandoning module MacClientTargetPlatform (93)
[2023.04.10-02.41.04:510][426]LogModuleManager: Shutting down and abandoning module AllDesktopTargetPlatform (91)
[2023.04.10-02.41.04:510][426]LogModuleManager: Shutting down and abandoning module InputCore (88)
[2023.04.10-02.41.04:510][426]LogModuleManager: Shutting down and abandoning module Settings (86)
[2023.04.10-02.41.04:510][426]LogModuleManager: Shutting down and abandoning module PhysXCooking (84)
[2023.04.10-02.41.04:510][426]LogModuleManager: Shutting down and abandoning module SteamVR (82)
[2023.04.10-02.41.04:510][426]LogModuleManager: Shutting down and abandoning module OculusHMD (80)
[2023.04.10-02.41.04:510][426]LogModuleManager: Shutting down and abandoning module ExampleDeviceProfileSelector (78)
[2023.04.10-02.41.04:510][426]LogModuleManager: Shutting down and abandoning module LauncherChunkInstaller (76)
[2023.04.10-02.41.04:510][426]LogModuleManager: Shutting down and abandoning module OnlineBlueprintSupport (74)
[2023.04.10-02.41.04:510][426]LogModuleManager: Shutting down and abandoning module OnlineSubsystem (70)
[2023.04.10-02.41.04:510][426]LogModuleManager: Shutting down and abandoning module XMPP (65)
[2023.04.10-02.41.04:510][426]LogModuleManager: Shutting down and abandoning module WebSockets (64)
[2023.04.10-02.41.04:544][426]LogModuleManager: Shutting down and abandoning module HTTP (61)
[2023.04.10-02.41.04:544][426]LogHttp: Display: Http module shutting down, but needs to wait on 1 outstanding Http requests:
[2023.04.10-02.41.04:544][426]LogHttp: Display: 	verb=[POST] url=[https://datarouter.ol.epicgames.com/datarouter/api/v1/public/data?SessionID=%7B7A259986-4FC0-CA69-CAAD-1D8A93777AD4%7D&AppID=UEEditor.Rocket.Release&AppVersion=4.20.3-4369336%2B%2B%2BUE4%2BRelease-4.20&UserID=63052a4a415ea715a9ba078a77c42ba9%7C0507eb520d4d493aa837bd1917b4d2e7%7C0786eda7-4b31-4c3d-97b6-9dbc1ff6acbb&AppEnvironment=datacollector-binary&UploadType=eteventstream] status=Processing
[2023.04.10-02.41.04:574][426]LogModuleManager: Shutting down and abandoning module SSL (60)
[2023.04.10-02.41.04:575][426]LogModuleManager: Shutting down and abandoning module MagicLeapEmulator (56)
[2023.04.10-02.41.04:575][426]LogModuleManager: Shutting down and abandoning module MagicLeapPrivileges (54)
[2023.04.10-02.41.04:575][426]LogModuleManager: Shutting down and abandoning module MagicLeapIdentity (52)
[2023.04.10-02.41.04:575][426]LogModuleManager: Shutting down and abandoning module MagicLeapHelperVulkan (50)
[2023.04.10-02.41.04:575][426]LogModuleManager: Shutting down and abandoning module MagicLeapHelperOpenGL (48)
[2023.04.10-02.41.04:575][426]LogModuleManager: Shutting down and abandoning module MagicLeapSecureStorage (46)
[2023.04.10-02.41.04:575][426]LogModuleManager: Shutting down and abandoning module MagicLeapGestures (44)
[2023.04.10-02.41.04:575][426]LogModuleManager: Shutting down and abandoning module MagicLeapEyeTracker (42)
[2023.04.10-02.41.04:575][426]LogModuleManager: Shutting down and abandoning module MagicLeapController (40)
[2023.04.10-02.41.04:575][426]LogSlate: Slate User Destroyed.  User Index 0, Is Virtual User: 0
[2023.04.10-02.41.04:575][426]LogModuleManager: Shutting down and abandoning module MagicLeap (38)
[2023.04.10-02.41.04:575][426]LogModuleManager: Shutting down and abandoning module AnimationModifiers (36)
[2023.04.10-02.41.04:575][426]LogModuleManager: Shutting down and abandoning module PropertyEditor (35)
[2023.04.10-02.41.04:575][426]LogModuleManager: Shutting down and abandoning module AudioEditor (32)
[2023.04.10-02.41.04:575][426]LogModuleManager: Shutting down and abandoning module TextureCompressor (30)
[2023.04.10-02.41.04:575][426]LogModuleManager: Shutting down and abandoning module ShaderCore (28)
[2023.04.10-02.41.04:575][426]LogModuleManager: Shutting down and abandoning module Landscape (26)
[2023.04.10-02.41.04:575][426]LogModuleManager: Shutting down and abandoning module SlateRHIRenderer (24)
[2023.04.10-02.41.04:576][426]LogModuleManager: Shutting down and abandoning module OpenGLDrv (22)
[2023.04.10-02.41.04:576][426]LogModuleManager: Shutting down and abandoning module D3D11RHI (20)
[2023.04.10-02.41.04:576][426]LogModuleManager: Shutting down and abandoning module AnimGraphRuntime (18)
[2023.04.10-02.41.04:576][426]LogModuleManager: Shutting down and abandoning module Renderer (16)
[2023.04.10-02.41.04:576][426]LogModuleManager: Shutting down and abandoning module Engine (14)
[2023.04.10-02.41.04:576][426]LogModuleManager: Shutting down and abandoning module CoreUObject (12)
[2023.04.10-02.41.04:576][426]LogModuleManager: Shutting down and abandoning module NetworkFile (10)
[2023.04.10-02.41.04:576][426]LogModuleManager: Shutting down and abandoning module CookedIterativeFile (8)
[2023.04.10-02.41.04:576][426]LogModuleManager: Shutting down and abandoning module StreamingFile (6)
[2023.04.10-02.41.04:576][426]LogModuleManager: Shutting down and abandoning module SandboxFile (4)
[2023.04.10-02.41.04:576][426]LogModuleManager: Shutting down and abandoning module PakFile (2)
[2023.04.10-02.41.04:582][426]LogExit: Exiting.
[2023.04.10-02.41.04:597][426]Log file closed, 04/09/23 22:41:04
