Log file open, 04/25/23 12:33:08
LogWindows: Failed to load 'aqProf.dll' (GetLastError=126)
LogWindows: File 'aqProf.dll' does not exist
LogWindows: Failed to load 'VSPerf140.dll' (GetLastError=126)
LogWindows: File 'VSPerf140.dll' does not exist
LogWindows: Failed to load 'VtuneApi.dll' (GetLastError=126)
LogWindows: File 'VtuneApi.dll' does not exist
LogWindows: Failed to load 'VtuneApi32e.dll' (GetLastError=126)
LogWindows: File 'VtuneApi32e.dll' does not exist
LogInit: Display: Running engine for game: CrystalCavern
LogPlatformFile: Not using cached read wrapper
LogTaskGraph: Started task graph with 5 named threads and 35 total threads with 3 sets of task threads.
LogStats: Stats thread started at 0.541848
LogD3D11RHI: Loaded GFSDK_Aftermath_Lib.x64.dll
LogICUInternationalization: Display: ICU TimeZone Detection - Raw Offset: -5:00, Platform Override: ''
LogPluginManager: Mounting plugin Paper2D
LogPluginManager: Mounting plugin AISupport
LogPluginManager: Mounting plugin LightPropagationVolume
LogPluginManager: Mounting plugin CLionSourceCodeAccess
LogPluginManager: Mounting plugin CodeLiteSourceCodeAccess
LogPluginManager: Mounting plugin GitSourceControl
LogPluginManager: Mounting plugin KDevelopSourceCodeAccess
LogPluginManager: Mounting plugin NullSourceCodeAccess
LogPluginManager: Mounting plugin PerforceSourceControl
LogPluginManager: Mounting plugin SubversionSourceControl
LogPluginManager: Mounting plugin UObjectPlugin
LogPluginManager: Mounting plugin VisualStudioCodeSourceCodeAccess
LogPluginManager: Mounting plugin VisualStudioSourceCodeAccess
LogPluginManager: Mounting plugin XCodeSourceCodeAccess
LogPluginManager: Mounting plugin AssetManagerEditor
LogPluginManager: Mounting plugin CryptoKeys
LogPluginManager: Mounting plugin DataValidation
LogPluginManager: Mounting plugin FacialAnimation
LogPluginManager: Mounting plugin GameplayTagsEditor
LogPluginManager: Mounting plugin MacGraphicsSwitching
LogPluginManager: Mounting plugin MeshEditor
LogPluginManager: Mounting plugin MobileLauncherProfileWizard
LogPluginManager: Mounting plugin PluginBrowser
LogPluginManager: Mounting plugin SpeedTreeImporter
LogPluginManager: Mounting plugin DatasmithContent
LogPluginManager: Mounting plugin AlembicImporter
LogPluginManager: Mounting plugin AppleImageUtils
LogPluginManager: Mounting plugin AppleVision
LogPluginManager: Mounting plugin BackChannel
LogPluginManager: Mounting plugin CharacterAI
LogPluginManager: Mounting plugin GeometryCache
LogPluginManager: Mounting plugin HTML5Networking
LogPluginManager: Mounting plugin ProxyLODPlugin
LogPluginManager: Mounting plugin MagicLeap
LogPluginManager: Mounting plugin MagicLeapEmulator
LogPluginManager: Mounting plugin MagicLeapMedia
LogPluginManager: Mounting plugin AndroidMedia
LogPluginManager: Mounting plugin AvfMedia
LogPluginManager: Mounting plugin ImgMedia
LogPluginManager: Mounting plugin LinearTimecode
LogPluginManager: Mounting plugin MediaCompositing
LogPluginManager: Mounting plugin MediaPlayerEditor
LogPluginManager: Mounting plugin WmfMedia
LogPluginManager: Mounting plugin TcpMessaging
LogPluginManager: Mounting plugin UdpMessaging
LogPluginManager: Mounting plugin ActorSequence
LogPluginManager: Mounting plugin LevelSequenceEditor
LogPluginManager: Mounting plugin MatineeToLevelSequence
LogPluginManager: Mounting plugin NetcodeUnitTest
LogPluginManager: Mounting plugin NUTUnrealEngine4
LogPluginManager: Mounting plugin OnlineSubsystemGooglePlay
LogPluginManager: Mounting plugin OnlineSubsystemIOS
LogPluginManager: Mounting plugin OnlineSubsystem
LogPluginManager: Mounting plugin OnlineSubsystemNull
LogPluginManager: Mounting plugin OnlineSubsystemUtils
LogPluginManager: Mounting plugin LauncherChunkInstaller
LogPluginManager: Mounting plugin AndroidDeviceProfileSelector
LogPluginManager: Mounting plugin AndroidMoviePlayer
LogPluginManager: Mounting plugin AndroidPermission
LogPluginManager: Mounting plugin AppleMoviePlayer
LogPluginManager: Mounting plugin ArchVisCharacter
LogPluginManager: Mounting plugin AudioCapture
LogPluginManager: Mounting plugin CableComponent
LogPluginManager: Mounting plugin CustomMeshComponent
LogPluginManager: Mounting plugin EditableMesh
LogPluginManager: Mounting plugin ExampleDeviceProfileSelector
LogPluginManager: Mounting plugin GoogleCloudMessaging
LogPluginManager: Mounting plugin ImmediatePhysics
LogPluginManager: Mounting plugin IOSDeviceProfileSelector
LogPluginManager: Mounting plugin LinuxDeviceProfileSelector
LogPluginManager: Mounting plugin LocationServicesBPLibrary
LogPluginManager: Mounting plugin MobilePatchingUtils
LogPluginManager: Mounting plugin OculusVR
LogPluginManager: Plugin shader directory ../../../Engine/Plugins/Runtime/Oculus/OculusVR/Shaders found
LogPluginManager: Mapping shader source directory ../../../Engine/Plugins/Runtime/Oculus/OculusVR/Shaders to virtual directory /Plugin/OculusVR
LogPluginManager: Mounting plugin PhysXVehicles
LogPluginManager: Mounting plugin ProceduralMeshComponent
LogPluginManager: Mounting plugin RuntimePhysXCooking
LogPluginManager: Mounting plugin SteamVR
LogPluginManager: Mounting plugin WindowsMoviePlayer
LogStreaming: Display: Took  0.101s to configure plugins.
LogInit: Using libcurl 7.55.1-DEV
LogInit:  - built for x86_64-pc-win32
LogInit:  - supports SSL with OpenSSL/1.0.2h
LogInit:  - supports HTTP deflate (compression) using libz 1.2.8
LogInit:  - other features:
LogInit:      CURL_VERSION_SSL
LogInit:      CURL_VERSION_LIBZ
LogInit:      CURL_VERSION_IPV6
LogInit:      CURL_VERSION_ASYNCHDNS
LogInit:      CURL_VERSION_LARGEFILE
LogInit:      CURL_VERSION_IDN
LogInit:  CurlRequestOptions (configurable via config and command line):
LogInit:  - bVerifyPeer = false  - Libcurl will NOT verify peer certificate
LogInit:  - bUseHttpProxy = false  - Libcurl will NOT use HTTP proxy
LogInit:  - bDontReuseConnections = false  - Libcurl will reuse connections
LogInit:  - CertBundlePath = nullptr  - Libcurl will use whatever was configured at build time.
LogInit:  - MaxHostConnections = 16  - Libcurl will limit the number of connections to a host
LogInit:  - LocalHostAddr = Default
LogInit:  - BufferSize = 65536
LogInit: WinSock: version 1.1 (2.2), MaxSocks=32767, MaxUdp=65467
LogInit: Build: ++UE4+Release-4.20-CL-4369336
LogInit: Engine Version: 4.20.3-4369336+++UE4+Release-4.20
LogInit: Compatible Engine Version: 4.20.0-4212847+++UE4+Release-4.20
LogInit: Net CL: 4212847
LogInit: OS: Windows 10 (), CPU: AMD Ryzen 5 5600X 6-Core Processor             , GPU: NVIDIA GeForce RTX 3060
LogInit: Compiled (64-bit): Sep 17 2018 12:26:19
LogInit: Compiled with Visual C++: 19.13.26129.00
LogInit: Build Configuration: Development
LogInit: Branch Name: ++UE4+Release-4.20
LogInit: Command Line: 
LogInit: Base Directory: C:/Program Files/Epic Games/UE_4.20/Engine/Binaries/Win64/
LogInit: Installed Engine Build: 1
LogDevObjectVersion: Number of dev versions registered: 20
LogDevObjectVersion:   Dev-Blueprints (B0D832E4-1F89-4F0D-ACCF-7EB736FD4AA2): 10
LogDevObjectVersion:   Dev-Build (E1C64328-A22C-4D53-A36C-8E866417BD8C): 0
LogDevObjectVersion:   Dev-Core (375EC13C-06E4-48FB-B500-84F0262A717E): 2
LogDevObjectVersion:   Dev-Editor (E4B068ED-F494-42E9-A231-DA0B2E46BB41): 24
LogDevObjectVersion:   Dev-Framework (CFFC743F-43B0-4480-9391-14DF171D2073): 34
LogDevObjectVersion:   Dev-Mobile (B02B49B5-BB20-44E9-A304-32B752E40360): 2
LogDevObjectVersion:   Dev-Networking (A4E4105C-59A1-49B5-A7C5-40C4547EDFEE): 0
LogDevObjectVersion:   Dev-Online (39C831C9-5AE6-47DC-9A44-9C173E1C8E7C): 0
LogDevObjectVersion:   Dev-Physics (78F01B33-EBEA-4F98-B9B4-84EACCB95AA2): 0
LogDevObjectVersion:   Dev-Platform (6631380F-2D4D-43E0-8009-CF276956A95A): 0
LogDevObjectVersion:   Dev-Rendering (12F88B9F-8875-4AFC-A67C-D90C383ABD29): 26
LogDevObjectVersion:   Dev-Sequencer (7B5AE74C-D270-4C10-A958-57980B212A5A): 9
LogDevObjectVersion:   Dev-VR (D7296918-1DD6-4BDD-9DE2-64A83CC13884): 2
LogDevObjectVersion:   Dev-LoadTimes (C2A15278-BFE7-4AFE-6C17-90FF531DF755): 1
LogDevObjectVersion:   Private-Geometry (6EACA3D4-40EC-4CC1-B786-8BED09428FC5): 3
LogDevObjectVersion:   Dev-AnimPhys (29E575DD-E0A3-4627-9D10-D276232CDCEA): 17
LogDevObjectVersion:   Dev-ReflectionCapture (6B266CEC-1EC7-4B8F-A30B-E4D90942FC07): 1
LogDevObjectVersion:   Dev-Automation (0DF73D61-A23F-47EA-B727-89E90C41499A): 1
LogDevObjectVersion:   FortniteMain (601D1886-AC64-4F84-AA16-D3DE0DEAC7D6): 12
LogDevObjectVersion:   Dev-Enterprise (9DFFBCD6-494F-0158-E221-12823C92A888): 1
LogStreaming: Display: Took  0.001s to delete old logs.
LogInit: Presizing for max 8388607 objects, including 0 objects not considered by GC, pre-allocating 0 bytes for permanent pool.
LogInit: Object subsystem initialized
[2023.04.25-16.33.08:866][  0]LogInit: Selected Device Profile: [Windows]
[2023.04.25-16.33.08:866][  0]LogInit: Applying CVar settings loaded from the selected device profile: [Windows]
[2023.04.25-16.33.08:876][  0]LogHAL: Display: Platform has ~ 32 GB [34273423360 / 34359738368 / 32], which maps to Largest [LargestMinGB=32, LargerMinGB=12, DefaultMinGB=8, SmallerMinGB=6, SmallestMinGB=0)
[2023.04.25-16.33.08:876][  0]LogInit: Setting Device Profile CVar: [[r.Vulkan.UseRealUBs:1]]
[2023.04.25-16.33.08:876][  0]LogInit: Going up to parent DeviceProfile []
[2023.04.25-16.33.08:876][  0]LogInit: Computer: DESKTOP-U1RK44O
[2023.04.25-16.33.08:876][  0]LogInit: User: dcalt
[2023.04.25-16.33.08:876][  0]LogInit: CPU Page size=4096, Cores=6
[2023.04.25-16.33.08:876][  0]LogInit: High frequency timer resolution =10.000000 MHz
[2023.04.25-16.33.08:876][  0]LogMemory: Memory total: Physical=31.9GB (32GB approx)
[2023.04.25-16.33.08:876][  0]LogMemory: Platform Memory Stats for Windows
[2023.04.25-16.33.08:877][  0]LogMemory: Process Physical Memory: 102.91 MB used, 102.91 MB peak
[2023.04.25-16.33.08:877][  0]LogMemory: Process Virtual Memory: 86.23 MB used, 86.23 MB peak
[2023.04.25-16.33.08:877][  0]LogMemory: Physical Memory: 10382.55 MB used,  22303.13 MB free, 32685.68 MB total
[2023.04.25-16.33.08:877][  0]LogMemory: Virtual Memory: 4641.40 MB used,  22303.13 MB free, 134217728.00 MB total
[2023.04.25-16.33.08:899][  0]LogInit: Using OS detected language (en-US).
[2023.04.25-16.33.08:899][  0]LogInit: Using OS detected locale (en-US).
[2023.04.25-16.33.08:899][  0]LogTextLocalizationManager: No specific localization for 'en-US' exists, so the 'en' localization will be used.
[2023.04.25-16.33.09:148][  0]LogStreaming: Display: Took  0.249s to InitEngineTextLocalization.
[2023.04.25-16.33.09:148][  0]LogInit: Setting process to per monitor DPI aware
[2023.04.25-16.33.09:169][  0]LogSlate: New Slate User Created.  User Index 0, Is Virtual User: 0
[2023.04.25-16.33.09:169][  0]LogSlate: Slate User Registered.  User Index 0, Is Virtual User: 0
[2023.04.25-16.33.09:317][  0]LogHMD: Failed to initialize OpenVR with code 110
[2023.04.25-16.33.09:317][  0]LogD3D11RHI: D3D11 adapters:
[2023.04.25-16.33.09:420][  0]LogD3D11RHI:    0. 'NVIDIA GeForce RTX 3060' (Feature Level 11_0)
[2023.04.25-16.33.09:420][  0]LogD3D11RHI:       12129/0/16342 MB DedicatedVideo/DedicatedSystem/SharedSystem, Outputs:2, VendorId:0x10de
[2023.04.25-16.33.09:421][  0]LogD3D11RHI:    1. 'Microsoft Basic Render Driver' (Feature Level 11_0)
[2023.04.25-16.33.09:421][  0]LogD3D11RHI:       0/0/16342 MB DedicatedVideo/DedicatedSystem/SharedSystem, Outputs:0, VendorId:0x1414
[2023.04.25-16.33.09:421][  0]LogD3D11RHI: Chosen D3D11 Adapter: 0
[2023.04.25-16.33.09:426][  0]LogD3D11RHI: Creating new Direct3DDevice
[2023.04.25-16.33.09:426][  0]LogD3D11RHI:     GPU DeviceId: 0x2504 (for the marketing name, search the web for "GPU Device Id")
[2023.04.25-16.33.09:426][  0]LogWindows: EnumDisplayDevices:
[2023.04.25-16.33.09:426][  0]LogWindows:    0. 'NVIDIA GeForce RTX 3060' (P:1 D:1)
[2023.04.25-16.33.09:426][  0]LogWindows:    1. 'NVIDIA GeForce RTX 3060' (P:0 D:1)
[2023.04.25-16.33.09:426][  0]LogWindows:    2. 'NVIDIA GeForce RTX 3060' (P:0 D:0)
[2023.04.25-16.33.09:427][  0]LogWindows:    3. 'NVIDIA GeForce RTX 3060' (P:0 D:0)
[2023.04.25-16.33.09:427][  0]LogWindows: DebugString: FoundDriverCount:4 
[2023.04.25-16.33.09:427][  0]LogD3D11RHI:     Adapter Name: NVIDIA GeForce RTX 3060
[2023.04.25-16.33.09:427][  0]LogD3D11RHI:   Driver Version: 526.98 (internal:31.0.15.2698, unified:526.98)
[2023.04.25-16.33.09:427][  0]LogD3D11RHI:      Driver Date: 11-13-2022
[2023.04.25-16.33.09:427][  0]LogRHI: Texture pool is 8490 MB (70% of 12129 MB)
[2023.04.25-16.33.09:491][  0]LogD3D11RHI: Async texture creation enabled
[2023.04.25-16.33.09:510][  0]LogD3D11RHI: GPU Timing Frequency: 1000.000000 (Debug: 2 2)
[2023.04.25-16.33.09:512][  0]LogShaderCompilers: Guid format shader working directory is 6 characters bigger than the processId version (../../../../../../GameDev/CrystalCavern/Intermediate/Shaders/WorkingDirectory/18724/).
[2023.04.25-16.33.09:512][  0]LogShaderCompilers: Cleaned the shader compiler working directory 'C:/Users/dcalt/AppData/Local/Temp/UnrealShaderWorkingDir/237C7A5B4C7E5187D1069D82B1349EF8/'.
[2023.04.25-16.33.09:701][  0]LogTemp: Display: Loaded TP AllDesktopTargetPlatform
[2023.04.25-16.33.09:714][  0]LogTemp: Display: Loaded TP MacClientTargetPlatform
[2023.04.25-16.33.09:723][  0]LogTemp: Display: Loaded TP MacNoEditorTargetPlatform
[2023.04.25-16.33.09:733][  0]LogTemp: Display: Loaded TP MacServerTargetPlatform
[2023.04.25-16.33.09:743][  0]LogTemp: Display: Loaded TP MacTargetPlatform
[2023.04.25-16.33.09:751][  0]LogTemp: Display: Loaded TP WindowsClientTargetPlatform
[2023.04.25-16.33.09:759][  0]LogTemp: Display: Loaded TP WindowsNoEditorTargetPlatform
[2023.04.25-16.33.09:768][  0]LogTemp: Display: Loaded TP WindowsServerTargetPlatform
[2023.04.25-16.33.09:772][  0]LogTemp: Display: Loaded TP WindowsTargetPlatform
[2023.04.25-16.33.09:820][  0]LogTemp: Display: Loaded TP AndroidTargetPlatform
[2023.04.25-16.33.09:820][  0]LogTemp: Display: Loaded TP AndroidTargetPlatform
[2023.04.25-16.33.09:820][  0]LogTemp: Display: Loaded TP AndroidTargetPlatform
[2023.04.25-16.33.09:820][  0]LogTemp: Display: Loaded TP AndroidTargetPlatform
[2023.04.25-16.33.09:820][  0]LogTemp: Display: Loaded TP AndroidTargetPlatform
[2023.04.25-16.33.09:820][  0]LogTemp: Display: Loaded TP AndroidTargetPlatform
[2023.04.25-16.33.09:820][  0]LogTemp: Display: Loaded TP AndroidTargetPlatform
[2023.04.25-16.33.09:820][  0]LogTemp: Display: Loaded TP AndroidTargetPlatform
[2023.04.25-16.33.09:820][  0]LogTemp: Display: Loaded TP AndroidTargetPlatform
[2023.04.25-16.33.09:820][  0]LogTemp: Display: Loaded TP AndroidTargetPlatform
[2023.04.25-16.33.09:820][  0]LogTemp: Display: Loaded TP AndroidTargetPlatform
[2023.04.25-16.33.09:820][  0]LogTemp: Display: Loaded TP AndroidTargetPlatform
[2023.04.25-16.33.09:820][  0]LogTemp: Display: Loaded TP AndroidTargetPlatform
[2023.04.25-16.33.09:820][  0]LogTemp: Display: Loaded TP AndroidTargetPlatform
[2023.04.25-16.33.09:820][  0]LogTemp: Display: Loaded TP AndroidTargetPlatform
[2023.04.25-16.33.09:820][  0]LogTemp: Display: Loaded TP AndroidTargetPlatform
[2023.04.25-16.33.09:820][  0]LogTemp: Display: Loaded TP AndroidTargetPlatform
[2023.04.25-16.33.09:820][  0]LogTemp: Display: Loaded TP AndroidTargetPlatform
[2023.04.25-16.33.09:821][  0]LogTemp: Display: Loaded TP HTML5TargetPlatform
[2023.04.25-16.33.09:871][  0]LogTemp: Display: Loaded TP IOSTargetPlatform
[2023.04.25-16.33.09:871][  0]LogTemp: Display: Loaded TP IOSTargetPlatform
[2023.04.25-16.33.09:886][  0]LogTemp: Display: Loaded TP TVOSTargetPlatform
[2023.04.25-16.33.09:886][  0]LogTemp: Display: Loaded TP TVOSTargetPlatform
[2023.04.25-16.33.09:893][  0]LogTemp: Display: Loaded TP LinuxClientTargetPlatform
[2023.04.25-16.33.09:901][  0]LogTemp: Display: Loaded TP LinuxNoEditorTargetPlatform
[2023.04.25-16.33.09:908][  0]LogTemp: Display: Loaded TP LinuxServerTargetPlatform
[2023.04.25-16.33.09:916][  0]LogTemp: Display: Loaded TP LinuxTargetPlatform
[2023.04.25-16.33.09:922][  0]LogTemp: Display: Loaded TP LuminTargetPlatform
[2023.04.25-16.33.09:922][  0]LogTargetPlatformManager: Display: Building Assets For Windows
[2023.04.25-16.33.09:958][  0]LogXGEController: Cannot use XGE Controller as Incredibuild is not installed on this machine.
[2023.04.25-16.33.09:958][  0]LogShaderCompilers: Cannot use XGE Shader Compiler as Incredibuild is not installed on this machine.
[2023.04.25-16.33.09:958][  0]LogShaderCompilers: Display: Using Local Shader Compiler.
[2023.04.25-16.33.10:511][  0]LogDerivedDataCache: Display: Max Cache Size: 512 MB
[2023.04.25-16.33.10:545][  0]LogDerivedDataCache: Loaded boot cache 0.03s 71MB C:/Users/dcalt/AppData/Local/UnrealEngine/4.20/DerivedDataCache/Boot.ddc.
[2023.04.25-16.33.10:545][  0]LogDerivedDataCache: Display: Loaded Boot cache: C:/Users/dcalt/AppData/Local/UnrealEngine/4.20/DerivedDataCache/Boot.ddc
[2023.04.25-16.33.10:545][  0]LogDerivedDataCache: FDerivedDataBackendGraph:  Pak pak cache file ../../../../../../GameDev/CrystalCavern/DerivedDataCache/DDC.ddp not found, will not use a pak cache.
[2023.04.25-16.33.10:545][  0]LogDerivedDataCache: Unable to find inner node Pak for hierarchical cache Hierarchy.
[2023.04.25-16.33.10:545][  0]LogDerivedDataCache: FDerivedDataBackendGraph:  CompressedPak pak cache file ../../../../../../GameDev/CrystalCavern/DerivedDataCache/Compressed.ddp not found, will not use a pak cache.
[2023.04.25-16.33.10:545][  0]LogDerivedDataCache: Unable to find inner node CompressedPak for hierarchical cache Hierarchy.
[2023.04.25-16.33.10:555][  0]LogDerivedDataCache: Display: Pak cache opened for reading ../../../Engine/DerivedDataCache/Compressed.ddp.
[2023.04.25-16.33.10:567][  0]LogDerivedDataCache: Using Local data cache path C:/Users/dcalt/AppData/Local/UnrealEngine/Common/DerivedDataCache: Writable
[2023.04.25-16.33.10:567][  0]LogDerivedDataCache: Shared data cache path not found in *engine.ini, will not use an Shared cache.
[2023.04.25-16.33.10:567][  0]LogDerivedDataCache: Unable to find inner node Shared for hierarchical cache Hierarchy.
[2023.04.25-16.33.10:578][  0]LogMaterial: Verifying Global Shaders for PCD3D_SM5
[2023.04.25-16.33.10:579][  0]LogSlate: Using FreeType 2.6.0
[2023.04.25-16.33.10:580][  0]LogSlate: SlateFontServices - WITH_FREETYPE: 1, WITH_HARFBUZZ: 1
[2023.04.25-16.33.10:637][  0]LogAssetRegistry: FAssetRegistry took 0.0248 seconds to start up
[2023.04.25-16.33.10:838][  0]LogInit: Selected Device Profile: [Windows]
[2023.04.25-16.33.10:917][  0]LogSimplygon: Simplygon DLL not present - disabling.
[2023.04.25-16.33.10:919][  0]LogMeshReduction: Using SimplygonSwarm for distributed automatic mesh merging
[2023.04.25-16.33.10:919][  0]LogMeshReduction: Using ProxyLODMeshReduction for automatic mesh merging
[2023.04.25-16.33.10:919][  0]LogMeshReduction: Using QuadricMeshReduction for automatic static mesh reduction
[2023.04.25-16.33.10:919][  0]LogMeshReduction: No automatic skeletal mesh reduction module available
[2023.04.25-16.33.10:930][  0]LogNetVersion: CrystalCavern 1.0.0, NetCL: 4212847, EngineNetVer: 5, GameNetVer: 0 (Checksum: 1954901415)
[2023.04.25-16.33.11:232][  0]LogPackageLocalizationCache: Processed 11 localized package path(s) for 2 prioritized culture(s) in 0.050391 seconds
[2023.04.25-16.33.11:235][  0]LogUObjectArray: 38425 objects as part of root set at end of initial load.
[2023.04.25-16.33.11:235][  0]LogUObjectAllocator: 6690872 out of 0 bytes used by permanent object pool.
[2023.04.25-16.33.11:235][  0]LogUObjectArray: CloseDisregardForGC: 0/0 objects in disregard for GC pool
[2023.04.25-16.33.11:791][  0]LogTcpMessaging: Initializing TcpMessaging bridge
[2023.04.25-16.33.11:802][  0]LogUdpMessaging: Initializing bridge on interface 0.0.0.0:0 to multicast group 230.0.0.1:6666.
[2023.04.25-16.33.11:915][  0]SourceControl: Source control is disabled
[2023.04.25-16.33.11:915][  0]SourceControl: Source control is disabled
[2023.04.25-16.33.11:916][  0]SourceControl: Source control is disabled
[2023.04.25-16.33.11:917][  0]SourceControl: Source control is disabled
[2023.04.25-16.33.12:045][  0]LogAndroidPermission: UAndroidPermissionCallbackProxy::GetInstance
[2023.04.25-16.33.12:080][  0]LogOcInput: OculusInput pre-init called
[2023.04.25-16.33.12:119][  0]LogEngine: Initializing Engine...
[2023.04.25-16.33.12:120][  0]LogHMD: Failed to initialize OpenVR with code 110
[2023.04.25-16.33.12:121][  0]LogStats: UGameplayTagsManager::ConstructGameplayTagTree: ImportINI prefixes -  0.000 s
[2023.04.25-16.33.12:121][  0]LogStats: UGameplayTagsManager::ConstructGameplayTagTree: Construct from data asset -  0.000 s
[2023.04.25-16.33.12:121][  0]LogStats: UGameplayTagsManager::ConstructGameplayTagTree: ImportINI -  0.000 s
[2023.04.25-16.33.12:121][  0]LogStats: UGameplayTagsManager::ConstructGameplayTagTree: GameplayTagTreeChangedEvent.Broadcast -  0.000 s
[2023.04.25-16.33.12:248][  0]LogInit: Initializing FReadOnlyCVARCache
[2023.04.25-16.33.12:257][  0]LogAIModule: Creating AISystem for world Untitled
[2023.04.25-16.33.12:268][  0]LogInit: XAudio2 using '32S321 (NVIDIA High Definition Audio)' : 2 channels at 48 kHz using 16 bits per sample (channel mask 0x3)
[2023.04.25-16.33.12:291][  0]LogInit: FAudioDevice initialized.
[2023.04.25-16.33.12:291][  0]LogNetVersion: Set ProjectVersion to 1.0.0.0. Version Checksum will be recalculated on next use.
[2023.04.25-16.33.12:320][  0]LogDerivedDataCache: Saved boot cache 0.03s 71MB C:/Users/dcalt/AppData/Local/UnrealEngine/4.20/DerivedDataCache/Boot.ddc.
[2023.04.25-16.33.12:322][  0]LogInit: Texture streaming: Enabled
[2023.04.25-16.33.12:333][  0]LogEngineSessionManager: EngineSessionManager initialized
[2023.04.25-16.33.12:341][  0]LogInit: Transaction tracking system initialized
[2023.04.25-16.33.12:353][  0]BlueprintLog: New page: Editor Load
[2023.04.25-16.33.12:395][  0]LocalizationService: Localization service is disabled
[2023.04.25-16.33.12:559][  0]LogCook: Display: Max memory allowance for cook 16384mb min free memory 0mb
[2023.04.25-16.33.12:559][  0]LogCook: Display: Mobile HDR setting 1
[2023.04.25-16.33.12:559][  0]LogGameplayTags: Display: UGameplayTagsManager::DoneAddingNativeTags. DelegateIsBound: 0
[2023.04.25-16.33.12:559][  0]LogStats: UGameplayTagsManager::ConstructGameplayTagTree: ImportINI prefixes -  0.000 s
[2023.04.25-16.33.12:559][  0]LogStats: UGameplayTagsManager::ConstructGameplayTagTree: Construct from data asset -  0.000 s
[2023.04.25-16.33.12:559][  0]LogStats: UGameplayTagsManager::ConstructGameplayTagTree: ImportINI -  0.000 s
[2023.04.25-16.33.12:559][  0]LogStats: UGameplayTagsManager::ConstructGameplayTagTree: GameplayTagTreeChangedEvent.Broadcast -  0.000 s
[2023.04.25-16.33.12:623][  0]LogFileCache: Scanning file cache for directory 'C:/GameDev/CrystalCavern/Content/' took 0.02s
[2023.04.25-16.33.12:623][  0]SourceControl: Source control is disabled
[2023.04.25-16.33.12:623][  0]Cmd: MAP LOAD FILE="../../../../../../GameDev/CrystalCavern/Content/Levels/Level1.umap" TEMPLATE=0 SHOWPROGRESS=1 FEATURELEVEL=3
[2023.04.25-16.33.12:624][  0]LightingResults: New page: Lighting Build
[2023.04.25-16.33.12:625][  0]MapCheck: New page: Map Check
[2023.04.25-16.33.12:625][  0]LightingResults: New page: Lighting Build
[2023.04.25-16.33.12:808][  0]LogAIModule: Creating AISystem for world Level1
[2023.04.25-16.33.12:817][  0]LogEditorServer: Finished looking for orphan Actors (0.000 secs)
[2023.04.25-16.33.12:835][  0]Cmd: MAP CHECKDEP NOCLEARLOG
[2023.04.25-16.33.12:896][  0]MapCheck: Map check complete: 0 Error(s), 0 Warning(s), took 60.924ms to complete.
[2023.04.25-16.33.12:896][  0]LogFileHelpers: Loading map 'Level1' took 0.273
[2023.04.25-16.33.12:989][  0]LogSlate: Updating window title bar state: overlay mode, drag disabled, window buttons hidden, title bar hidden
[2023.04.25-16.33.12:995][  0]LogSlate: Updating window title bar state: overlay mode, drag disabled, window buttons hidden, title bar hidden
[2023.04.25-16.33.13:000][  0]LogSlate: Updating window title bar state: overlay mode, drag disabled, window buttons hidden, title bar hidden
[2023.04.25-16.33.13:004][  0]LogSlate: Updating window title bar state: overlay mode, drag disabled, window buttons hidden, title bar hidden
[2023.04.25-16.33.13:008][  0]LogCollectionManager: Loaded 0 collections in 0.000908 seconds
[2023.04.25-16.33.13:046][  0]LogFileCache: Scanning file cache for directory 'C:/GameDev/CrystalCavern/Saved/Collections/' took 0.01s
[2023.04.25-16.33.13:046][  0]LogFileCache: Scanning file cache for directory 'C:/GameDev/CrystalCavern/Content/Developers/dcalt/Collections/' took 0.01s
[2023.04.25-16.33.13:046][  0]LogFileCache: Scanning file cache for directory 'C:/GameDev/CrystalCavern/Content/Collections/' took 0.01s
[2023.04.25-16.33.13:046][  0]LogCollectionManager: Rebuilt the GUID cache for 0 collections in 0.000000 seconds
[2023.04.25-16.33.13:052][  0]LogContentBrowser: Native class hierarchy populated in 0.0062 seconds. Added 2572 classes and 603 folders.
[2023.04.25-16.33.13:055][  0]LogContentBrowser: Native class hierarchy updated for 'WidgetCarousel' in 0.0001 seconds. Added 0 classes and 0 folders.
[2023.04.25-16.33.13:220][  0]LogContentBrowser: Native class hierarchy updated for 'AddContentDialog' in 0.0002 seconds. Added 0 classes and 0 folders.
[2023.04.25-16.33.13:223][  0]LogContentBrowser: Native class hierarchy updated for 'SceneOutliner' in 0.0002 seconds. Added 1 classes and 2 folders.
[2023.04.25-16.33.13:268][  0]LogSlate: Took 0.000155 seconds to synchronously load lazily loaded font '../../../Engine/Content/Slate/Fonts/Roboto-Regular.ttf' (155K)
[2023.04.25-16.33.13:269][  0]LogSlate: Took 0.000107 seconds to synchronously load lazily loaded font '../../../Engine/Content/Slate/Fonts/Roboto-Bold.ttf' (160K)
[2023.04.25-16.33.13:275][  0]LogSlate: Took 0.003740 seconds to synchronously load lazily loaded font '../../../Engine/Content/Editor/Slate/Fonts/FontAwesome.ttf' (139K)
[2023.04.25-16.33.13:313][  0]LogRenderer: Reallocating scene render targets to support 1564x696 Format 10 NumSamples 1 (Frame:1).
[2023.04.25-16.33.13:421][  0]LogContentBrowser: Native class hierarchy updated for 'HierarchicalLODOutliner' in 0.0002 seconds. Added 0 classes and 0 folders.
[2023.04.25-16.33.13:421][  0]LogLoad: (Engine Initialization) Total time: 6.35 seconds
[2023.04.25-16.33.13:421][  0]LogLoad: (Engine Initialization) Total Blueprint compile time: 0.00 seconds
[2023.04.25-16.33.13:444][  0]LogAssetRegistry: Asset discovery search completed in 2.8294 seconds
[2023.04.25-16.33.13:445][  0]LogCollectionManager: Rebuilt the object cache for 0 collections in 0.000000 seconds (found 0 objects)
[2023.04.25-16.33.13:445][  0]LogCollectionManager: Fixed up redirectors for 0 collections in 0.000025 seconds (updated 0 objects)
[2023.04.25-16.33.13:446][  0]LogContentStreaming: Texture pool size now 1000 MB
[2023.04.25-16.33.13:468][  0]LogSlate: Took 0.003649 seconds to synchronously load lazily loaded font '../../../Engine/Content/Slate/Fonts/Roboto-Light.ttf' (167K)
[2023.04.25-16.33.14:436][111]LogSlate: Took 0.000146 seconds to synchronously load lazily loaded font '../../../Engine/Content/Slate/Fonts/Roboto-Light.ttf' (167K)
[2023.04.25-16.36.26:733][186]LogSlate: FSceneViewport::OnFocusLost() reason 0
[2023.04.25-16.36.26:865][199]LogAssetEditorManager: Opening Asset editor for Blueprint /Game/Blueprints/Actors/Player/BP_PlayerPawn.BP_PlayerPawn
[2023.04.25-16.36.27:109][199]LogContentBrowser: Native class hierarchy updated for 'BlueprintGraph' in 0.0004 seconds. Added 116 classes and 0 folders.
[2023.04.25-16.36.27:559][199]LogAssetEditorManager: Opening Asset editor for Blueprint /Game/Blueprints/Actors/Volumes/BP_DamageVolume.BP_DamageVolume
[2023.04.25-16.36.27:740][199]LogAssetEditorManager: Opening Asset editor for Blueprint /Game/Blueprints/Actors/Projectiles/BP_Projectiles.BP_Projectiles
[2023.04.25-16.36.27:926][199]LogAssetEditorManager: Opening Asset editor for Blueprint /Game/Blueprints/Actors/Volumes/BP_WinVolume.BP_WinVolume
[2023.04.25-16.36.28:103][199]LogAssetEditorManager: Opening Asset editor for Blueprint /Game/Blueprints/Actors/Collectables/BP_Crystal.BP_Crystal
[2023.04.25-16.36.28:290][199]LogAssetEditorManager: Opening Asset editor for Blueprint /Game/Blueprints/Libraries/CC_MacroLibrary.CC_MacroLibrary
[2023.04.25-16.36.28:493][199]LogSlate: Took 0.003609 seconds to synchronously load lazily loaded font '../../../Engine/Content/Slate/Fonts/Roboto-BoldCondensed.ttf' (158K)
[2023.04.25-16.36.28:544][200]LogSlate: Took 0.003479 seconds to synchronously load lazily loaded font '../../../Engine/Content/Slate/Fonts/Roboto-Italic.ttf' (157K)
[2023.04.25-16.36.39:458][503]LogSlate: Window 'CC_MacroLibrary' being destroyed
[2023.04.25-16.40.00:994][344]LogTemp: Repeating last play command: Selected Viewport
[2023.04.25-16.40.01:005][344]LogBlueprintUserMessages: Early PlayInEditor Detection: Level '/Game/Levels/Level1.Level1:PersistentLevel' has LevelScriptBlueprint '/Game/Levels/Level1.Level1:PersistentLevel.Level1' with GeneratedClass '/Game/Levels/Level1.Level1_C' with ClassGeneratedBy '/Game/Levels/Level1.Level1:PersistentLevel.Level1'
[2023.04.25-16.40.01:005][344]BlueprintLog: New page: Pre-Play auto-recompile
[2023.04.25-16.40.01:010][344]LogPlayLevel: [PlayLevel] Compiling BP_Crystal before play...
[2023.04.25-16.40.01:134][344]LogPlayLevel: PlayLevel: Blueprint regeneration took 128 ms (1 blueprints)
[2023.04.25-16.40.01:146][344]PIE: New page: PIE session: Level1 (Apr 25, 2023, 8:40:01 AM)
[2023.04.25-16.40.01:146][344]LogPlayLevel: Creating play world package: /Game/Levels/UEDPIE_0_Level1
[2023.04.25-16.40.01:149][344]LogPlayLevel: PIE: StaticDuplicateObject took: (0.003006s)
[2023.04.25-16.40.01:149][344]LogAIModule: Creating AISystem for world Level1
[2023.04.25-16.40.01:150][344]LogPlayLevel: PIE: World Init took: (0.000450s)
[2023.04.25-16.40.01:150][344]LogPlayLevel: PIE: Created PIE world by copying editor world from /Game/Levels/Level1.Level1 to /Game/Levels/UEDPIE_0_Level1.Level1 (0.003536s)
[2023.04.25-16.40.01:179][344]LogInit: XAudio2 using '32S321 (NVIDIA High Definition Audio)' : 2 channels at 48 kHz using 16 bits per sample (channel mask 0x3)
[2023.04.25-16.40.01:187][344]LogInit: FAudioDevice initialized.
[2023.04.25-16.40.01:194][344]LogSlate: Updating window title bar state: overlay mode, drag disabled, window buttons hidden, title bar hidden
[2023.04.25-16.40.01:238][344]LogLoad: Game class is 'B_GameMode_C'
[2023.04.25-16.40.01:239][344]LogWorld: Bringing World /Game/Levels/UEDPIE_0_Level1.Level1 up for play (max tick rate 0) at 2023.04.25-12.40.01
[2023.04.25-16.40.01:239][344]LogWorld: Bringing up level for play took: 0.000913
[2023.04.25-16.40.01:256][344]LogContentBrowser: Native class hierarchy updated for 'MovieSceneCapture' in 0.0002 seconds. Added 10 classes and 0 folders.
[2023.04.25-16.40.01:258][344]PIE: Play in editor start time for /Game/Levels/UEDPIE_0_Level1 0.709
[2023.04.25-16.40.01:258][344]LogBlueprintUserMessages: Late PlayInEditor Detection: Level '/Game/Levels/Level1.Level1:PersistentLevel' has LevelScriptBlueprint '/Game/Levels/Level1.Level1:PersistentLevel.Level1' with GeneratedClass '/Game/Levels/Level1.Level1_C' with ClassGeneratedBy '/Game/Levels/Level1.Level1:PersistentLevel.Level1'
[2023.04.25-16.40.01:280][344]LogRenderer: Reallocating scene render targets to support 1564x756 Format 10 NumSamples 1 (Frame:1).
[2023.04.25-16.40.09:681][342]LogBlueprintUserMessages: Early EndPlayMap Detection: Level '/Game/Levels/Level1.Level1:PersistentLevel' has LevelScriptBlueprint '/Game/Levels/Level1.Level1:PersistentLevel.Level1' with GeneratedClass '/Game/Levels/Level1.Level1_C' with ClassGeneratedBy '/Game/Levels/Level1.Level1:PersistentLevel.Level1'
[2023.04.25-16.40.09:682][342]LogSlate: Updating window title bar state: overlay mode, drag disabled, window buttons hidden, title bar hidden
[2023.04.25-16.40.09:689][342]LogSlate: Window 'CrystalCavern Game Preview Standalone (64-bit/PCD3D_SM5)' being destroyed
[2023.04.25-16.40.09:721][342]LogPlayLevel: Display: Shutting down PIE online subsystems
[2023.04.25-16.40.09:721][342]LogBlueprintUserMessages: Late EndPlayMap Detection: Level '/Game/Levels/Level1.Level1:PersistentLevel' has LevelScriptBlueprint '/Game/Levels/Level1.Level1:PersistentLevel.Level1' with GeneratedClass '/Game/Levels/Level1.Level1_C' with ClassGeneratedBy '/Game/Levels/Level1.Level1:PersistentLevel.Level1'
[2023.04.25-16.40.09:783][346]LogPlayLevel: Display: Destroying online subsystem :Context_7
[2023.04.25-16.40.42:231][237]BlueprintLog: New page: Compile BP_WinVolume
[2023.04.25-16.40.42:886][303]Cmd: OBJ SAVEPACKAGE PACKAGE="/Game/Blueprints/Actors/Volumes/BP_WinVolume" FILE="../../../../../../GameDev/CrystalCavern/Content/Blueprints/Actors/Volumes/BP_WinVolume.uasset" SILENT=true
[2023.04.25-16.40.42:898][303]LogSavePackage: Moving '../../../../../../GameDev/CrystalCavern/Saved/BP_WinVolume63096E774DF35ABD7A6F439F7EB541D0.tmp' to '../../../../../../GameDev/CrystalCavern/Content/Blueprints/Actors/Volumes/BP_WinVolume.uasset'
[2023.04.25-16.43.22:388][144]Cmd: OBJ SAVEPACKAGE PACKAGE="/Game/Levels/Level1" FILE="../../../../../../GameDev/CrystalCavern/Saved/Autosaves/Game/Levels/Level1_Auto1.umap" SILENT=true AUTOSAVING=true KEEPDIRTY=false
[2023.04.25-16.43.22:494][144]LogSavePackage: Moving '../../../../../../GameDev/CrystalCavern/Saved/Level1_Auto19F5D001548A9538A8FC396B3CE368379.tmp' to '../../../../../../GameDev/CrystalCavern/Saved/Autosaves/Game/Levels/Level1_Auto1.umap'
[2023.04.25-16.43.22:496][144]LogFileHelpers: Editor autosave (incl. sublevels) for '/Game/Levels/Level1' took 0.131
[2023.04.25-16.43.22:496][144]LogFileHelpers: Editor autosave (incl. sublevels) for all levels took 0.131
[2023.04.25-16.43.22:497][144]OBJ SavePackage: Generating thumbnails for [1] asset(s) in package [/Game/Blueprints/Actors/Collectables/BP_Crystal] ([1] browsable assets)...
[2023.04.25-16.43.22:529][144]OBJ SavePackage:     Rendered thumbnail for [Blueprint /Game/Blueprints/Actors/Collectables/BP_Crystal.BP_Crystal]
[2023.04.25-16.43.22:529][144]OBJ SavePackage: Finished generating thumbnails for package [/Game/Blueprints/Actors/Collectables/BP_Crystal]
[2023.04.25-16.43.22:558][144]LogSavePackage: Moving '../../../../../../GameDev/CrystalCavern/Saved/BP_Crystal_Auto1CBD7B8734D56B1C1B82DA5BBECD7C59F.tmp' to '../../../../../../GameDev/CrystalCavern/Saved/Autosaves/Game/Blueprints/Actors/Collectables/BP_Crystal_Auto1.uasset'
[2023.04.25-16.43.22:560][144]LogFileHelpers: Auto-saving content packages took 0.063
[2023.04.25-16.51.14:892][245]BlueprintLog: New page: Collapse to Function
[2023.04.25-16.53.23:045][908]LogFileHelpers: Editor autosave (incl. sublevels) for '/Game/Levels/Level1' took 0.025
[2023.04.25-16.53.23:046][908]OBJ SavePackage: Generating thumbnails for [0] asset(s) in package [/Game/Blueprints/Actors/Volumes/BP_WinVolume] ([1] browsable assets)...
[2023.04.25-16.53.23:046][908]OBJ SavePackage: Finished generating thumbnails for package [/Game/Blueprints/Actors/Volumes/BP_WinVolume]
[2023.04.25-16.53.23:059][908]LogSavePackage: Moving '../../../../../../GameDev/CrystalCavern/Saved/BP_WinVolume_Auto24715E06B4D8EF6A6C591B89FD7F3EC5D.tmp' to '../../../../../../GameDev/CrystalCavern/Saved/Autosaves/Game/Blueprints/Actors/Volumes/BP_WinVolume_Auto2.uasset'
[2023.04.25-16.53.23:060][908]LogFileHelpers: Auto-saving content packages took 0.014
[2023.04.25-16.59.53:643][202]BlueprintLog: New page: Compile BP_WinVolume
[2023.04.25-17.01.34:398][353]Cmd: OBJ SAVEPACKAGE PACKAGE="/Game/Blueprints/Actors/Volumes/BP_WinVolume" FILE="../../../../../../GameDev/CrystalCavern/Content/Blueprints/Actors/Volumes/BP_WinVolume.uasset" SILENT=true
[2023.04.25-17.01.34:412][353]LogSavePackage: Moving '../../../../../../GameDev/CrystalCavern/Saved/BP_WinVolumeF393D05A4B324ACDBC6B71A5D2AA0DD5.tmp' to '../../../../../../GameDev/CrystalCavern/Content/Blueprints/Actors/Volumes/BP_WinVolume.uasset'
[2023.04.25-17.01.35:174][444]BlueprintLog: New page: Compile BP_WinVolume
[2023.04.25-17.01.36:134][546]Cmd: OBJ SAVEPACKAGE PACKAGE="/Game/Blueprints/Actors/Volumes/BP_WinVolume" FILE="../../../../../../GameDev/CrystalCavern/Content/Blueprints/Actors/Volumes/BP_WinVolume.uasset" SILENT=true
[2023.04.25-17.01.36:148][546]LogSavePackage: Moving '../../../../../../GameDev/CrystalCavern/Saved/BP_WinVolume174C3D7B4E938761ADCF66B74055332F.tmp' to '../../../../../../GameDev/CrystalCavern/Content/Blueprints/Actors/Volumes/BP_WinVolume.uasset'
[2023.04.25-17.01.38:461][816]LogTemp: Repeating last play command: Selected Viewport
[2023.04.25-17.01.38:475][816]LogBlueprintUserMessages: Early PlayInEditor Detection: Level '/Game/Levels/Level1.Level1:PersistentLevel' has LevelScriptBlueprint '/Game/Levels/Level1.Level1:PersistentLevel.Level1' with GeneratedClass '/Game/Levels/Level1.Level1_C' with ClassGeneratedBy '/Game/Levels/Level1.Level1:PersistentLevel.Level1'
[2023.04.25-17.01.38:475][816]LogPlayLevel: PlayLevel: No blueprints needed recompiling
[2023.04.25-17.01.38:475][816]PIE: New page: PIE session: Level1 (Apr 25, 2023, 9:01:38 AM)
[2023.04.25-17.01.38:475][816]LogPlayLevel: Creating play world package: /Game/Levels/UEDPIE_0_Level1
[2023.04.25-17.01.38:478][816]LogPlayLevel: PIE: StaticDuplicateObject took: (0.002956s)
[2023.04.25-17.01.38:478][816]LogAIModule: Creating AISystem for world Level1
[2023.04.25-17.01.38:478][816]LogPlayLevel: PIE: World Init took: (0.000439s)
[2023.04.25-17.01.38:478][816]LogPlayLevel: PIE: Created PIE world by copying editor world from /Game/Levels/Level1.Level1 to /Game/Levels/UEDPIE_0_Level1.Level1 (0.003460s)
[2023.04.25-17.01.38:508][816]LogInit: XAudio2 using '32S321 (NVIDIA High Definition Audio)' : 2 channels at 48 kHz using 16 bits per sample (channel mask 0x3)
[2023.04.25-17.01.38:515][816]LogInit: FAudioDevice initialized.
[2023.04.25-17.01.38:546][816]LogLoad: Game class is 'B_GameMode_C'
[2023.04.25-17.01.38:547][816]LogWorld: Bringing World /Game/Levels/UEDPIE_0_Level1.Level1 up for play (max tick rate 0) at 2023.04.25-13.01.38
[2023.04.25-17.01.38:547][816]LogWorld: Bringing up level for play took: 0.000831
[2023.04.25-17.01.38:559][816]PIE: Play in editor start time for /Game/Levels/UEDPIE_0_Level1 0.011
[2023.04.25-17.01.38:559][816]LogBlueprintUserMessages: Late PlayInEditor Detection: Level '/Game/Levels/Level1.Level1:PersistentLevel' has LevelScriptBlueprint '/Game/Levels/Level1.Level1:PersistentLevel.Level1' with GeneratedClass '/Game/Levels/Level1.Level1_C' with ClassGeneratedBy '/Game/Levels/Level1.Level1:PersistentLevel.Level1'
[2023.04.25-17.01.51:672][389]LogNet: Browse: /Game/Levels/Level1
[2023.04.25-17.01.51:672][389]LogLoad: LoadMap: /Game/Levels/Level1
[2023.04.25-17.01.51:698][389]LogPlayLevel: Creating play world package: /Game/Levels/UEDPIE_0_Level1
[2023.04.25-17.01.51:701][389]LogPlayLevel: PIE: StaticDuplicateObject took: (0.002851s)
[2023.04.25-17.01.51:702][389]LogAIModule: Creating AISystem for world Level1
[2023.04.25-17.01.51:702][389]LogPlayLevel: PIE: World Init took: (0.000389s)
[2023.04.25-17.01.51:702][389]LogPlayLevel: PIE: Created PIE world by copying editor world from /Game/Levels/Level1.Level1 to /Game/Levels/UEDPIE_0_Level1.Level1 (0.003342s)
[2023.04.25-17.01.51:702][389]LogLoad: Game class is 'B_GameMode_C'
[2023.04.25-17.01.51:703][389]LogWorld: Bringing World /Game/Levels/UEDPIE_0_Level1.Level1 up for play (max tick rate 0) at 2023.04.25-13.01.51
[2023.04.25-17.01.51:703][389]LogWorld: Bringing up level for play took: 0.000824
[2023.04.25-17.01.51:704][389]LogLoad: Took 0.031684 seconds to LoadMap(/Game/Levels/UEDPIE_0_Level1)
[2023.04.25-17.01.52:156][443]LogBlueprintUserMessages: Early EndPlayMap Detection: Level '/Game/Levels/Level1.Level1:PersistentLevel' has LevelScriptBlueprint '/Game/Levels/Level1.Level1:PersistentLevel.Level1' with GeneratedClass '/Game/Levels/Level1.Level1_C' with ClassGeneratedBy '/Game/Levels/Level1.Level1:PersistentLevel.Level1'
[2023.04.25-17.01.52:156][443]LogSlate: Updating window title bar state: overlay mode, drag disabled, window buttons hidden, title bar hidden
[2023.04.25-17.01.52:188][443]LogPlayLevel: Display: Shutting down PIE online subsystems
[2023.04.25-17.01.52:188][443]LogBlueprintUserMessages: Late EndPlayMap Detection: Level '/Game/Levels/Level1.Level1:PersistentLevel' has LevelScriptBlueprint '/Game/Levels/Level1.Level1:PersistentLevel.Level1' with GeneratedClass '/Game/Levels/Level1.Level1_C' with ClassGeneratedBy '/Game/Levels/Level1.Level1:PersistentLevel.Level1'
[2023.04.25-17.01.52:212][443]LogSlate: Updating window title bar state: overlay mode, drag disabled, window buttons hidden, title bar hidden
[2023.04.25-17.01.52:258][447]LogPlayLevel: Display: Destroying online subsystem :Context_9
[2023.04.25-17.02.25:878][ 10]LogEditorViewport: Clicking on Actor (LMB): BP_PlayerPawn_C (BP_PlayerPawn)
[2023.04.25-17.02.29:242][406]LogSlate: FSceneViewport::OnFocusLost() reason 2
[2023.04.25-17.02.56:839][711]LogSlate: FSceneViewport::OnFocusLost() reason 0
[2023.04.25-17.03.04:477][622]LogEditorViewport: Clicking on Actor (context menu): BP_PlayerPawn_C (BP_PlayerPawn)
[2023.04.25-17.03.04:494][622]LogSlate: FSceneViewport::OnFocusLost() reason 2
[2023.04.25-17.03.05:563][749]LogEditorViewport: Clicking Background
[2023.04.25-17.03.06:822][896]LogEditorViewport: Clicking on Actor (LMB): BP_PlayerPawn_C (BP_PlayerPawn)
[2023.04.25-17.03.17:256][142]LogSlate: FSceneViewport::OnFocusLost() reason 2
[2023.04.25-17.03.52:181][352]Cmd: OBJ SAVEPACKAGE PACKAGE="/Game/Blueprints/Actors/Volumes/BP_WinVolume" FILE="../../../../../../GameDev/CrystalCavern/Content/Blueprints/Actors/Volumes/BP_WinVolume.uasset" SILENT=true
[2023.04.25-17.03.52:195][352]LogSavePackage: Moving '../../../../../../GameDev/CrystalCavern/Saved/BP_WinVolume8A6641F14B9712C3C5A4759CEB77D90D.tmp' to '../../../../../../GameDev/CrystalCavern/Content/Blueprints/Actors/Volumes/BP_WinVolume.uasset'
[2023.04.25-17.04.17:498][388]LogEditorViewport: Clicking Background
[2023.04.25-17.04.18:380][490]LogEditorViewport: Clicking Background
[2023.04.25-17.05.21:440][156]LogSlate: FSceneViewport::OnFocusLost() reason 0
[2023.04.25-17.27.23:824][346]LogAudio: Warning: Current Audio Device with ID {0.0.0.00000000}.{650aea63-143e-4e42-a01b-a6daa36a8d5a} was removed. Shutting down audio device.
[2023.04.25-17.27.23:824][346]LogInit: XAudio2 using 'Speakers (Realtek(R) Audio)' : 2 channels at 48 kHz using 32 bits per sample (channel mask 0x3)
[2023.04.25-20.40.43:071][909]LogInit: XAudio2 using '32S321 (NVIDIA High Definition Audio)' : 2 channels at 48 kHz using 16 bits per sample (channel mask 0x3)
[2023.04.25-20.50.39:540][686]LogAudio: Warning: Current Audio Device with ID {0.0.0.00000000}.{650aea63-143e-4e42-a01b-a6daa36a8d5a} was removed. Shutting down audio device.
[2023.04.25-20.50.39:540][686]LogInit: XAudio2 using 'Speakers (Realtek(R) Audio)' : 2 channels at 48 kHz using 32 bits per sample (channel mask 0x3)
[2023.04.25-22.38.03:548][881]LogInit: XAudio2 using '32S321 (NVIDIA High Definition Audio)' : 2 channels at 48 kHz using 16 bits per sample (channel mask 0x3)
[2023.04.25-22.38.37:024][973]LogSlate: Window 'Save Content' being destroyed
[2023.04.25-22.38.37:034][973]Cmd: OBJ SAVEPACKAGE PACKAGE="/Game/Blueprints/Actors/Collectables/BP_Crystal" FILE="../../../../../../GameDev/CrystalCavern/Content/Blueprints/Actors/Collectables/BP_Crystal.uasset" SILENT=true
[2023.04.25-22.38.37:065][973]LogSavePackage: Moving '../../../../../../GameDev/CrystalCavern/Saved/BP_Crystal1AEE7C834F4C4CB0C6ECE0AB6FB1A9BC.tmp' to '../../../../../../GameDev/CrystalCavern/Content/Blueprints/Actors/Collectables/BP_Crystal.uasset'
[2023.04.25-22.38.37:975][973]Cmd: OBJ SAVEPACKAGE PACKAGE="/Game/Levels/Level1" FILE="../../../../../../GameDev/CrystalCavern/Content/Levels/Level1.umap" SILENT=true AUTOSAVING=false KEEPDIRTY=false
[2023.04.25-22.38.38:116][973]LogSavePackage: Moving '../../../../../../GameDev/CrystalCavern/Saved/Level1EE06EFD5429032C9608ABA81CFAEC27D.tmp' to '../../../../../../GameDev/CrystalCavern/Content/Levels/Level1.umap'
[2023.04.25-22.38.38:128][973]LogFileHelpers: Saving map 'Level1' took 1.059
[2023.04.25-22.38.38:209][973]LogActorComponent: UnregisterComponent: (/Engine/Transient.EditorFloorComp) Not registered. Aborting.
[2023.04.25-22.38.38:255][973]LogActorComponent: UnregisterComponent: (/Engine/Transient.EditorFloorComp) Not registered. Aborting.
[2023.04.25-22.38.38:301][973]LogActorComponent: UnregisterComponent: (/Engine/Transient.EditorFloorComp) Not registered. Aborting.
[2023.04.25-22.38.38:347][973]LogActorComponent: UnregisterComponent: (/Engine/Transient.EditorFloorComp) Not registered. Aborting.
[2023.04.25-22.38.38:409][973]LogSlate: Window 'CrystalCavern - Unreal Editor' being destroyed
[2023.04.25-22.38.38:577][974]Cmd: QUIT_EDITOR
[2023.04.25-22.38.39:535][974]LogWindowsTextInputMethodSystem: Display: IME system now deactivated.
[2023.04.25-22.38.39:541][974]LogExit: Preparing to exit.
[2023.04.25-22.38.40:230][974]LogExit: Editor shut down
[2023.04.25-22.38.40:230][974]LogExit: Transaction tracking system shut down
[2023.04.25-22.38.40:837][974]LogExit: Object subsystem successfully closed.
[2023.04.25-22.38.40:852][974]LogShaderCompilers: Display: Shaders left to compile 0
[2023.04.25-22.38.40:854][974]LogD3D11RHI: Shutdown
[2023.04.25-22.38.40:854][974]LogD3D11RHI: CleanupD3DDevice
[2023.04.25-22.38.40:855][974]LogD3D11RHI: ~FD3D11DynamicRHI
[2023.04.25-22.38.40:877][974]LogModuleManager: Shutting down and abandoning module MovieSceneCapture (616)
[2023.04.25-22.38.40:877][974]LogModuleManager: Shutting down and abandoning module Voice (614)
[2023.04.25-22.38.40:877][974]LogModuleManager: Shutting down and abandoning module BlueprintGraph (612)
[2023.04.25-22.38.40:877][974]LogModuleManager: Shutting down and abandoning module HierarchicalLODOutliner (610)
[2023.04.25-22.38.40:877][974]LogModuleManager: Shutting down and abandoning module SceneOutliner (608)
[2023.04.25-22.38.40:877][974]LogModuleManager: Shutting down and abandoning module AddContentDialog (606)
[2023.04.25-22.38.40:877][974]LogModuleManager: Shutting down and abandoning module WidgetCarousel (605)
[2023.04.25-22.38.40:877][974]LogModuleManager: Shutting down and abandoning module EditorWidgets (602)
[2023.04.25-22.38.40:877][974]LogModuleManager: Shutting down and abandoning module CollectionManager (600)
[2023.04.25-22.38.40:877][974]LogModuleManager: Shutting down and abandoning module StatsViewer (598)
[2023.04.25-22.38.40:877][974]LogModuleManager: Shutting down and abandoning module FoliageEdit (596)
[2023.04.25-22.38.40:877][974]LogModuleManager: Shutting down and abandoning module LandscapeEditor (594)
[2023.04.25-22.38.40:877][974]LogModuleManager: Shutting down and abandoning module MeshPaintMode (592)
[2023.04.25-22.38.40:877][974]LogModuleManager: Shutting down and abandoning module SceneDepthPickerMode (590)
[2023.04.25-22.38.40:877][974]LogModuleManager: Shutting down and abandoning module ActorPickerMode (588)
[2023.04.25-22.38.40:877][974]LogModuleManager: Shutting down and abandoning module GeometryMode (586)
[2023.04.25-22.38.40:877][974]LogModuleManager: Shutting down and abandoning module TextureAlignMode (584)
[2023.04.25-22.38.40:877][974]LogModuleManager: Shutting down and abandoning module BspMode (582)
[2023.04.25-22.38.40:877][974]LogModuleManager: Shutting down and abandoning module PIEPreviewDeviceProfileSelector (580)
[2023.04.25-22.38.40:877][974]LogModuleManager: Shutting down and abandoning module SequenceRecorderSections (578)
[2023.04.25-22.38.40:878][974]LogModuleManager: Shutting down and abandoning module AutomationWorker (576)
[2023.04.25-22.38.40:878][974]LogModuleManager: Shutting down and abandoning module AudioCaptureEditor (574)
[2023.04.25-22.38.40:878][974]LogModuleManager: Shutting down and abandoning module SequenceRecorder (573)
[2023.04.25-22.38.40:878][974]LogModuleManager: Shutting down and abandoning module MatineeToLevelSequence (570)
[2023.04.25-22.38.40:878][974]LogModuleManager: Shutting down and abandoning module LevelSequenceEditor (568)
[2023.04.25-22.38.40:878][974]LogModuleManager: Shutting down and abandoning module PlacementMode (567)
[2023.04.25-22.38.40:878][974]LogModuleManager: Shutting down and abandoning module MaterialEditor (566)
[2023.04.25-22.38.40:878][974]LogModuleManager: Shutting down and abandoning module WmfMediaFactory (562)
[2023.04.25-22.38.40:878][974]LogModuleManager: Shutting down and abandoning module WmfMediaEditor (560)
[2023.04.25-22.38.40:878][974]LogModuleManager: Shutting down and abandoning module MediaPlayerEditor (558)
[2023.04.25-22.38.40:878][974]LogModuleManager: Shutting down and abandoning module OpenExrWrapper (556)
[2023.04.25-22.38.40:878][974]LogModuleManager: Shutting down and abandoning module ImgMediaFactory (554)
[2023.04.25-22.38.40:878][974]LogModuleManager: Shutting down and abandoning module ImgMediaEditor (552)
[2023.04.25-22.38.40:878][974]LogModuleManager: Shutting down and abandoning module AvfMediaFactory (550)
[2023.04.25-22.38.40:878][974]LogModuleManager: Shutting down and abandoning module AvfMediaEditor (548)
[2023.04.25-22.38.40:878][974]LogModuleManager: Shutting down and abandoning module AndroidMediaFactory (546)
[2023.04.25-22.38.40:878][974]LogModuleManager: Shutting down and abandoning module AndroidMediaEditor (544)
[2023.04.25-22.38.40:878][974]LogModuleManager: Shutting down and abandoning module MagicLeapCameraPreviewFactory (542)
[2023.04.25-22.38.40:878][974]LogModuleManager: Shutting down and abandoning module MagicLeapMediaFactory (540)
[2023.04.25-22.38.40:878][974]LogModuleManager: Shutting down and abandoning module MagicLeapMediaEditor (538)
[2023.04.25-22.38.40:878][974]LogModuleManager: Shutting down and abandoning module CharacterAI (536)
[2023.04.25-22.38.40:878][974]LogModuleManager: Shutting down and abandoning module SmartSnapping (534)
[2023.04.25-22.38.40:878][974]LogModuleManager: Shutting down and abandoning module SessionServices (532)
[2023.04.25-22.38.40:878][974]LogModuleManager: Shutting down and abandoning module ViewportSnapping (530)
[2023.04.25-22.38.40:878][974]LogModuleManager: Shutting down and abandoning module ViewportInteraction (528)
[2023.04.25-22.38.40:878][974]LogModuleManager: Shutting down and abandoning module ClothPainter (526)
[2023.04.25-22.38.40:878][974]LogModuleManager: Shutting down and abandoning module SkeletalMeshEditor (525)
[2023.04.25-22.38.40:878][974]LogModuleManager: Shutting down and abandoning module LogVisualizer (522)
[2023.04.25-22.38.40:878][974]LogModuleManager: Shutting down and abandoning module IntroTutorials (520)
[2023.04.25-22.38.40:878][974]LogModuleManager: Shutting down and abandoning module GameProjectGeneration (519)
[2023.04.25-22.38.40:878][974]LogModuleManager: Shutting down and abandoning module LuminPlatformEditor (516)
[2023.04.25-22.38.40:878][974]LogModuleManager: Shutting down and abandoning module IOSPlatformEditor (514)
[2023.04.25-22.38.40:878][974]LogModuleManager: Shutting down and abandoning module HTML5PlatformEditor (512)
[2023.04.25-22.38.40:878][974]LogModuleManager: Shutting down and abandoning module AndroidPlatformEditor (510)
[2023.04.25-22.38.40:878][974]LogModuleManager: Shutting down and abandoning module AndroidDeviceDetection (509)
[2023.04.25-22.38.41:082][974]LogModuleManager: Shutting down and abandoning module WindowsPlatformEditor (506)
[2023.04.25-22.38.41:082][974]LogModuleManager: Shutting down and abandoning module LuminRuntimeSettings (504)
[2023.04.25-22.38.41:082][974]LogModuleManager: Shutting down and abandoning module IOSRuntimeSettings (502)
[2023.04.25-22.38.41:082][974]LogModuleManager: Shutting down and abandoning module AndroidRuntimeSettings (500)
[2023.04.25-22.38.41:082][974]LogModuleManager: Shutting down and abandoning module InputBindingEditor (498)
[2023.04.25-22.38.41:082][974]LogModuleManager: Shutting down and abandoning module MergeActors (496)
[2023.04.25-22.38.41:082][974]LogModuleManager: Shutting down and abandoning module LocalizationDashboard (494)
[2023.04.25-22.38.41:082][974]LogModuleManager: Shutting down and abandoning module LocalizationService (493)
[2023.04.25-22.38.41:082][974]LogModuleManager: Shutting down and abandoning module HardwareTargeting (490)
[2023.04.25-22.38.41:082][974]LogModuleManager: Shutting down and abandoning module DeviceProfileEditor (488)
[2023.04.25-22.38.41:082][974]LogModuleManager: Shutting down and abandoning module UndoHistory (486)
[2023.04.25-22.38.41:082][974]LogModuleManager: Shutting down and abandoning module XmlParser (484)
[2023.04.25-22.38.41:082][974]LogModuleManager: Shutting down and abandoning module Blutility (482)
[2023.04.25-22.38.41:082][974]LogModuleManager: Shutting down and abandoning module ProjectSettingsViewer (480)
[2023.04.25-22.38.41:082][974]LogModuleManager: Shutting down and abandoning module ProjectTargetPlatformEditor (479)
[2023.04.25-22.38.41:082][974]LogModuleManager: Shutting down and abandoning module EditorSettingsViewer (476)
[2023.04.25-22.38.41:082][974]LogModuleManager: Shutting down and abandoning module SettingsEditor (474)
[2023.04.25-22.38.41:082][974]LogModuleManager: Shutting down and abandoning module ProjectLauncher (472)
[2023.04.25-22.38.41:082][974]LogModuleManager: Shutting down and abandoning module SessionFrontend (470)
[2023.04.25-22.38.41:082][974]LogModuleManager: Shutting down and abandoning module ProfilerClient (468)
[2023.04.25-22.38.41:082][974]LogModuleManager: Shutting down and abandoning module DeviceManager (466)
[2023.04.25-22.38.41:082][974]LogModuleManager: Shutting down and abandoning module TargetDeviceServices (465)
[2023.04.25-22.38.41:126][974]LogModuleManager: Shutting down and abandoning module AutomationController (462)
[2023.04.25-22.38.41:126][974]LogModuleManager: Shutting down and abandoning module AutomationWindow (460)
[2023.04.25-22.38.41:126][974]LogModuleManager: Shutting down and abandoning module Layers (458)
[2023.04.25-22.38.41:126][974]LogModuleManager: Shutting down and abandoning module ComponentVisualizers (456)
[2023.04.25-22.38.41:126][974]LogModuleManager: Shutting down and abandoning module DetailCustomizations (454)
[2023.04.25-22.38.41:126][974]LogModuleManager: Shutting down and abandoning module PackagesDialog (452)
[2023.04.25-22.38.41:126][974]LogModuleManager: Shutting down and abandoning module Persona (450)
[2023.04.25-22.38.41:126][974]LogModuleManager: Shutting down and abandoning module AdvancedPreviewScene (449)
[2023.04.25-22.38.41:126][974]LogModuleManager: Shutting down and abandoning module AnimGraph (447)
[2023.04.25-22.38.41:126][974]LogModuleManager: Shutting down and abandoning module Kismet (444)
[2023.04.25-22.38.41:129][974]LogModuleManager: Shutting down and abandoning module GraphEditor (442)
[2023.04.25-22.38.41:129][974]LogModuleManager: Shutting down and abandoning module ClassViewer (440)
[2023.04.25-22.38.41:130][974]LogModuleManager: Shutting down and abandoning module Toolbox (438)
[2023.04.25-22.38.41:130][974]LogModuleManager: Shutting down and abandoning module ModuleUI (436)
[2023.04.25-22.38.41:130][974]LogModuleManager: Shutting down and abandoning module MovieSceneTools (434)
[2023.04.25-22.38.41:130][974]LogModuleManager: Shutting down and abandoning module OutputLog (432)
[2023.04.25-22.38.41:130][974]LogModuleManager: Shutting down and abandoning module GammaUI (430)
[2023.04.25-22.38.41:130][974]LogModuleManager: Shutting down and abandoning module Documentation (428)
[2023.04.25-22.38.41:130][974]LogModuleManager: Shutting down and abandoning module MovieSceneTracks (426)
[2023.04.25-22.38.41:130][974]LogModuleManager: Shutting down and abandoning module MovieScene (424)
[2023.04.25-22.38.41:130][974]LogModuleManager: Shutting down and abandoning module StreamingPauseRendering (422)
[2023.04.25-22.38.41:130][974]LogModuleManager: Shutting down and abandoning module LauncherPlatform (420)
[2023.04.25-22.38.41:130][974]LogModuleManager: Shutting down and abandoning module AnalyticsET (418)
[2023.04.25-22.38.41:130][974]LogModuleManager: Shutting down and abandoning module PortalServices (416)
[2023.04.25-22.38.41:130][974]LogModuleManager: Shutting down and abandoning module PortalRpc (414)
[2023.04.25-22.38.41:130][974]LogModuleManager: Shutting down and abandoning module MessagingRpc (412)
[2023.04.25-22.38.41:130][974]LogModuleManager: Shutting down and abandoning module AIModule (410)
[2023.04.25-22.38.41:130][974]LogModuleManager: Shutting down and abandoning module GameplayDebugger (409)
[2023.04.25-22.38.41:130][974]LogModuleManager: Shutting down and abandoning module AITestSuite (407)
[2023.04.25-22.38.41:130][974]LogModuleManager: Shutting down and abandoning module NavigationSystem (405)
[2023.04.25-22.38.41:130][974]LogModuleManager: Shutting down and abandoning module DesktopPlatform (402)
[2023.04.25-22.38.41:130][974]LogModuleManager: Shutting down and abandoning module ProfilerService (400)
[2023.04.25-22.38.41:262][974]LogModuleManager: Shutting down and abandoning module TaskGraph (398)
[2023.04.25-22.38.41:262][974]LogModuleManager: Shutting down and abandoning module SteamVRController (396)
[2023.04.25-22.38.41:262][974]LogModuleManager: Shutting down and abandoning module ProceduralMeshComponentEditor (394)
[2023.04.25-22.38.41:262][974]LogModuleManager: Shutting down and abandoning module ProceduralMeshComponent (392)
[2023.04.25-22.38.41:262][974]LogModuleManager: Shutting down and abandoning module OculusInput (390)
[2023.04.25-22.38.41:262][974]LogModuleManager: Shutting down and abandoning module MobilePatchingUtils (388)
[2023.04.25-22.38.41:262][974]LogModuleManager: Shutting down and abandoning module EditableMesh (386)
[2023.04.25-22.38.41:262][974]LogModuleManager: Shutting down and abandoning module CustomMeshComponent (384)
[2023.04.25-22.38.41:262][974]LogModuleManager: Shutting down and abandoning module CableComponent (382)
[2023.04.25-22.38.41:262][974]LogModuleManager: Shutting down and abandoning module AudioCapture (380)
[2023.04.25-22.38.41:262][974]LogModuleManager: Shutting down and abandoning module ArchVisCharacter (378)
[2023.04.25-22.38.41:262][974]LogModuleManager: Shutting down and abandoning module AndroidPermission (376)
[2023.04.25-22.38.41:262][974]LogModuleManager: Shutting down and abandoning module NUTUnrealEngine4 (374)
[2023.04.25-22.38.41:262][974]LogModuleManager: Shutting down and abandoning module NetcodeUnitTest (372)
[2023.04.25-22.38.41:262][974]LogModuleManager: Shutting down and abandoning module MediaCompositingEditor (370)
[2023.04.25-22.38.41:262][974]LogModuleManager: Shutting down and abandoning module MediaCompositing (368)
[2023.04.25-22.38.41:262][974]LogModuleManager: Shutting down and abandoning module LinearTimecode (366)
[2023.04.25-22.38.41:262][974]LogModuleManager: Shutting down and abandoning module ImgMedia (364)
[2023.04.25-22.38.41:264][974]LogModuleManager: Shutting down and abandoning module HTML5Networking (362)
[2023.04.25-22.38.41:264][974]LogModuleManager: Shutting down and abandoning module GeometryCacheTracks (360)
[2023.04.25-22.38.41:264][974]LogModuleManager: Shutting down and abandoning module GeometryCacheSequencer (358)
[2023.04.25-22.38.41:264][974]LogModuleManager: Shutting down and abandoning module BackChannel (356)
[2023.04.25-22.38.41:264][974]LogModuleManager: Shutting down and abandoning module AppleVision (354)
[2023.04.25-22.38.41:264][974]LogModuleManager: Shutting down and abandoning module AppleImageUtils (352)
[2023.04.25-22.38.41:264][974]LogModuleManager: Shutting down and abandoning module AlembicImporter (350)
[2023.04.25-22.38.41:264][974]LogModuleManager: Shutting down and abandoning module AlembicLibrary (349)
[2023.04.25-22.38.41:264][974]LogModuleManager: Shutting down and abandoning module GeometryCache (348)
[2023.04.25-22.38.41:264][974]LogModuleManager: Shutting down and abandoning module GeometryCacheEd (347)
[2023.04.25-22.38.41:264][974]LogModuleManager: Shutting down and abandoning module DatasmithContentEditor (342)
[2023.04.25-22.38.41:264][974]LogModuleManager: Shutting down and abandoning module DatasmithContent (340)
[2023.04.25-22.38.41:264][974]LogModuleManager: Shutting down and abandoning module SpeedTreeImporter (338)
[2023.04.25-22.38.41:264][974]LogModuleManager: Shutting down and abandoning module PluginBrowser (336)
[2023.04.25-22.38.41:265][974]LogModuleManager: Shutting down and abandoning module MobileLauncherProfileWizard (334)
[2023.04.25-22.38.41:265][974]LogModuleManager: Shutting down and abandoning module PolygonModeling (332)
[2023.04.25-22.38.41:265][974]LogModuleManager: Shutting down and abandoning module MeshEditor (330)
[2023.04.25-22.38.41:265][974]LogModuleManager: Shutting down and abandoning module CryptoKeysOpenSSL (328)
[2023.04.25-22.38.41:265][974]LogModuleManager: Shutting down and abandoning module CryptoKeys (326)
[2023.04.25-22.38.41:265][974]LogModuleManager: Shutting down and abandoning module VisualStudioSourceCodeAccess (324)
[2023.04.25-22.38.41:265][974]LogModuleManager: Shutting down and abandoning module VisualStudioCodeSourceCodeAccess (322)
[2023.04.25-22.38.41:265][974]LogModuleManager: Shutting down and abandoning module UObjectPlugin (320)
[2023.04.25-22.38.41:265][974]LogModuleManager: Shutting down and abandoning module SubversionSourceControl (318)
[2023.04.25-22.38.41:265][974]LogModuleManager: Shutting down and abandoning module PerforceSourceControl (316)
[2023.04.25-22.38.41:265][974]LogModuleManager: Shutting down and abandoning module GitSourceControl (314)
[2023.04.25-22.38.41:265][974]LogModuleManager: Shutting down and abandoning module SourceControl (313)
[2023.04.25-22.38.41:265][974]LogModuleManager: Shutting down and abandoning module CLionSourceCodeAccess (310)
[2023.04.25-22.38.41:265][974]LogModuleManager: Shutting down and abandoning module LightPropagationVolumeEditor (308)
[2023.04.25-22.38.41:265][974]LogModuleManager: Shutting down and abandoning module PaperTiledImporter (306)
[2023.04.25-22.38.41:265][974]LogModuleManager: Shutting down and abandoning module PaperSpriteSheetImporter (304)
[2023.04.25-22.38.41:265][974]LogModuleManager: Shutting down and abandoning module Paper2DEditor (302)
[2023.04.25-22.38.41:265][974]LogModuleManager: Shutting down and abandoning module MeshPaint (301)
[2023.04.25-22.38.41:265][974]LogModuleManager: Shutting down and abandoning module RuntimePhysXCooking (298)
[2023.04.25-22.38.41:265][974]LogModuleManager: Shutting down and abandoning module PhysXVehiclesEditor (296)
[2023.04.25-22.38.41:265][974]LogModuleManager: Shutting down and abandoning module PhysXVehicles (294)
[2023.04.25-22.38.41:265][974]LogModuleManager: Shutting down and abandoning module OculusEditor (292)
[2023.04.25-22.38.41:265][974]LogModuleManager: Shutting down and abandoning module LocationServicesBPLibrary (290)
[2023.04.25-22.38.41:265][974]LogModuleManager: Shutting down and abandoning module ImmediatePhysicsEditor (288)
[2023.04.25-22.38.41:265][974]LogModuleManager: Shutting down and abandoning module ImmediatePhysics (286)
[2023.04.25-22.38.41:265][974]LogModuleManager: Shutting down and abandoning module ActorSequence (284)
[2023.04.25-22.38.41:265][974]LogModuleManager: Shutting down and abandoning module UdpMessaging (282)
[2023.04.25-22.38.41:366][974]LogModuleManager: Shutting down and abandoning module TcpMessaging (280)
[2023.04.25-22.38.41:467][974]LogModuleManager: Shutting down and abandoning module MagicLeapAudio (278)
[2023.04.25-22.38.41:467][974]LogModuleManager: Shutting down and abandoning module GameplayTagsEditor (276)
[2023.04.25-22.38.41:467][974]LogModuleManager: Shutting down and abandoning module FacialAnimationEditor (274)
[2023.04.25-22.38.41:467][974]LogModuleManager: Shutting down and abandoning module FacialAnimation (272)
[2023.04.25-22.38.41:467][974]LogModuleManager: Shutting down and abandoning module DataValidation (270)
[2023.04.25-22.38.41:467][974]LogModuleManager: Shutting down and abandoning module AssetManagerEditor (268)
[2023.04.25-22.38.41:467][974]LogModuleManager: Shutting down and abandoning module LevelEditor (267)
[2023.04.25-22.38.41:467][974]LogModuleManager: Shutting down and abandoning module PixelInspectorModule (266)
[2023.04.25-22.38.41:467][974]LogModuleManager: Shutting down and abandoning module CommonMenuExtensions (264)
[2023.04.25-22.38.41:467][974]LogModuleManager: Shutting down and abandoning module MainFrame (262)
[2023.04.25-22.38.41:467][974]LogModuleManager: Shutting down and abandoning module HotReload (261)
[2023.04.25-22.38.41:468][974]LogModuleManager: Shutting down and abandoning module ContentBrowser (257)
[2023.04.25-22.38.41:468][974]LogModuleManager: Shutting down and abandoning module TreeMap (255)
[2023.04.25-22.38.41:468][974]LogModuleManager: Shutting down and abandoning module LightPropagationVolumeRuntime (252)
[2023.04.25-22.38.41:468][974]LogModuleManager: Shutting down and abandoning module AISupportModule (250)
[2023.04.25-22.38.41:468][974]LogModuleManager: Shutting down and abandoning module Paper2D (248)
[2023.04.25-22.38.41:468][974]LogModuleManager: Shutting down and abandoning module WindowsMoviePlayer (246)
[2023.04.25-22.38.41:468][974]LogModuleManager: Shutting down and abandoning module WmfMedia (244)
[2023.04.25-22.38.41:469][974]LogModuleManager: Shutting down and abandoning module Media (243)
[2023.04.25-22.38.41:475][974]LogModuleManager: Shutting down and abandoning module PacketHandler (240)
[2023.04.25-22.38.41:475][974]LogModuleManager: Shutting down and abandoning module ClothingSystemEditor (238)
[2023.04.25-22.38.41:475][974]LogModuleManager: Shutting down and abandoning module ClothingSystemRuntime (236)
[2023.04.25-22.38.41:475][974]LogModuleManager: Shutting down and abandoning module MediaAssets (234)
[2023.04.25-22.38.41:475][974]LogModuleManager: Shutting down and abandoning module Overlay (232)
[2023.04.25-22.38.41:475][974]LogModuleManager: Shutting down and abandoning module OverlayEditor (231)
[2023.04.25-22.38.41:475][974]LogModuleManager: Shutting down and abandoning module VREditor (228)
[2023.04.25-22.38.41:475][974]LogModuleManager: Shutting down and abandoning module StringTableEditor (226)
[2023.04.25-22.38.41:475][974]LogModuleManager: Shutting down and abandoning module GameplayTasksEditor (224)
[2023.04.25-22.38.41:475][974]LogModuleManager: Shutting down and abandoning module BehaviorTreeEditor (222)
[2023.04.25-22.38.41:475][974]LogModuleManager: Shutting down and abandoning module FunctionalTesting (220)
[2023.04.25-22.38.41:475][974]LogModuleManager: Shutting down and abandoning module CollisionAnalyzer (218)
[2023.04.25-22.38.41:475][974]LogModuleManager: Shutting down and abandoning module WorkspaceMenuStructure (217)
[2023.04.25-22.38.41:475][974]LogModuleManager: Shutting down and abandoning module UMG (214)
[2023.04.25-22.38.41:475][974]LogModuleManager: Shutting down and abandoning module UMGEditor (213)
[2023.04.25-22.38.41:475][974]LogModuleManager: Shutting down and abandoning module Sequencer (212)
[2023.04.25-22.38.41:475][974]LogModuleManager: Shutting down and abandoning module MessageLog (209)
[2023.04.25-22.38.41:475][974]LogModuleManager: Shutting down and abandoning module SlateReflector (204)
[2023.04.25-22.38.41:475][974]LogModuleManager: Shutting down and abandoning module Slate (202)
[2023.04.25-22.38.41:475][974]LogModuleManager: Shutting down and abandoning module EditorStyle (200)
[2023.04.25-22.38.41:476][974]LogModuleManager: Shutting down and abandoning module MRMesh (198)
[2023.04.25-22.38.41:476][974]LogModuleManager: Shutting down and abandoning module SourceCodeAccess (196)
[2023.04.25-22.38.41:476][974]LogModuleManager: Shutting down and abandoning module HeadMountedDisplay (194)
[2023.04.25-22.38.41:476][974]LogModuleManager: Shutting down and abandoning module XAudio2 (192)
[2023.04.25-22.38.41:476][974]LogModuleManager: Shutting down and abandoning module Networking (190)
[2023.04.25-22.38.41:476][974]LogModuleManager: Shutting down and abandoning module Core (188)
[2023.04.25-22.38.41:476][974]LogModuleManager: Shutting down and abandoning module LevelSequence (186)
[2023.04.25-22.38.41:476][974]LogModuleManager: Shutting down and abandoning module KismetCompiler (184)
[2023.04.25-22.38.41:476][974]LogModuleManager: Shutting down and abandoning module MeshUtilities (182)
[2023.04.25-22.38.41:476][974]LogModuleManager: Shutting down and abandoning module MeshMergeUtilities (181)
[2023.04.25-22.38.41:477][974]LogModuleManager: Shutting down and abandoning module MeshReductionInterface (180)
[2023.04.25-22.38.41:477][974]LogModuleManager: Shutting down and abandoning module SimplygonSwarm (179)
[2023.04.25-22.38.41:477][974]LogModuleManager: Shutting down and abandoning module ProxyLODMeshReduction (177)
[2023.04.25-22.38.41:477][974]LogModuleManager: Shutting down and abandoning module SimplygonMeshReduction (175)
[2023.04.25-22.38.41:477][974]LogModuleManager: Shutting down and abandoning module QuadricMeshReduction (173)
[2023.04.25-22.38.41:477][974]LogModuleManager: Shutting down and abandoning module MaterialBaking (169)
[2023.04.25-22.38.41:477][974]LogModuleManager: Shutting down and abandoning module DirectoryWatcher (165)
[2023.04.25-22.38.41:477][974]LogModuleManager: Shutting down and abandoning module DerivedDataCache (162)
[2023.04.25-22.38.41:498][974]LogDerivedDataCache: Shutdown
[2023.04.25-22.38.41:498][974]LogModuleManager: Shutting down and abandoning module XGEController (160)
[2023.04.25-22.38.41:498][974]LogModuleManager: Shutting down and abandoning module TargetPlatform (158)
[2023.04.25-22.38.41:498][974]LogModuleManager: Shutting down and abandoning module VulkanShaderFormat (157)
[2023.04.25-22.38.41:498][974]LogModuleManager: Shutting down and abandoning module ShaderFormatVectorVM (155)
[2023.04.25-22.38.41:498][974]LogModuleManager: Shutting down and abandoning module ShaderFormatOpenGL (153)
[2023.04.25-22.38.41:498][974]LogModuleManager: Shutting down and abandoning module ShaderFormatD3D (151)
[2023.04.25-22.38.41:498][974]LogModuleManager: Shutting down and abandoning module MetalShaderFormat (149)
[2023.04.25-22.38.41:498][974]LogModuleManager: Shutting down and abandoning module TextureFormatUncompressed (147)
[2023.04.25-22.38.41:498][974]LogModuleManager: Shutting down and abandoning module TextureFormatPVR (145)
[2023.04.25-22.38.41:498][974]LogModuleManager: Shutting down and abandoning module TextureFormatDXT (143)
[2023.04.25-22.38.41:498][974]LogModuleManager: Shutting down and abandoning module TextureFormatIntelISPCTexComp (141)
[2023.04.25-22.38.41:498][974]LogModuleManager: Shutting down and abandoning module TextureFormatASTC (139)
[2023.04.25-22.38.41:498][974]LogModuleManager: Shutting down and abandoning module ImageWrapper (138)
[2023.04.25-22.38.41:498][974]LogModuleManager: Shutting down and abandoning module TextureFormatAndroid (135)
[2023.04.25-22.38.41:498][974]LogModuleManager: Shutting down and abandoning module AudioFormatOpus (133)
[2023.04.25-22.38.41:498][974]LogModuleManager: Shutting down and abandoning module AudioFormatOgg (131)
[2023.04.25-22.38.41:498][974]LogModuleManager: Shutting down and abandoning module AudioFormatADPCM (129)
[2023.04.25-22.38.41:498][974]LogModuleManager: Shutting down and abandoning module LuminTargetPlatform (127)
[2023.04.25-22.38.41:498][974]LogModuleManager: Shutting down and abandoning module LinuxTargetPlatform (125)
[2023.04.25-22.38.41:498][974]LogModuleManager: Shutting down and abandoning module LinuxServerTargetPlatform (123)
[2023.04.25-22.38.41:498][974]LogModuleManager: Shutting down and abandoning module LinuxNoEditorTargetPlatform (121)
[2023.04.25-22.38.41:498][974]LogModuleManager: Shutting down and abandoning module LinuxClientTargetPlatform (119)
[2023.04.25-22.38.41:498][974]LogModuleManager: Shutting down and abandoning module TVOSTargetPlatform (117)
[2023.04.25-22.38.41:499][974]LogModuleManager: Shutting down and abandoning module Messaging (115)
[2023.04.25-22.38.41:499][974]LogModuleManager: Shutting down and abandoning module IOSTargetPlatform (113)
[2023.04.25-22.38.41:499][974]LogModuleManager: Shutting down and abandoning module HTML5TargetPlatform (111)
[2023.04.25-22.38.41:499][974]LogModuleManager: Shutting down and abandoning module AndroidTargetPlatform (109)
[2023.04.25-22.38.41:503][974]LogModuleManager: Shutting down and abandoning module WindowsTargetPlatform (107)
[2023.04.25-22.38.41:503][974]LogModuleManager: Shutting down and abandoning module WindowsServerTargetPlatform (105)
[2023.04.25-22.38.41:503][974]LogModuleManager: Shutting down and abandoning module WindowsNoEditorTargetPlatform (103)
[2023.04.25-22.38.41:503][974]LogModuleManager: Shutting down and abandoning module WindowsClientTargetPlatform (101)
[2023.04.25-22.38.41:503][974]LogModuleManager: Shutting down and abandoning module MacTargetPlatform (99)
[2023.04.25-22.38.41:503][974]LogModuleManager: Shutting down and abandoning module MacServerTargetPlatform (97)
[2023.04.25-22.38.41:503][974]LogModuleManager: Shutting down and abandoning module MacNoEditorTargetPlatform (95)
[2023.04.25-22.38.41:503][974]LogModuleManager: Shutting down and abandoning module MacClientTargetPlatform (93)
[2023.04.25-22.38.41:503][974]LogModuleManager: Shutting down and abandoning module AllDesktopTargetPlatform (91)
[2023.04.25-22.38.41:503][974]LogModuleManager: Shutting down and abandoning module InputCore (88)
[2023.04.25-22.38.41:503][974]LogModuleManager: Shutting down and abandoning module Settings (86)
[2023.04.25-22.38.41:503][974]LogModuleManager: Shutting down and abandoning module PhysXCooking (84)
[2023.04.25-22.38.41:503][974]LogModuleManager: Shutting down and abandoning module SteamVR (82)
[2023.04.25-22.38.41:503][974]LogModuleManager: Shutting down and abandoning module OculusHMD (80)
[2023.04.25-22.38.41:503][974]LogModuleManager: Shutting down and abandoning module ExampleDeviceProfileSelector (78)
[2023.04.25-22.38.41:503][974]LogModuleManager: Shutting down and abandoning module LauncherChunkInstaller (76)
[2023.04.25-22.38.41:503][974]LogModuleManager: Shutting down and abandoning module OnlineBlueprintSupport (74)
[2023.04.25-22.38.41:503][974]LogModuleManager: Shutting down and abandoning module OnlineSubsystem (70)
[2023.04.25-22.38.41:504][974]LogModuleManager: Shutting down and abandoning module XMPP (65)
[2023.04.25-22.38.41:504][974]LogModuleManager: Shutting down and abandoning module WebSockets (64)
[2023.04.25-22.38.41:537][974]LogModuleManager: Shutting down and abandoning module HTTP (61)
[2023.04.25-22.38.41:537][974]LogHttp: Display: Http module shutting down, but needs to wait on 1 outstanding Http requests:
[2023.04.25-22.38.41:537][974]LogHttp: Display: 	verb=[POST] url=[https://datarouter.ol.epicgames.com/datarouter/api/v1/public/data?SessionID=%7B41A11561-458B-2B11-6DD1-1990838C21F8%7D&AppID=UEEditor.Rocket.Release&AppVersion=4.20.3-4369336%2B%2B%2BUE4%2BRelease-4.20&UserID=63052a4a415ea715a9ba078a77c42ba9%7C0507eb520d4d493aa837bd1917b4d2e7%7C0786eda7-4b31-4c3d-97b6-9dbc1ff6acbb&AppEnvironment=datacollector-binary&UploadType=eteventstream] status=Processing
[2023.04.25-22.38.41:539][974]LogModuleManager: Shutting down and abandoning module SSL (60)
[2023.04.25-22.38.41:540][974]LogModuleManager: Shutting down and abandoning module MagicLeapEmulator (56)
[2023.04.25-22.38.41:540][974]LogModuleManager: Shutting down and abandoning module MagicLeapPrivileges (54)
[2023.04.25-22.38.41:540][974]LogModuleManager: Shutting down and abandoning module MagicLeapIdentity (52)
[2023.04.25-22.38.41:540][974]LogModuleManager: Shutting down and abandoning module MagicLeapHelperVulkan (50)
[2023.04.25-22.38.41:540][974]LogModuleManager: Shutting down and abandoning module MagicLeapHelperOpenGL (48)
[2023.04.25-22.38.41:540][974]LogModuleManager: Shutting down and abandoning module MagicLeapSecureStorage (46)
[2023.04.25-22.38.41:540][974]LogModuleManager: Shutting down and abandoning module MagicLeapGestures (44)
[2023.04.25-22.38.41:540][974]LogModuleManager: Shutting down and abandoning module MagicLeapEyeTracker (42)
[2023.04.25-22.38.41:540][974]LogModuleManager: Shutting down and abandoning module MagicLeapController (40)
[2023.04.25-22.38.41:540][974]LogSlate: Slate User Destroyed.  User Index 0, Is Virtual User: 0
[2023.04.25-22.38.41:540][974]LogModuleManager: Shutting down and abandoning module MagicLeap (38)
[2023.04.25-22.38.41:540][974]LogModuleManager: Shutting down and abandoning module AnimationModifiers (36)
[2023.04.25-22.38.41:540][974]LogModuleManager: Shutting down and abandoning module PropertyEditor (35)
[2023.04.25-22.38.41:540][974]LogModuleManager: Shutting down and abandoning module AudioEditor (32)
[2023.04.25-22.38.41:540][974]LogModuleManager: Shutting down and abandoning module TextureCompressor (30)
[2023.04.25-22.38.41:540][974]LogModuleManager: Shutting down and abandoning module ShaderCore (28)
[2023.04.25-22.38.41:540][974]LogModuleManager: Shutting down and abandoning module Landscape (26)
[2023.04.25-22.38.41:540][974]LogModuleManager: Shutting down and abandoning module SlateRHIRenderer (24)
[2023.04.25-22.38.41:541][974]LogModuleManager: Shutting down and abandoning module OpenGLDrv (22)
[2023.04.25-22.38.41:541][974]LogModuleManager: Shutting down and abandoning module D3D11RHI (20)
[2023.04.25-22.38.41:541][974]LogModuleManager: Shutting down and abandoning module AnimGraphRuntime (18)
[2023.04.25-22.38.41:541][974]LogModuleManager: Shutting down and abandoning module Renderer (16)
[2023.04.25-22.38.41:541][974]LogModuleManager: Shutting down and abandoning module Engine (14)
[2023.04.25-22.38.41:541][974]LogModuleManager: Shutting down and abandoning module CoreUObject (12)
[2023.04.25-22.38.41:541][974]LogModuleManager: Shutting down and abandoning module NetworkFile (10)
[2023.04.25-22.38.41:541][974]LogModuleManager: Shutting down and abandoning module CookedIterativeFile (8)
[2023.04.25-22.38.41:541][974]LogModuleManager: Shutting down and abandoning module StreamingFile (6)
[2023.04.25-22.38.41:541][974]LogModuleManager: Shutting down and abandoning module SandboxFile (4)
[2023.04.25-22.38.41:541][974]LogModuleManager: Shutting down and abandoning module PakFile (2)
[2023.04.25-22.38.41:546][974]LogExit: Exiting.
[2023.04.25-22.38.41:558][974]Log file closed, 04/25/23 18:38:41
