Log file open, 04/23/23 20:33:17
LogWindows: Failed to load 'aqProf.dll' (GetLastError=126)
LogWindows: File 'aqProf.dll' does not exist
LogWindows: Failed to load 'VSPerf140.dll' (GetLastError=126)
LogWindows: File 'VSPerf140.dll' does not exist
LogWindows: Failed to load 'VtuneApi.dll' (GetLastError=126)
LogWindows: File 'VtuneApi.dll' does not exist
LogWindows: Failed to load 'VtuneApi32e.dll' (GetLastError=126)
LogWindows: File 'VtuneApi32e.dll' does not exist
LogInit: Display: Running engine for game: CrystalCavern
LogPlatformFile: Not using cached read wrapper
LogTaskGraph: Started task graph with 5 named threads and 35 total threads with 3 sets of task threads.
LogStats: Stats thread started at 0.540007
LogD3D11RHI: Loaded GFSDK_Aftermath_Lib.x64.dll
LogICUInternationalization: Display: ICU TimeZone Detection - Raw Offset: -5:00, Platform Override: ''
LogPluginManager: Mounting plugin Paper2D
LogPluginManager: Mounting plugin AISupport
LogPluginManager: Mounting plugin LightPropagationVolume
LogPluginManager: Mounting plugin CLionSourceCodeAccess
LogPluginManager: Mounting plugin CodeLiteSourceCodeAccess
LogPluginManager: Mounting plugin GitSourceControl
LogPluginManager: Mounting plugin KDevelopSourceCodeAccess
LogPluginManager: Mounting plugin NullSourceCodeAccess
LogPluginManager: Mounting plugin PerforceSourceControl
LogPluginManager: Mounting plugin SubversionSourceControl
LogPluginManager: Mounting plugin UObjectPlugin
LogPluginManager: Mounting plugin VisualStudioCodeSourceCodeAccess
LogPluginManager: Mounting plugin VisualStudioSourceCodeAccess
LogPluginManager: Mounting plugin XCodeSourceCodeAccess
LogPluginManager: Mounting plugin AssetManagerEditor
LogPluginManager: Mounting plugin CryptoKeys
LogPluginManager: Mounting plugin DataValidation
LogPluginManager: Mounting plugin FacialAnimation
LogPluginManager: Mounting plugin GameplayTagsEditor
LogPluginManager: Mounting plugin MacGraphicsSwitching
LogPluginManager: Mounting plugin MeshEditor
LogPluginManager: Mounting plugin MobileLauncherProfileWizard
LogPluginManager: Mounting plugin PluginBrowser
LogPluginManager: Mounting plugin SpeedTreeImporter
LogPluginManager: Mounting plugin DatasmithContent
LogPluginManager: Mounting plugin AlembicImporter
LogPluginManager: Mounting plugin AppleImageUtils
LogPluginManager: Mounting plugin AppleVision
LogPluginManager: Mounting plugin BackChannel
LogPluginManager: Mounting plugin CharacterAI
LogPluginManager: Mounting plugin GeometryCache
LogPluginManager: Mounting plugin HTML5Networking
LogPluginManager: Mounting plugin ProxyLODPlugin
LogPluginManager: Mounting plugin MagicLeap
LogPluginManager: Mounting plugin MagicLeapEmulator
LogPluginManager: Mounting plugin MagicLeapMedia
LogPluginManager: Mounting plugin AndroidMedia
LogPluginManager: Mounting plugin AvfMedia
LogPluginManager: Mounting plugin ImgMedia
LogPluginManager: Mounting plugin LinearTimecode
LogPluginManager: Mounting plugin MediaCompositing
LogPluginManager: Mounting plugin MediaPlayerEditor
LogPluginManager: Mounting plugin WmfMedia
LogPluginManager: Mounting plugin TcpMessaging
LogPluginManager: Mounting plugin UdpMessaging
LogPluginManager: Mounting plugin ActorSequence
LogPluginManager: Mounting plugin LevelSequenceEditor
LogPluginManager: Mounting plugin MatineeToLevelSequence
LogPluginManager: Mounting plugin NetcodeUnitTest
LogPluginManager: Mounting plugin NUTUnrealEngine4
LogPluginManager: Mounting plugin OnlineSubsystemGooglePlay
LogPluginManager: Mounting plugin OnlineSubsystemIOS
LogPluginManager: Mounting plugin OnlineSubsystem
LogPluginManager: Mounting plugin OnlineSubsystemNull
LogPluginManager: Mounting plugin OnlineSubsystemUtils
LogPluginManager: Mounting plugin LauncherChunkInstaller
LogPluginManager: Mounting plugin AndroidDeviceProfileSelector
LogPluginManager: Mounting plugin AndroidMoviePlayer
LogPluginManager: Mounting plugin AndroidPermission
LogPluginManager: Mounting plugin AppleMoviePlayer
LogPluginManager: Mounting plugin ArchVisCharacter
LogPluginManager: Mounting plugin AudioCapture
LogPluginManager: Mounting plugin CableComponent
LogPluginManager: Mounting plugin CustomMeshComponent
LogPluginManager: Mounting plugin EditableMesh
LogPluginManager: Mounting plugin ExampleDeviceProfileSelector
LogPluginManager: Mounting plugin GoogleCloudMessaging
LogPluginManager: Mounting plugin ImmediatePhysics
LogPluginManager: Mounting plugin IOSDeviceProfileSelector
LogPluginManager: Mounting plugin LinuxDeviceProfileSelector
LogPluginManager: Mounting plugin LocationServicesBPLibrary
LogPluginManager: Mounting plugin MobilePatchingUtils
LogPluginManager: Mounting plugin OculusVR
LogPluginManager: Plugin shader directory ../../../Engine/Plugins/Runtime/Oculus/OculusVR/Shaders found
LogPluginManager: Mapping shader source directory ../../../Engine/Plugins/Runtime/Oculus/OculusVR/Shaders to virtual directory /Plugin/OculusVR
LogPluginManager: Mounting plugin PhysXVehicles
LogPluginManager: Mounting plugin ProceduralMeshComponent
LogPluginManager: Mounting plugin RuntimePhysXCooking
LogPluginManager: Mounting plugin SteamVR
LogPluginManager: Mounting plugin WindowsMoviePlayer
LogStreaming: Display: Took  0.093s to configure plugins.
LogInit: Using libcurl 7.55.1-DEV
LogInit:  - built for x86_64-pc-win32
LogInit:  - supports SSL with OpenSSL/1.0.2h
LogInit:  - supports HTTP deflate (compression) using libz 1.2.8
LogInit:  - other features:
LogInit:      CURL_VERSION_SSL
LogInit:      CURL_VERSION_LIBZ
LogInit:      CURL_VERSION_IPV6
LogInit:      CURL_VERSION_ASYNCHDNS
LogInit:      CURL_VERSION_LARGEFILE
LogInit:      CURL_VERSION_IDN
LogInit:  CurlRequestOptions (configurable via config and command line):
LogInit:  - bVerifyPeer = false  - Libcurl will NOT verify peer certificate
LogInit:  - bUseHttpProxy = false  - Libcurl will NOT use HTTP proxy
LogInit:  - bDontReuseConnections = false  - Libcurl will reuse connections
LogInit:  - CertBundlePath = nullptr  - Libcurl will use whatever was configured at build time.
LogInit:  - MaxHostConnections = 16  - Libcurl will limit the number of connections to a host
LogInit:  - LocalHostAddr = Default
LogInit:  - BufferSize = 65536
LogInit: WinSock: version 1.1 (2.2), MaxSocks=32767, MaxUdp=65467
LogInit: Build: ++UE4+Release-4.20-CL-4369336
LogInit: Engine Version: 4.20.3-4369336+++UE4+Release-4.20
LogInit: Compatible Engine Version: 4.20.0-4212847+++UE4+Release-4.20
LogInit: Net CL: 4212847
LogInit: OS: Windows 10 (), CPU: AMD Ryzen 5 5600X 6-Core Processor             , GPU: NVIDIA GeForce RTX 3060
LogInit: Compiled (64-bit): Sep 17 2018 12:26:19
LogInit: Compiled with Visual C++: 19.13.26129.00
LogInit: Build Configuration: Development
LogInit: Branch Name: ++UE4+Release-4.20
LogInit: Command Line: 
LogInit: Base Directory: C:/Program Files/Epic Games/UE_4.20/Engine/Binaries/Win64/
LogInit: Installed Engine Build: 1
LogDevObjectVersion: Number of dev versions registered: 20
LogDevObjectVersion:   Dev-Blueprints (B0D832E4-1F89-4F0D-ACCF-7EB736FD4AA2): 10
LogDevObjectVersion:   Dev-Build (E1C64328-A22C-4D53-A36C-8E866417BD8C): 0
LogDevObjectVersion:   Dev-Core (375EC13C-06E4-48FB-B500-84F0262A717E): 2
LogDevObjectVersion:   Dev-Editor (E4B068ED-F494-42E9-A231-DA0B2E46BB41): 24
LogDevObjectVersion:   Dev-Framework (CFFC743F-43B0-4480-9391-14DF171D2073): 34
LogDevObjectVersion:   Dev-Mobile (B02B49B5-BB20-44E9-A304-32B752E40360): 2
LogDevObjectVersion:   Dev-Networking (A4E4105C-59A1-49B5-A7C5-40C4547EDFEE): 0
LogDevObjectVersion:   Dev-Online (39C831C9-5AE6-47DC-9A44-9C173E1C8E7C): 0
LogDevObjectVersion:   Dev-Physics (78F01B33-EBEA-4F98-B9B4-84EACCB95AA2): 0
LogDevObjectVersion:   Dev-Platform (6631380F-2D4D-43E0-8009-CF276956A95A): 0
LogDevObjectVersion:   Dev-Rendering (12F88B9F-8875-4AFC-A67C-D90C383ABD29): 26
LogDevObjectVersion:   Dev-Sequencer (7B5AE74C-D270-4C10-A958-57980B212A5A): 9
LogDevObjectVersion:   Dev-VR (D7296918-1DD6-4BDD-9DE2-64A83CC13884): 2
LogDevObjectVersion:   Dev-LoadTimes (C2A15278-BFE7-4AFE-6C17-90FF531DF755): 1
LogDevObjectVersion:   Private-Geometry (6EACA3D4-40EC-4CC1-B786-8BED09428FC5): 3
LogDevObjectVersion:   Dev-AnimPhys (29E575DD-E0A3-4627-9D10-D276232CDCEA): 17
LogDevObjectVersion:   Dev-ReflectionCapture (6B266CEC-1EC7-4B8F-A30B-E4D90942FC07): 1
LogDevObjectVersion:   Dev-Automation (0DF73D61-A23F-47EA-B727-89E90C41499A): 1
LogDevObjectVersion:   FortniteMain (601D1886-AC64-4F84-AA16-D3DE0DEAC7D6): 12
LogDevObjectVersion:   Dev-Enterprise (9DFFBCD6-494F-0158-E221-12823C92A888): 1
LogStreaming: Display: Took  0.002s to delete old logs.
LogInit: Presizing for max 8388607 objects, including 0 objects not considered by GC, pre-allocating 0 bytes for permanent pool.
LogInit: Object subsystem initialized
[2023.04.24-00.33.17:893][  0]LogInit: Selected Device Profile: [Windows]
[2023.04.24-00.33.17:893][  0]LogInit: Applying CVar settings loaded from the selected device profile: [Windows]
[2023.04.24-00.33.17:898][  0]LogHAL: Display: Platform has ~ 32 GB [34273423360 / 34359738368 / 32], which maps to Largest [LargestMinGB=32, LargerMinGB=12, DefaultMinGB=8, SmallerMinGB=6, SmallestMinGB=0)
[2023.04.24-00.33.17:898][  0]LogInit: Setting Device Profile CVar: [[r.Vulkan.UseRealUBs:1]]
[2023.04.24-00.33.17:898][  0]LogInit: Going up to parent DeviceProfile []
[2023.04.24-00.33.17:898][  0]LogInit: Computer: DESKTOP-U1RK44O
[2023.04.24-00.33.17:898][  0]LogInit: User: dcalt
[2023.04.24-00.33.17:898][  0]LogInit: CPU Page size=4096, Cores=6
[2023.04.24-00.33.17:898][  0]LogInit: High frequency timer resolution =10.000000 MHz
[2023.04.24-00.33.17:898][  0]LogMemory: Memory total: Physical=31.9GB (32GB approx)
[2023.04.24-00.33.17:898][  0]LogMemory: Platform Memory Stats for Windows
[2023.04.24-00.33.17:898][  0]LogMemory: Process Physical Memory: 102.66 MB used, 102.66 MB peak
[2023.04.24-00.33.17:898][  0]LogMemory: Process Virtual Memory: 85.98 MB used, 85.98 MB peak
[2023.04.24-00.33.17:898][  0]LogMemory: Physical Memory: 10785.29 MB used,  21900.39 MB free, 32685.68 MB total
[2023.04.24-00.33.17:898][  0]LogMemory: Virtual Memory: 4641.40 MB used,  21900.39 MB free, 134217728.00 MB total
[2023.04.24-00.33.17:919][  0]LogInit: Using OS detected language (en-US).
[2023.04.24-00.33.17:919][  0]LogInit: Using OS detected locale (en-US).
[2023.04.24-00.33.17:920][  0]LogTextLocalizationManager: No specific localization for 'en-US' exists, so the 'en' localization will be used.
[2023.04.24-00.33.18:167][  0]LogStreaming: Display: Took  0.247s to InitEngineTextLocalization.
[2023.04.24-00.33.18:167][  0]LogInit: Setting process to per monitor DPI aware
[2023.04.24-00.33.18:185][  0]LogSlate: New Slate User Created.  User Index 0, Is Virtual User: 0
[2023.04.24-00.33.18:185][  0]LogSlate: Slate User Registered.  User Index 0, Is Virtual User: 0
[2023.04.24-00.33.18:324][  0]LogHMD: Failed to initialize OpenVR with code 110
[2023.04.24-00.33.18:324][  0]LogD3D11RHI: D3D11 adapters:
[2023.04.24-00.33.18:447][  0]LogD3D11RHI:    0. 'NVIDIA GeForce RTX 3060' (Feature Level 11_0)
[2023.04.24-00.33.18:447][  0]LogD3D11RHI:       12129/0/16342 MB DedicatedVideo/DedicatedSystem/SharedSystem, Outputs:2, VendorId:0x10de
[2023.04.24-00.33.18:449][  0]LogD3D11RHI:    1. 'Microsoft Basic Render Driver' (Feature Level 11_0)
[2023.04.24-00.33.18:449][  0]LogD3D11RHI:       0/0/16342 MB DedicatedVideo/DedicatedSystem/SharedSystem, Outputs:0, VendorId:0x1414
[2023.04.24-00.33.18:449][  0]LogD3D11RHI: Chosen D3D11 Adapter: 0
[2023.04.24-00.33.18:455][  0]LogD3D11RHI: Creating new Direct3DDevice
[2023.04.24-00.33.18:455][  0]LogD3D11RHI:     GPU DeviceId: 0x2504 (for the marketing name, search the web for "GPU Device Id")
[2023.04.24-00.33.18:455][  0]LogWindows: EnumDisplayDevices:
[2023.04.24-00.33.18:455][  0]LogWindows:    0. 'NVIDIA GeForce RTX 3060' (P:1 D:1)
[2023.04.24-00.33.18:455][  0]LogWindows:    1. 'NVIDIA GeForce RTX 3060' (P:0 D:1)
[2023.04.24-00.33.18:455][  0]LogWindows:    2. 'NVIDIA GeForce RTX 3060' (P:0 D:0)
[2023.04.24-00.33.18:455][  0]LogWindows:    3. 'NVIDIA GeForce RTX 3060' (P:0 D:0)
[2023.04.24-00.33.18:455][  0]LogWindows: DebugString: FoundDriverCount:4 
[2023.04.24-00.33.18:455][  0]LogD3D11RHI:     Adapter Name: NVIDIA GeForce RTX 3060
[2023.04.24-00.33.18:455][  0]LogD3D11RHI:   Driver Version: 526.98 (internal:31.0.15.2698, unified:526.98)
[2023.04.24-00.33.18:455][  0]LogD3D11RHI:      Driver Date: 11-13-2022
[2023.04.24-00.33.18:455][  0]LogRHI: Texture pool is 8490 MB (70% of 12129 MB)
[2023.04.24-00.33.18:512][  0]LogD3D11RHI: Async texture creation enabled
[2023.04.24-00.33.18:547][  0]LogD3D11RHI: GPU Timing Frequency: 1000.000000 (Debug: 2 1)
[2023.04.24-00.33.18:549][  0]LogShaderCompilers: Guid format shader working directory is 8 characters bigger than the processId version (../../../../../../GameDev/CrystalCavern/Intermediate/Shaders/WorkingDirectory/592/).
[2023.04.24-00.33.18:549][  0]LogShaderCompilers: Cleaned the shader compiler working directory 'C:/Users/dcalt/AppData/Local/Temp/UnrealShaderWorkingDir/18A2B7F44CB074AC29B6FD92413EE7D1/'.
[2023.04.24-00.33.18:727][  0]LogTemp: Display: Loaded TP AllDesktopTargetPlatform
[2023.04.24-00.33.18:736][  0]LogTemp: Display: Loaded TP MacClientTargetPlatform
[2023.04.24-00.33.18:744][  0]LogTemp: Display: Loaded TP MacNoEditorTargetPlatform
[2023.04.24-00.33.18:752][  0]LogTemp: Display: Loaded TP MacServerTargetPlatform
[2023.04.24-00.33.18:760][  0]LogTemp: Display: Loaded TP MacTargetPlatform
[2023.04.24-00.33.18:769][  0]LogTemp: Display: Loaded TP WindowsClientTargetPlatform
[2023.04.24-00.33.18:777][  0]LogTemp: Display: Loaded TP WindowsNoEditorTargetPlatform
[2023.04.24-00.33.18:785][  0]LogTemp: Display: Loaded TP WindowsServerTargetPlatform
[2023.04.24-00.33.18:789][  0]LogTemp: Display: Loaded TP WindowsTargetPlatform
[2023.04.24-00.33.18:835][  0]LogTemp: Display: Loaded TP AndroidTargetPlatform
[2023.04.24-00.33.18:835][  0]LogTemp: Display: Loaded TP AndroidTargetPlatform
[2023.04.24-00.33.18:835][  0]LogTemp: Display: Loaded TP AndroidTargetPlatform
[2023.04.24-00.33.18:835][  0]LogTemp: Display: Loaded TP AndroidTargetPlatform
[2023.04.24-00.33.18:835][  0]LogTemp: Display: Loaded TP AndroidTargetPlatform
[2023.04.24-00.33.18:835][  0]LogTemp: Display: Loaded TP AndroidTargetPlatform
[2023.04.24-00.33.18:835][  0]LogTemp: Display: Loaded TP AndroidTargetPlatform
[2023.04.24-00.33.18:835][  0]LogTemp: Display: Loaded TP AndroidTargetPlatform
[2023.04.24-00.33.18:835][  0]LogTemp: Display: Loaded TP AndroidTargetPlatform
[2023.04.24-00.33.18:835][  0]LogTemp: Display: Loaded TP AndroidTargetPlatform
[2023.04.24-00.33.18:835][  0]LogTemp: Display: Loaded TP AndroidTargetPlatform
[2023.04.24-00.33.18:835][  0]LogTemp: Display: Loaded TP AndroidTargetPlatform
[2023.04.24-00.33.18:835][  0]LogTemp: Display: Loaded TP AndroidTargetPlatform
[2023.04.24-00.33.18:835][  0]LogTemp: Display: Loaded TP AndroidTargetPlatform
[2023.04.24-00.33.18:835][  0]LogTemp: Display: Loaded TP AndroidTargetPlatform
[2023.04.24-00.33.18:835][  0]LogTemp: Display: Loaded TP AndroidTargetPlatform
[2023.04.24-00.33.18:835][  0]LogTemp: Display: Loaded TP AndroidTargetPlatform
[2023.04.24-00.33.18:835][  0]LogTemp: Display: Loaded TP AndroidTargetPlatform
[2023.04.24-00.33.18:836][  0]LogTemp: Display: Loaded TP HTML5TargetPlatform
[2023.04.24-00.33.18:887][  0]LogTemp: Display: Loaded TP IOSTargetPlatform
[2023.04.24-00.33.18:887][  0]LogTemp: Display: Loaded TP IOSTargetPlatform
[2023.04.24-00.33.18:901][  0]LogTemp: Display: Loaded TP TVOSTargetPlatform
[2023.04.24-00.33.18:901][  0]LogTemp: Display: Loaded TP TVOSTargetPlatform
[2023.04.24-00.33.18:909][  0]LogTemp: Display: Loaded TP LinuxClientTargetPlatform
[2023.04.24-00.33.18:917][  0]LogTemp: Display: Loaded TP LinuxNoEditorTargetPlatform
[2023.04.24-00.33.18:926][  0]LogTemp: Display: Loaded TP LinuxServerTargetPlatform
[2023.04.24-00.33.18:934][  0]LogTemp: Display: Loaded TP LinuxTargetPlatform
[2023.04.24-00.33.18:939][  0]LogTemp: Display: Loaded TP LuminTargetPlatform
[2023.04.24-00.33.18:939][  0]LogTargetPlatformManager: Display: Building Assets For Windows
[2023.04.24-00.33.18:976][  0]LogXGEController: Cannot use XGE Controller as Incredibuild is not installed on this machine.
[2023.04.24-00.33.18:976][  0]LogShaderCompilers: Cannot use XGE Shader Compiler as Incredibuild is not installed on this machine.
[2023.04.24-00.33.18:976][  0]LogShaderCompilers: Display: Using Local Shader Compiler.
[2023.04.24-00.33.19:536][  0]LogDerivedDataCache: Display: Max Cache Size: 512 MB
[2023.04.24-00.33.19:573][  0]LogDerivedDataCache: Loaded boot cache 0.04s 71MB C:/Users/dcalt/AppData/Local/UnrealEngine/4.20/DerivedDataCache/Boot.ddc.
[2023.04.24-00.33.19:573][  0]LogDerivedDataCache: Display: Loaded Boot cache: C:/Users/dcalt/AppData/Local/UnrealEngine/4.20/DerivedDataCache/Boot.ddc
[2023.04.24-00.33.19:573][  0]LogDerivedDataCache: FDerivedDataBackendGraph:  Pak pak cache file ../../../../../../GameDev/CrystalCavern/DerivedDataCache/DDC.ddp not found, will not use a pak cache.
[2023.04.24-00.33.19:573][  0]LogDerivedDataCache: Unable to find inner node Pak for hierarchical cache Hierarchy.
[2023.04.24-00.33.19:573][  0]LogDerivedDataCache: FDerivedDataBackendGraph:  CompressedPak pak cache file ../../../../../../GameDev/CrystalCavern/DerivedDataCache/Compressed.ddp not found, will not use a pak cache.
[2023.04.24-00.33.19:573][  0]LogDerivedDataCache: Unable to find inner node CompressedPak for hierarchical cache Hierarchy.
[2023.04.24-00.33.19:583][  0]LogDerivedDataCache: Display: Pak cache opened for reading ../../../Engine/DerivedDataCache/Compressed.ddp.
[2023.04.24-00.33.19:595][  0]LogDerivedDataCache: Using Local data cache path C:/Users/dcalt/AppData/Local/UnrealEngine/Common/DerivedDataCache: Writable
[2023.04.24-00.33.19:595][  0]LogDerivedDataCache: Shared data cache path not found in *engine.ini, will not use an Shared cache.
[2023.04.24-00.33.19:595][  0]LogDerivedDataCache: Unable to find inner node Shared for hierarchical cache Hierarchy.
[2023.04.24-00.33.19:608][  0]LogMaterial: Verifying Global Shaders for PCD3D_SM5
[2023.04.24-00.33.19:609][  0]LogSlate: Using FreeType 2.6.0
[2023.04.24-00.33.19:609][  0]LogSlate: SlateFontServices - WITH_FREETYPE: 1, WITH_HARFBUZZ: 1
[2023.04.24-00.33.19:667][  0]LogAssetRegistry: FAssetRegistry took 0.0248 seconds to start up
[2023.04.24-00.33.19:875][  0]LogInit: Selected Device Profile: [Windows]
[2023.04.24-00.33.19:959][  0]LogSimplygon: Simplygon DLL not present - disabling.
[2023.04.24-00.33.19:961][  0]LogMeshReduction: Using SimplygonSwarm for distributed automatic mesh merging
[2023.04.24-00.33.19:961][  0]LogMeshReduction: Using ProxyLODMeshReduction for automatic mesh merging
[2023.04.24-00.33.19:961][  0]LogMeshReduction: Using QuadricMeshReduction for automatic static mesh reduction
[2023.04.24-00.33.19:961][  0]LogMeshReduction: No automatic skeletal mesh reduction module available
[2023.04.24-00.33.19:972][  0]LogNetVersion: CrystalCavern 1.0.0, NetCL: 4212847, EngineNetVer: 5, GameNetVer: 0 (Checksum: 1954901415)
[2023.04.24-00.33.20:283][  0]LogPackageLocalizationCache: Processed 11 localized package path(s) for 2 prioritized culture(s) in 0.044404 seconds
[2023.04.24-00.33.20:287][  0]LogUObjectArray: 38425 objects as part of root set at end of initial load.
[2023.04.24-00.33.20:287][  0]LogUObjectAllocator: 6690864 out of 0 bytes used by permanent object pool.
[2023.04.24-00.33.20:287][  0]LogUObjectArray: CloseDisregardForGC: 0/0 objects in disregard for GC pool
[2023.04.24-00.33.20:852][  0]LogTcpMessaging: Initializing TcpMessaging bridge
[2023.04.24-00.33.20:864][  0]LogUdpMessaging: Initializing bridge on interface 0.0.0.0:0 to multicast group 230.0.0.1:6666.
[2023.04.24-00.33.20:973][  0]SourceControl: Source control is disabled
[2023.04.24-00.33.20:973][  0]SourceControl: Source control is disabled
[2023.04.24-00.33.20:973][  0]SourceControl: Source control is disabled
[2023.04.24-00.33.20:974][  0]SourceControl: Source control is disabled
[2023.04.24-00.33.21:104][  0]LogAndroidPermission: UAndroidPermissionCallbackProxy::GetInstance
[2023.04.24-00.33.21:142][  0]LogOcInput: OculusInput pre-init called
[2023.04.24-00.33.21:182][  0]LogEngine: Initializing Engine...
[2023.04.24-00.33.21:183][  0]LogHMD: Failed to initialize OpenVR with code 110
[2023.04.24-00.33.21:183][  0]LogStats: UGameplayTagsManager::ConstructGameplayTagTree: ImportINI prefixes -  0.000 s
[2023.04.24-00.33.21:183][  0]LogStats: UGameplayTagsManager::ConstructGameplayTagTree: Construct from data asset -  0.000 s
[2023.04.24-00.33.21:183][  0]LogStats: UGameplayTagsManager::ConstructGameplayTagTree: ImportINI -  0.000 s
[2023.04.24-00.33.21:183][  0]LogStats: UGameplayTagsManager::ConstructGameplayTagTree: GameplayTagTreeChangedEvent.Broadcast -  0.000 s
[2023.04.24-00.33.21:310][  0]LogInit: Initializing FReadOnlyCVARCache
[2023.04.24-00.33.21:318][  0]LogAIModule: Creating AISystem for world Untitled
[2023.04.24-00.33.21:329][  0]LogInit: XAudio2 using '32S321 (NVIDIA High Definition Audio)' : 2 channels at 48 kHz using 16 bits per sample (channel mask 0x3)
[2023.04.24-00.33.21:340][  0]LogInit: FAudioDevice initialized.
[2023.04.24-00.33.21:340][  0]LogNetVersion: Set ProjectVersion to 1.0.0.0. Version Checksum will be recalculated on next use.
[2023.04.24-00.33.21:380][  0]LogDerivedDataCache: Saved boot cache 0.04s 71MB C:/Users/dcalt/AppData/Local/UnrealEngine/4.20/DerivedDataCache/Boot.ddc.
[2023.04.24-00.33.21:383][  0]LogInit: Texture streaming: Enabled
[2023.04.24-00.33.21:395][  0]LogEngineSessionManager: EngineSessionManager initialized
[2023.04.24-00.33.21:404][  0]LogInit: Transaction tracking system initialized
[2023.04.24-00.33.21:416][  0]BlueprintLog: New page: Editor Load
[2023.04.24-00.33.21:459][  0]LocalizationService: Localization service is disabled
[2023.04.24-00.33.21:624][  0]LogCook: Display: Max memory allowance for cook 16384mb min free memory 0mb
[2023.04.24-00.33.21:624][  0]LogCook: Display: Mobile HDR setting 1
[2023.04.24-00.33.21:624][  0]LogGameplayTags: Display: UGameplayTagsManager::DoneAddingNativeTags. DelegateIsBound: 0
[2023.04.24-00.33.21:624][  0]LogStats: UGameplayTagsManager::ConstructGameplayTagTree: ImportINI prefixes -  0.000 s
[2023.04.24-00.33.21:624][  0]LogStats: UGameplayTagsManager::ConstructGameplayTagTree: Construct from data asset -  0.000 s
[2023.04.24-00.33.21:624][  0]LogStats: UGameplayTagsManager::ConstructGameplayTagTree: ImportINI -  0.000 s
[2023.04.24-00.33.21:624][  0]LogStats: UGameplayTagsManager::ConstructGameplayTagTree: GameplayTagTreeChangedEvent.Broadcast -  0.000 s
[2023.04.24-00.33.21:690][  0]LogFileCache: Scanning file cache for directory 'C:/GameDev/CrystalCavern/Content/' took 0.01s
[2023.04.24-00.33.21:690][  0]SourceControl: Source control is disabled
[2023.04.24-00.33.21:690][  0]Cmd: MAP LOAD FILE="../../../../../../GameDev/CrystalCavern/Content/Levels/Level1.umap" TEMPLATE=0 SHOWPROGRESS=1 FEATURELEVEL=3
[2023.04.24-00.33.21:690][  0]LightingResults: New page: Lighting Build
[2023.04.24-00.33.21:692][  0]MapCheck: New page: Map Check
[2023.04.24-00.33.21:692][  0]LightingResults: New page: Lighting Build
[2023.04.24-00.33.21:808][  0]LogAIModule: Creating AISystem for world Level1
[2023.04.24-00.33.21:815][  0]LogEditorServer: Finished looking for orphan Actors (0.000 secs)
[2023.04.24-00.33.21:833][  0]Cmd: MAP CHECKDEP NOCLEARLOG
[2023.04.24-00.33.21:893][  0]MapCheck: Map check complete: 0 Error(s), 0 Warning(s), took 60.579ms to complete.
[2023.04.24-00.33.21:893][  0]LogFileHelpers: Loading map 'Level1' took 0.204
[2023.04.24-00.33.21:972][  0]LogSlate: Updating window title bar state: overlay mode, drag disabled, window buttons hidden, title bar hidden
[2023.04.24-00.33.21:976][  0]LogSlate: Updating window title bar state: overlay mode, drag disabled, window buttons hidden, title bar hidden
[2023.04.24-00.33.21:980][  0]LogSlate: Updating window title bar state: overlay mode, drag disabled, window buttons hidden, title bar hidden
[2023.04.24-00.33.21:985][  0]LogSlate: Updating window title bar state: overlay mode, drag disabled, window buttons hidden, title bar hidden
[2023.04.24-00.33.21:993][  0]LogCollectionManager: Loaded 0 collections in 0.001008 seconds
[2023.04.24-00.33.22:031][  0]LogFileCache: Scanning file cache for directory 'C:/GameDev/CrystalCavern/Saved/Collections/' took 0.01s
[2023.04.24-00.33.22:031][  0]LogFileCache: Scanning file cache for directory 'C:/GameDev/CrystalCavern/Content/Developers/dcalt/Collections/' took 0.01s
[2023.04.24-00.33.22:031][  0]LogFileCache: Scanning file cache for directory 'C:/GameDev/CrystalCavern/Content/Collections/' took 0.01s
[2023.04.24-00.33.22:031][  0]LogCollectionManager: Rebuilt the GUID cache for 0 collections in 0.000000 seconds
[2023.04.24-00.33.22:037][  0]LogContentBrowser: Native class hierarchy populated in 0.0061 seconds. Added 2572 classes and 603 folders.
[2023.04.24-00.33.22:041][  0]LogContentBrowser: Native class hierarchy updated for 'WidgetCarousel' in 0.0002 seconds. Added 0 classes and 0 folders.
[2023.04.24-00.33.22:232][  0]LogContentBrowser: Native class hierarchy updated for 'AddContentDialog' in 0.0002 seconds. Added 0 classes and 0 folders.
[2023.04.24-00.33.22:235][  0]LogContentBrowser: Native class hierarchy updated for 'SceneOutliner' in 0.0002 seconds. Added 1 classes and 2 folders.
[2023.04.24-00.33.22:276][  0]LogSlate: Took 0.000135 seconds to synchronously load lazily loaded font '../../../Engine/Content/Slate/Fonts/Roboto-Regular.ttf' (155K)
[2023.04.24-00.33.22:277][  0]LogSlate: Took 0.000105 seconds to synchronously load lazily loaded font '../../../Engine/Content/Slate/Fonts/Roboto-Bold.ttf' (160K)
[2023.04.24-00.33.22:283][  0]LogSlate: Took 0.003620 seconds to synchronously load lazily loaded font '../../../Engine/Content/Editor/Slate/Fonts/FontAwesome.ttf' (139K)
[2023.04.24-00.33.22:355][  0]LogRenderer: Reallocating scene render targets to support 1236x696 Format 10 NumSamples 1 (Frame:1).
[2023.04.24-00.33.22:450][  0]LogContentBrowser: Native class hierarchy updated for 'HierarchicalLODOutliner' in 0.0002 seconds. Added 0 classes and 0 folders.
[2023.04.24-00.33.22:450][  0]LogLoad: (Engine Initialization) Total time: 6.31 seconds
[2023.04.24-00.33.22:450][  0]LogLoad: (Engine Initialization) Total Blueprint compile time: 0.00 seconds
[2023.04.24-00.33.22:480][  0]LogAssetRegistry: Asset discovery search completed in 2.8361 seconds
[2023.04.24-00.33.22:481][  0]LogCollectionManager: Rebuilt the object cache for 0 collections in 0.000000 seconds (found 0 objects)
[2023.04.24-00.33.22:481][  0]LogCollectionManager: Fixed up redirectors for 0 collections in 0.000024 seconds (updated 0 objects)
[2023.04.24-00.33.22:482][  0]LogContentStreaming: Texture pool size now 1000 MB
[2023.04.24-00.33.22:505][  0]LogSlate: Took 0.003730 seconds to synchronously load lazily loaded font '../../../Engine/Content/Slate/Fonts/Roboto-Light.ttf' (167K)
[2023.04.24-00.33.23:807][  4]LogSlate: Took 0.000163 seconds to synchronously load lazily loaded font '../../../Engine/Content/Slate/Fonts/Roboto-Light.ttf' (167K)
[2023.04.24-00.47.34:239][542]LogSlate: FSceneViewport::OnFocusLost() reason 0
[2023.04.24-00.47.34:348][545]LogAssetEditorManager: Opening Asset editor for Blueprint /Game/Blueprints/Actors/LEvelTriggers/BP_LevelRestartTrigger.BP_LevelRestartTrigger
[2023.04.24-00.47.34:638][545]LogContentBrowser: Native class hierarchy updated for 'BlueprintGraph' in 0.0004 seconds. Added 116 classes and 0 folders.
[2023.04.24-00.47.35:111][545]LogAssetEditorManager: Opening Asset editor for Blueprint /Game/Blueprints/Actors/Player/BP_PlayerPawn.BP_PlayerPawn
[2023.04.24-00.47.35:286][545]LogAssetEditorManager: Opening Asset editor for Material /Game/Materials/M_Crystal.M_Crystal
[2023.04.24-00.47.35:287][545]LogMaterial: Display: Missing cached shader map for material M_Crystal, compiling. 
[2023.04.24-00.47.35:480][545]LogMaterial: Display: Missing cached shader map for material M_Crystal, compiling. 
[2023.04.24-00.47.35:489][545]LogMaterial: Display: Missing cached shader map for material M_Crystal, compiling. 
[2023.04.24-00.47.35:513][545]LogShaderCompilers: Display: Shaders left to compile 21
[2023.04.24-00.47.35:513][545]LogShaderCompilers: Display: Shaders left to compile 20
[2023.04.24-00.47.35:513][545]LogShaderCompilers: Display: Shaders left to compile 19
[2023.04.24-00.47.35:513][545]LogShaderCompilers: Display: Shaders left to compile 18
[2023.04.24-00.47.35:513][545]LogShaderCompilers: Display: Shaders left to compile 17
[2023.04.24-00.47.35:513][545]LogShaderCompilers: Display: Shaders left to compile 16
[2023.04.24-00.47.35:513][545]LogShaderCompilers: Display: Shaders left to compile 15
[2023.04.24-00.47.35:513][545]LogShaderCompilers: Display: Shaders left to compile 14
[2023.04.24-00.47.35:525][545]LogMaterial: Display: Missing cached shader map for material FMatExpressionPreview MaterialExpressionConstant3Vector_0, compiling. 
[2023.04.24-00.47.35:554][545]LogAssetEditorManager: Opening Asset editor for Blueprint /Game/Blueprints/Actors/Collectables/BP_Crystal.BP_Crystal
[2023.04.24-00.47.35:752][545]LogAssetEditorManager: Opening Asset editor for Blueprint /Game/Blueprints/Actors/Projectiles/BP_Projectiles.BP_Projectiles
[2023.04.24-00.47.35:961][545]LogMaterial: Display: Missing cached shader map for material M_Crystal, compiling. 
[2023.04.24-00.47.35:979][545]LogSlate: Took 0.003267 seconds to synchronously load lazily loaded font '../../../Engine/Content/Slate/Fonts/Roboto-BoldCondensed.ttf' (158K)
[2023.04.24-00.47.36:207][555]LogShaderCompilers: Display: Shaders left to compile 37
[2023.04.24-00.47.36:216][556]LogShaderCompilers: Display: Shaders left to compile 36
[2023.04.24-00.47.36:216][556]LogShaderCompilers: Display: Shaders left to compile 35
[2023.04.24-00.47.36:216][556]LogShaderCompilers: Display: Shaders left to compile 34
[2023.04.24-00.47.36:225][557]LogShaderCompilers: Display: Shaders left to compile 33
[2023.04.24-00.47.36:225][557]LogShaderCompilers: Display: Shaders left to compile 32
[2023.04.24-00.47.36:252][560]LogShaderCompilers: Display: Shaders left to compile 31
[2023.04.24-00.47.36:270][562]LogShaderCompilers: Display: Shaders left to compile 30
[2023.04.24-00.47.36:341][570]LogShaderCompilers: Display: Shaders left to compile 29
[2023.04.24-00.47.36:399][575]LogShaderCompilers: Display: Shaders left to compile 28
[2023.04.24-00.47.36:423][577]LogShaderCompilers: Display: Shaders left to compile 27
[2023.04.24-00.47.36:521][587]LogShaderCompilers: Display: Shaders left to compile 26
[2023.04.24-00.47.36:521][587]LogShaderCompilers: Display: Shaders left to compile 25
[2023.04.24-00.47.36:532][588]LogShaderCompilers: Display: Shaders left to compile 24
[2023.04.24-00.47.36:559][591]LogShaderCompilers: Display: Shaders left to compile 23
[2023.04.24-00.47.36:569][592]LogShaderCompilers: Display: Shaders left to compile 22
[2023.04.24-00.47.36:569][592]LogShaderCompilers: Display: Shaders left to compile 12
[2023.04.24-00.47.36:671][603]LogShaderCompilers: Display: Shaders left to compile 2
[2023.04.24-00.47.36:790][615]MaterialEditorStats: Base pass shader: 99 instructions
[2023.04.24-00.47.36:790][615]MaterialEditorStats: Base pass shader with Volumetric Lightmap: 172 instructions
[2023.04.24-00.47.36:790][615]MaterialEditorStats: Base pass vertex shader: 32 instructions
[2023.04.24-00.47.36:790][615]MaterialEditorStats: Texture samplers: 3/16
[2023.04.24-00.47.39:567][945]LogSlate: Window 'BP_Projectiles' being destroyed
[2023.04.24-00.47.39:569][945]LogSlate: Window 'BP_Projectiles' being destroyed
[2023.04.24-00.47.39:618][945]LogActorComponent: UnregisterComponent: (/Engine/Transient.EditorFloorComp) Not registered. Aborting.
[2023.04.24-00.47.39:731][945]LogActorComponent: UnregisterComponent: (/Engine/Transient.EditorFloorComp) Not registered. Aborting.
[2023.04.24-00.47.39:776][945]LogActorComponent: UnregisterComponent: (/Engine/Transient.EditorFloorComp) Not registered. Aborting.
[2023.04.24-00.47.43:898][434]LogSlate: FSceneViewport::OnFocusLost() reason 0
[2023.04.24-00.47.44:040][448]LogRenderer: Reallocating scene render targets to support 1240x696 Format 10 NumSamples 1 (Frame:880).
[2023.04.24-00.47.44:074][449]LogRenderer: Reallocating scene render targets to support 1264x696 Format 10 NumSamples 1 (Frame:882).
[2023.04.24-00.47.44:108][450]LogRenderer: Reallocating scene render targets to support 1316x696 Format 10 NumSamples 1 (Frame:884).
[2023.04.24-00.47.44:143][451]LogRenderer: Reallocating scene render targets to support 1340x696 Format 10 NumSamples 1 (Frame:886).
[2023.04.24-00.50.47:822][631]LogFactory: FactoryCreateFile: StaticMesh with FbxFactory (0 0 C:\Users\dcalt\Downloads\Cannon3dModels\Cannon.fbx)
[2023.04.24-00.50.47:831][631]LogFbx: Loading FBX Scene from C:\Users\dcalt\Downloads\Cannon3dModels\Cannon.fbx
[2023.04.24-00.50.47:835][631]LogFbx: FBX Scene Loaded Succesfully
[2023.04.24-00.51.38:730][631]LogSlate: Window 'FBX Import Options' being destroyed
[2023.04.24-00.51.38:760][631]LogFbx: Warning: Triangulating static mesh Cannon.001
[2023.04.24-00.51.38:784][631]LogStaticMesh: Building static mesh Cannon...
[2023.04.24-00.51.38:803][631]LogStaticMesh: Built static mesh [0.02s] /Game/Meshes/Cannon/Cannon.Cannon
[2023.04.24-00.51.38:820][631]LogFactory: FactoryCreateFile: StaticMesh with FbxFactory (0 0 C:\Users\dcalt\Downloads\Cannon3dModels\Cannon_Base.fbx)
[2023.04.24-00.51.38:841][631]LogFbx: Loading FBX Scene from C:\Users\dcalt\Downloads\Cannon3dModels\Cannon_Base.fbx
[2023.04.24-00.51.38:845][631]LogFbx: FBX Scene Loaded Succesfully
[2023.04.24-00.51.38:845][631]LogFbx: Warning: Triangulating static mesh Cannon
[2023.04.24-00.51.38:860][631]LogStaticMesh: Building static mesh Cannon_Base...
[2023.04.24-00.51.38:879][631]LogStaticMesh: Built static mesh [0.02s] /Game/Meshes/Cannon/Cannon_Base.Cannon_Base
[2023.04.24-00.51.41:939][975]LogFileHelpers: Editor autosave (incl. sublevels) for '/Game/Levels/Level1' took 0.022
[2023.04.24-00.51.41:940][975]OBJ SavePackage: Generating thumbnails for [1] asset(s) in package [/Game/Meshes/Cannon/Cannon] ([1] browsable assets)...
[2023.04.24-00.51.41:947][975]OBJ SavePackage:     Rendered thumbnail for [StaticMesh /Game/Meshes/Cannon/Cannon.Cannon]
[2023.04.24-00.51.41:947][975]OBJ SavePackage: Finished generating thumbnails for package [/Game/Meshes/Cannon/Cannon]
[2023.04.24-00.51.41:947][975]Cmd: OBJ SAVEPACKAGE PACKAGE="/Game/Meshes/Cannon/Cannon" FILE="../../../../../../GameDev/CrystalCavern/Saved/Autosaves/Game/Meshes/Cannon/Cannon_Auto1.uasset" SILENT=false AUTOSAVING=true
[2023.04.24-00.51.41:955][975]LogSavePackage: Moving '../../../../../../GameDev/CrystalCavern/Saved/Cannon_Auto18A2493654560FB4A008E85B87714190C.tmp' to '../../../../../../GameDev/CrystalCavern/Saved/Autosaves/Game/Meshes/Cannon/Cannon_Auto1.uasset'
[2023.04.24-00.51.41:956][975]OBJ SavePackage: Generating thumbnails for [1] asset(s) in package [/Game/Meshes/Cannon/Cannon_Base] ([1] browsable assets)...
[2023.04.24-00.51.41:962][975]OBJ SavePackage:     Rendered thumbnail for [StaticMesh /Game/Meshes/Cannon/Cannon_Base.Cannon_Base]
[2023.04.24-00.51.41:962][975]OBJ SavePackage: Finished generating thumbnails for package [/Game/Meshes/Cannon/Cannon_Base]
[2023.04.24-00.51.41:962][975]Cmd: OBJ SAVEPACKAGE PACKAGE="/Game/Meshes/Cannon/Cannon_Base" FILE="../../../../../../GameDev/CrystalCavern/Saved/Autosaves/Game/Meshes/Cannon/Cannon_Base_Auto1.uasset" SILENT=false AUTOSAVING=true
[2023.04.24-00.51.41:970][975]LogSavePackage: Moving '../../../../../../GameDev/CrystalCavern/Saved/Cannon_Base_Auto17C69426646AF908B2238A1BA03F86741.tmp' to '../../../../../../GameDev/CrystalCavern/Saved/Autosaves/Game/Meshes/Cannon/Cannon_Base_Auto1.uasset'
[2023.04.24-00.51.41:971][975]LogFileHelpers: Auto-saving content packages took 0.031
[2023.04.24-00.56.42:271][638]LogActorFactory: Actor Factory created Cannon
[2023.04.24-00.56.42:271][638]LogActorFactory: Actor Factory created Cannon_Base
[2023.04.24-00.56.44:883][951]LogActorFactory: Actor Factory created Cannon
[2023.04.24-00.56.44:898][951]LogActorFactory: Actor Factory created Cannon_Base
[2023.04.24-00.56.56:875][371]LogEditorViewport: Clicking on Actor (LMB): StaticMeshActor (Cannon_Base)
[2023.04.24-00.57.00:161][760]LogSlate: FSceneViewport::OnFocusLost() reason 2
[2023.04.24-00.57.01:476][918]Cmd: TRANSACTION UNDO
[2023.04.24-00.57.01:476][918]LogEditorTransaction: Undo Move Actors
[2023.04.24-00.57.02:791][ 74]LogEditorViewport: Clicking on Actor (LMB): StaticMeshActor (Cannon_Base)
[2023.04.24-00.57.11:520][105]LogEditorViewport: Clicking on Actor (LMB): StaticMeshActor (Cannon_Base)
[2023.04.24-00.57.12:356][201]LogEditorViewport: Clicking on Actor (LMB): StaticMeshActor (Cannon_Base)
[2023.04.24-00.57.32:865][391]LogEditorViewport: Clicking on Actor (LMB): StaticMeshActor (Cannon_Base)
[2023.04.24-00.57.34:213][538]LogEditorViewport: Clicking on Actor (LMB): StaticMeshActor (Cannon)
[2023.04.24-00.57.42:392][514]LogSlate: FSceneViewport::OnFocusLost() reason 2
[2023.04.24-00.57.43:065][595]Cmd: TRANSACTION UNDO
[2023.04.24-00.57.43:065][595]LogEditorTransaction: Undo Move Actors
[2023.04.24-00.57.43:428][637]LogSlate: FSceneViewport::OnFocusLost() reason 2
[2023.04.24-00.57.44:502][766]Cmd: TRANSACTION UNDO
[2023.04.24-00.57.44:502][766]LogEditorTransaction: Undo Clicking on Actors
[2023.04.24-00.57.45:316][860]LogSlate: FSceneViewport::OnFocusLost() reason 2
[2023.04.24-00.57.46:104][955]Cmd: TRANSACTION UNDO
[2023.04.24-00.57.46:104][955]LogEditorTransaction: Undo Clicking on Actors
[2023.04.24-00.57.46:906][ 49]LogSlate: FSceneViewport::OnFocusLost() reason 0
[2023.04.24-00.57.48:035][184]Cmd: TRANSACTION UNDO
[2023.04.24-00.57.48:035][184]LogEditorTransaction: Undo Select Brush Surface
[2023.04.24-00.57.50:809][513]Cmd: TRANSACTION UNDO
[2023.04.24-00.57.50:809][513]LogEditorTransaction: Undo Clicking on Actors
[2023.04.24-00.57.52:106][668]Cmd: TRANSACTION UNDO
[2023.04.24-00.57.52:106][668]LogEditorTransaction: Undo Clicking on Actors
[2023.04.24-00.57.53:461][828]Cmd: TRANSACTION UNDO
[2023.04.24-00.57.53:461][828]LogEditorTransaction: Undo Select Brush Surface
[2023.04.24-00.57.54:905][998]Cmd: TRANSACTION UNDO
[2023.04.24-00.57.54:905][998]LogEditorTransaction: Undo Move Actors
[2023.04.24-00.57.55:969][125]Cmd: TRANSACTION UNDO
[2023.04.24-00.57.55:970][125]LogEditorTransaction: Undo Clicking on Actors
[2023.04.24-00.57.57:251][278]Cmd: TRANSACTION UNDO
[2023.04.24-00.57.57:251][278]LogEditorTransaction: Undo Clicking on Actors
[2023.04.24-00.57.59:575][554]Cmd: TRANSACTION UNDO
[2023.04.24-00.57.59:575][554]LogEditorTransaction: Undo Move Actors
[2023.04.24-00.58.17:883][740]LogEditorViewport: Clicking on Actor (LMB): StaticMeshActor (Cannon_Base)
[2023.04.24-00.58.29:040][ 61]LogSlate: FSceneViewport::OnFocusLost() reason 2
[2023.04.24-00.58.29:255][ 85]LogSlate: FSceneViewport::OnFocusLost() reason 2
[2023.04.24-00.58.29:593][125]LogSlate: FSceneViewport::OnFocusLost() reason 2
[2023.04.24-00.58.30:506][235]Cmd: TRANSACTION UNDO
[2023.04.24-00.58.30:506][235]LogEditorTransaction: Undo Move Actors
[2023.04.24-00.58.30:861][276]LogSlate: FSceneViewport::OnFocusLost() reason 2
[2023.04.24-00.58.31:745][382]Cmd: TRANSACTION UNDO
[2023.04.24-00.58.31:745][382]LogEditorTransaction: Undo Move Actors
[2023.04.24-00.58.32:411][461]LogSlate: FSceneViewport::OnFocusLost() reason 2
[2023.04.24-00.58.33:376][577]Cmd: TRANSACTION UNDO
[2023.04.24-00.58.33:376][577]LogEditorTransaction: Undo Clicking on Actors
[2023.04.24-00.58.40:912][471]Cmd: DUPLICATE
[2023.04.24-00.58.40:912][471]Cmd: ACTOR DUPLICATE
[2023.04.24-00.58.57:561][472]LogSlate: FSceneViewport::OnFocusLost() reason 0
[2023.04.24-00.59.04:826][285]LogSlate: FSceneViewport::OnFocusLost() reason 0
[2023.04.24-00.59.31:843][516]LogSlate: FSceneViewport::OnFocusLost() reason 2
[2023.04.24-00.59.34:838][875]LogSlate: FSceneViewport::OnFocusLost() reason 2
[2023.04.24-00.59.34:859][875]LogSlate: FSceneViewport::OnFocusLost() reason 2
[2023.04.24-00.59.36:517][875]LogSlate: Window 'Pick Parent Class' being destroyed
[2023.04.24-00.59.36:524][875]LogSlate: FSceneViewport::OnFocusLost() reason 2
[2023.04.24-00.59.43:735][875]LogSlate: Window 'Create Blank Blueprint Class' being destroyed
[2023.04.24-00.59.46:761][221]LogSlate: FSceneViewport::OnFocusLost() reason 0
[2023.04.24-00.59.56:496][251]LogSlate: Window 'Pick Parent Class' being destroyed
[2023.04.24-01.00.03:887][126]LogAssetEditorManager: Opening Asset editor for Blueprint /Game/Blueprints/Actors/Cannons/BP_Cannon.BP_Cannon
[2023.04.24-01.00.06:130][360]LogRenderer: Reallocating scene render targets to support 1340x712 Format 10 NumSamples 1 (Frame:217).
[2023.04.24-01.00.06:398][392]LogSlate: Window 'BP_Cannon*' being destroyed
[2023.04.24-01.00.06:852][446]LogSlate: Took 0.003364 seconds to synchronously load lazily loaded font '../../../Engine/Content/Slate/Fonts/Roboto-Italic.ttf' (157K)
[2023.04.24-01.01.20:006][964]LogSlate: FSceneViewport::OnFocusLost() reason 2
[2023.04.24-01.01.32:052][356]LogSlate: FSceneViewport::OnFocusLost() reason 2
[2023.04.24-01.01.37:359][988]LogSlate: FSceneViewport::OnFocusLost() reason 0
[2023.04.24-01.01.52:150][455]LogSlate: FSceneViewport::OnFocusLost() reason 0
[2023.04.24-01.01.52:280][455]Cmd: OBJ SAVEPACKAGE PACKAGE="/Game/Blueprints/Actors/Cannons/BP_Cannon" FILE="../../../../../../GameDev/CrystalCavern/Content/Blueprints/Actors/Cannons/BP_Cannon.uasset" SILENT=true
[2023.04.24-01.01.52:291][455]LogSavePackage: Moving '../../../../../../GameDev/CrystalCavern/Saved/BP_Cannon930FA21A416657CB29DC03AA6DAC62E8.tmp' to '../../../../../../GameDev/CrystalCavern/Content/Blueprints/Actors/Cannons/BP_Cannon.uasset'
[2023.04.24-01.01.52:882][526]BlueprintLog: New page: Compile BP_Cannon
[2023.04.24-01.01.58:484][184]Cmd: DELETE
[2023.04.24-01.01.58:484][184]Cmd: ACTOR DELETE
[2023.04.24-01.01.58:497][184]LogEditorActor: Deleted Actor: StaticMeshActor
[2023.04.24-01.01.58:498][184]LogEditorActor: Deleted Actor: StaticMeshActor
[2023.04.24-01.01.58:517][184]LogEditorActor: Deleted 2 Actors (0.033 secs)
[2023.04.24-01.01.59:778][335]LogEditorViewport: Clicking on Actor (LMB): StaticMeshActor (Cannon_Base)
[2023.04.24-01.02.00:525][421]LogEditorViewport: Clicking on Actor (LMB): StaticMeshActor (Cannon_Base)
[2023.04.24-01.02.01:120][491]LogEditorViewport: Clicking on Actor (LMB): StaticMeshActor (Cannon)
[2023.04.24-01.02.01:576][542]LogEditorViewport: Clicking on Actor (LMB): StaticMeshActor (Cannon)
[2023.04.24-01.02.01:827][571]Cmd: DELETE
[2023.04.24-01.02.01:827][571]Cmd: ACTOR DELETE
[2023.04.24-01.02.01:828][571]LogEditorActor: Deleted Actor: StaticMeshActor
[2023.04.24-01.02.01:847][571]LogEditorActor: Deleted 1 Actors (0.020 secs)
[2023.04.24-01.02.02:277][623]LogEditorViewport: Clicking on Actor (LMB): StaticMeshActor (Cannon_Base)
[2023.04.24-01.02.02:314][624]Cmd: DELETE
[2023.04.24-01.02.02:314][624]Cmd: ACTOR DELETE
[2023.04.24-01.02.02:316][624]LogEditorActor: Deleted Actor: StaticMeshActor
[2023.04.24-01.02.02:335][624]LogEditorActor: Deleted 1 Actors (0.020 secs)
[2023.04.24-01.02.04:605][896]LogSlate: FSceneViewport::OnFocusLost() reason 0
[2023.04.24-01.02.17:312][389]Cmd: DUPLICATE
[2023.04.24-01.02.17:312][389]Cmd: ACTOR DUPLICATE
[2023.04.24-01.02.24:041][954]LogSlate: FSceneViewport::OnFocusLost() reason 0
[2023.04.24-01.02.31:450][833]LogSlate: FSceneViewport::OnFocusLost() reason 0
[2023.04.24-01.02.41:570][ 35]LogEditorViewport: Clicking on Actor (LMB): BP_Crystal_C (BP_Crystal3)
[2023.04.24-01.02.42:471][141]LogEditorViewport: Clicking on Actor (LMB): BP_Cannon_C (BP_Cannon)
[2023.04.24-01.02.44:105][335]Cmd: DUPLICATE
[2023.04.24-01.02.44:105][335]Cmd: ACTOR DUPLICATE
[2023.04.24-01.03.05:336][862]LogEditorViewport: Clicking on Actor (LMB): BP_Cannon_C (BP_Cannon2)
[2023.04.24-01.03.06:805][ 36]Cmd: DUPLICATE
[2023.04.24-01.03.06:805][ 36]Cmd: ACTOR DUPLICATE
[2023.04.24-01.03.40:786][ 91]LogSlate: FSceneViewport::OnFocusLost() reason 0
[2023.04.24-01.03.40:888][102]Cmd: OBJ SAVEPACKAGE PACKAGE="/Game/Levels/Level1" FILE="../../../../../../GameDev/CrystalCavern/Content/Levels/Level1.umap" SILENT=true AUTOSAVING=false KEEPDIRTY=false
[2023.04.24-01.03.41:010][102]LogSavePackage: Moving '../../../../../../GameDev/CrystalCavern/Saved/Level1D97FBCDC464DC0CAE89DFB8617574571.tmp' to '../../../../../../GameDev/CrystalCavern/Content/Levels/Level1.umap'
[2023.04.24-01.03.41:023][102]Cmd: OBJ SAVEPACKAGE PACKAGE="/Game/Levels/Level1_BuiltData" FILE="../../../../../../GameDev/CrystalCavern/Content/Levels/Level1_BuiltData.uasset" SILENT=true
[2023.04.24-01.03.41:035][102]LogSavePackage: Moving '../../../../../../GameDev/CrystalCavern/Saved/Level1_BuiltDataB3B3D1DA482BCAEC73658BA1A1D6BCDD.tmp' to '../../../../../../GameDev/CrystalCavern/Content/Levels/Level1_BuiltData.uasset'
